[0.057s] Invoking command in '/home/jn403l/Documents/ros2-sandbox/build/bumperbot_description': CMAKE_PREFIX_PATH=${CMAKE_PREFIX_PATH}:/opt/ros/jazzy DEBUGINFOD_URLS=https://debuginfod.ubuntu.com /usr/bin/cmake --build /home/jn403l/Documents/ros2-sandbox/build/bumperbot_description -- -j4 -l4
[0.128s] -- Found ament_cmake: 2.5.4 (/opt/ros/jazzy/share/ament_cmake/cmake)
[0.632s] -- Found ament_lint_auto: 0.17.3 (/opt/ros/jazzy/share/ament_lint_auto/cmake)
[0.908s] -- Added test 'lint_cmake' to check CMake code style
[0.914s] -- Added test 'xmllint' to check XML markup files
[0.919s] -- Configuring done (0.8s)
[0.933s] -- Generating done (0.0s)
[0.937s] -- Build files have been written to: /home/jn403l/Documents/ros2-sandbox/build/bumperbot_description
[0.995s] Invoked command in '/home/jn403l/Documents/ros2-sandbox/build/bumperbot_description' returned '0': CMAKE_PREFIX_PATH=${CMAKE_PREFIX_PATH}:/opt/ros/jazzy DEBUGINFOD_URLS=https://debuginfod.ubuntu.com /usr/bin/cmake --build /home/jn403l/Documents/ros2-sandbox/build/bumperbot_description -- -j4 -l4
[0.996s] Invoking command in '/home/jn403l/Documents/ros2-sandbox/build/bumperbot_description': CMAKE_PREFIX_PATH=${CMAKE_PREFIX_PATH}:/opt/ros/jazzy DEBUGINFOD_URLS=https://debuginfod.ubuntu.com /usr/bin/cmake --install /home/jn403l/Documents/ros2-sandbox/build/bumperbot_description
[1.017s] -- Install configuration: ""
[1.017s] -- Installing: /home/jn403l/Documents/ros2-sandbox/install/bumperbot_description/share/bumperbot_description/meshes
[1.018s] -- Installing: /home/jn403l/Documents/ros2-sandbox/install/bumperbot_description/share/bumperbot_description/meshes/imu_link.STL
[1.018s] -- Installing: /home/jn403l/Documents/ros2-sandbox/install/bumperbot_description/share/bumperbot_description/meshes/wheel_left_link.STL
[1.019s] -- Installing: /home/jn403l/Documents/ros2-sandbox/install/bumperbot_description/share/bumperbot_description/meshes/caster_rear_link.STL
[1.020s] -- Installing: /home/jn403l/Documents/ros2-sandbox/install/bumperbot_description/share/bumperbot_description/meshes/wheel_right_link.STL
[1.023s] -- Installing: /home/jn403l/Documents/ros2-sandbox/install/bumperbot_description/share/bumperbot_description/meshes/caster_front_link.STL
[1.023s] -- Installing: /home/jn403l/Documents/ros2-sandbox/install/bumperbot_description/share/bumperbot_description/meshes/base_link.STL
[1.045s] -- Installing: /home/jn403l/Documents/ros2-sandbox/install/bumperbot_description/share/bumperbot_description/urdf
[1.045s] -- Installing: /home/jn403l/Documents/ros2-sandbox/install/bumperbot_description/share/bumperbot_description/urdf/bumperbot.urdf.xacro
[1.046s] -- Installing: /home/jn403l/Documents/ros2-sandbox/install/bumperbot_description/share/bumperbot_description/urdf/bumperbot.urdf.xacro~
[1.046s] -- Up-to-date: /home/jn403l/Documents/ros2-sandbox/install/bumperbot_description/share/ament_index/resource_index/package_run_dependencies/bumperbot_description
[1.047s] -- Up-to-date: /home/jn403l/Documents/ros2-sandbox/install/bumperbot_description/share/ament_index/resource_index/parent_prefix_path/bumperbot_description
[1.047s] -- Up-to-date: /home/jn403l/Documents/ros2-sandbox/install/bumperbot_description/share/bumperbot_description/environment/ament_prefix_path.sh
[1.047s] -- Up-to-date: /home/jn403l/Documents/ros2-sandbox/install/bumperbot_description/share/bumperbot_description/environment/ament_prefix_path.dsv
[1.047s] -- Up-to-date: /home/jn403l/Documents/ros2-sandbox/install/bumperbot_description/share/bumperbot_description/environment/path.sh
[1.048s] -- Up-to-date: /home/jn403l/Documents/ros2-sandbox/install/bumperbot_description/share/bumperbot_description/environment/path.dsv
[1.048s] -- Up-to-date: /home/jn403l/Documents/ros2-sandbox/install/bumperbot_description/share/bumperbot_description/local_setup.bash
[1.048s] -- Up-to-date: /home/jn403l/Documents/ros2-sandbox/install/bumperbot_description/share/bumperbot_description/local_setup.sh
[1.048s] -- Up-to-date: /home/jn403l/Documents/ros2-sandbox/install/bumperbot_description/share/bumperbot_description/local_setup.zsh
[1.048s] -- Up-to-date: /home/jn403l/Documents/ros2-sandbox/install/bumperbot_description/share/bumperbot_description/local_setup.dsv
[1.049s] -- Up-to-date: /home/jn403l/Documents/ros2-sandbox/install/bumperbot_description/share/bumperbot_description/package.dsv
[1.049s] -- Up-to-date: /home/jn403l/Documents/ros2-sandbox/install/bumperbot_description/share/ament_index/resource_index/packages/bumperbot_description
[1.049s] -- Up-to-date: /home/jn403l/Documents/ros2-sandbox/install/bumperbot_description/share/bumperbot_description/cmake/bumperbot_descriptionConfig.cmake
[1.050s] -- Up-to-date: /home/jn403l/Documents/ros2-sandbox/install/bumperbot_description/share/bumperbot_description/cmake/bumperbot_descriptionConfig-version.cmake
[1.051s] -- Up-to-date: /home/jn403l/Documents/ros2-sandbox/install/bumperbot_description/share/bumperbot_description/package.xml
[1.053s] Invoked command in '/home/jn403l/Documents/ros2-sandbox/build/bumperbot_description' returned '0': CMAKE_PREFIX_PATH=${CMAKE_PREFIX_PATH}:/opt/ros/jazzy DEBUGINFOD_URLS=https://debuginfod.ubuntu.com /usr/bin/cmake --install /home/jn403l/Documents/ros2-sandbox/build/bumperbot_description
