[1.802s] Invoking command in '/home/jn403l/Documents/ros2-sandbox/src/bumperbot_py_examples': DEBUGINFOD_URLS=https://debuginfod.ubuntu.com PYTHONPATH=/home/jn403l/Documents/ros2-sandbox/build/bumperbot_py_examples/prefix_override:/usr/lib/python3/dist-packages/colcon_core/task/python/colcon_distutils_commands:/home/jn403l/Documents/ros2-sandbox/install/bumperbot_py_examples/lib/python3.12/site-packages:${PYTHONPATH} /usr/bin/python3 -W ignore:setup.py install is deprecated -W ignore:easy_install command is deprecated setup.py egg_info --egg-base ../../build/bumperbot_py_examples build --build-base /home/jn403l/Documents/ros2-sandbox/build/bumperbot_py_examples/build install --record /home/jn403l/Documents/ros2-sandbox/build/bumperbot_py_examples/install.log --single-version-externally-managed install_data
[2.248s] running egg_info
[2.248s] creating ../../build/bumperbot_py_examples/bumperbot_py_examples.egg-info
[2.281s] writing ../../build/bumperbot_py_examples/bumperbot_py_examples.egg-info/PKG-INFO
[2.281s] writing dependency_links to ../../build/bumperbot_py_examples/bumperbot_py_examples.egg-info/dependency_links.txt
[2.281s] writing requirements to ../../build/bumperbot_py_examples/bumperbot_py_examples.egg-info/requires.txt
[2.282s] writing top-level names to ../../build/bumperbot_py_examples/bumperbot_py_examples.egg-info/top_level.txt
[2.282s] writing manifest file '../../build/bumperbot_py_examples/bumperbot_py_examples.egg-info/SOURCES.txt'
[2.351s] reading manifest file '../../build/bumperbot_py_examples/bumperbot_py_examples.egg-info/SOURCES.txt'
[2.352s] writing manifest file '../../build/bumperbot_py_examples/bumperbot_py_examples.egg-info/SOURCES.txt'
[2.353s] running build
[2.353s] running build_py
[2.353s] creating /home/jn403l/Documents/ros2-sandbox/build/bumperbot_py_examples/build
[2.354s] creating /home/jn403l/Documents/ros2-sandbox/build/bumperbot_py_examples/build/lib
[2.354s] creating /home/jn403l/Documents/ros2-sandbox/build/bumperbot_py_examples/build/lib/bumperbot_py_examples
[2.354s] copying bumperbot_py_examples/__init__.py -> /home/jn403l/Documents/ros2-sandbox/build/bumperbot_py_examples/build/lib/bumperbot_py_examples
[2.354s] running install
[2.366s] running install_lib
[2.418s] creating /home/jn403l/Documents/ros2-sandbox/install/bumperbot_py_examples/lib/python3.12/site-packages/bumperbot_py_examples
[2.419s] copying /home/jn403l/Documents/ros2-sandbox/build/bumperbot_py_examples/build/lib/bumperbot_py_examples/__init__.py -> /home/jn403l/Documents/ros2-sandbox/install/bumperbot_py_examples/lib/python3.12/site-packages/bumperbot_py_examples
[2.419s] byte-compiling /home/jn403l/Documents/ros2-sandbox/install/bumperbot_py_examples/lib/python3.12/site-packages/bumperbot_py_examples/__init__.py to __init__.cpython-312.pyc
[2.419s] running install_data
[2.420s] creating /home/jn403l/Documents/ros2-sandbox/install/bumperbot_py_examples/share/ament_index
[2.420s] creating /home/jn403l/Documents/ros2-sandbox/install/bumperbot_py_examples/share/ament_index/resource_index
[2.420s] creating /home/jn403l/Documents/ros2-sandbox/install/bumperbot_py_examples/share/ament_index/resource_index/packages
[2.421s] copying resource/bumperbot_py_examples -> /home/jn403l/Documents/ros2-sandbox/install/bumperbot_py_examples/share/ament_index/resource_index/packages
[2.421s] copying package.xml -> /home/jn403l/Documents/ros2-sandbox/install/bumperbot_py_examples/share/bumperbot_py_examples
[2.421s] running install_egg_info
[2.468s] Copying ../../build/bumperbot_py_examples/bumperbot_py_examples.egg-info to /home/jn403l/Documents/ros2-sandbox/install/bumperbot_py_examples/lib/python3.12/site-packages/bumperbot_py_examples-0.0.0-py3.12.egg-info
[2.470s] running install_scripts
[2.830s] writing list of installed files to '/home/jn403l/Documents/ros2-sandbox/build/bumperbot_py_examples/install.log'
[2.902s] Invoked command in '/home/jn403l/Documents/ros2-sandbox/src/bumperbot_py_examples' returned '0': DEBUGINFOD_URLS=https://debuginfod.ubuntu.com PYTHONPATH=/home/jn403l/Documents/ros2-sandbox/build/bumperbot_py_examples/prefix_override:/usr/lib/python3/dist-packages/colcon_core/task/python/colcon_distutils_commands:/home/jn403l/Documents/ros2-sandbox/install/bumperbot_py_examples/lib/python3.12/site-packages:${PYTHONPATH} /usr/bin/python3 -W ignore:setup.py install is deprecated -W ignore:easy_install command is deprecated setup.py egg_info --egg-base ../../build/bumperbot_py_examples build --build-base /home/jn403l/Documents/ros2-sandbox/build/bumperbot_py_examples/build install --record /home/jn403l/Documents/ros2-sandbox/build/bumperbot_py_examples/install.log --single-version-externally-managed install_data
