[0.055s] Invoking command in '/home/jn403l/Documents/ros2-sandbox/build/bumperbot_description': CMAKE_PREFIX_PATH=${CMAKE_PREFIX_PATH}:/opt/ros/jazzy DEBUGINFOD_URLS=https://debuginfod.ubuntu.com /usr/bin/cmake /home/jn403l/Documents/ros2-sandbox/src/bumperbot_description -DCMAKE_INSTALL_PREFIX=/home/jn403l/Documents/ros2-sandbox/install/bumperbot_description
[0.345s] -- The C compiler identification is GNU 13.3.0
[0.487s] -- The CXX compiler identification is GNU 13.3.0
[0.534s] -- Detecting C compiler ABI info
[0.759s] -- Detecting C compiler ABI info - done
[0.780s] -- Check for working C compiler: /usr/bin/cc - skipped
[0.780s] -- Detecting C compile features
[0.781s] -- Detecting C compile features - done
[0.807s] -- Detecting CXX compiler ABI info
[1.064s] -- Detecting CXX compiler ABI info - done
[1.080s] -- Check for working CXX compiler: /usr/bin/c++ - skipped
[1.080s] -- Detecting CXX compile features
[1.081s] -- Detecting CXX compile features - done
[1.088s] -- Found ament_cmake: 2.5.4 (/opt/ros/jazzy/share/ament_cmake/cmake)
[1.388s] -- Found Python3: /usr/bin/python3 (found version "3.12.3") found components: Interpreter 
[1.620s] -- Found ament_lint_auto: 0.17.3 (/opt/ros/jazzy/share/ament_lint_auto/cmake)
[1.832s] -- Added test 'lint_cmake' to check CMake code style
[1.837s] -- Added test 'xmllint' to check XML markup files
[1.841s] -- Configuring done (1.8s)
[1.847s] -- Generating done (0.0s)
[1.855s] -- Build files have been written to: /home/jn403l/Documents/ros2-sandbox/build/bumperbot_description
[1.863s] Invoked command in '/home/jn403l/Documents/ros2-sandbox/build/bumperbot_description' returned '0': CMAKE_PREFIX_PATH=${CMAKE_PREFIX_PATH}:/opt/ros/jazzy DEBUGINFOD_URLS=https://debuginfod.ubuntu.com /usr/bin/cmake /home/jn403l/Documents/ros2-sandbox/src/bumperbot_description -DCMAKE_INSTALL_PREFIX=/home/jn403l/Documents/ros2-sandbox/install/bumperbot_description
[1.865s] Invoking command in '/home/jn403l/Documents/ros2-sandbox/build/bumperbot_description': CMAKE_PREFIX_PATH=${CMAKE_PREFIX_PATH}:/opt/ros/jazzy DEBUGINFOD_URLS=https://debuginfod.ubuntu.com /usr/bin/cmake --build /home/jn403l/Documents/ros2-sandbox/build/bumperbot_description -- -j4 -l4
[1.949s] Invoked command in '/home/jn403l/Documents/ros2-sandbox/build/bumperbot_description' returned '0': CMAKE_PREFIX_PATH=${CMAKE_PREFIX_PATH}:/opt/ros/jazzy DEBUGINFOD_URLS=https://debuginfod.ubuntu.com /usr/bin/cmake --build /home/jn403l/Documents/ros2-sandbox/build/bumperbot_description -- -j4 -l4
[1.951s] Invoking command in '/home/jn403l/Documents/ros2-sandbox/build/bumperbot_description': CMAKE_PREFIX_PATH=${CMAKE_PREFIX_PATH}:/opt/ros/jazzy DEBUGINFOD_URLS=https://debuginfod.ubuntu.com /usr/bin/cmake --install /home/jn403l/Documents/ros2-sandbox/build/bumperbot_description
[1.967s] -- Install configuration: ""
[1.968s] -- Installing: /home/jn403l/Documents/ros2-sandbox/install/bumperbot_description/share/ament_index/resource_index/package_run_dependencies/bumperbot_description
[1.968s] -- Installing: /home/jn403l/Documents/ros2-sandbox/install/bumperbot_description/share/ament_index/resource_index/parent_prefix_path/bumperbot_description
[1.969s] -- Installing: /home/jn403l/Documents/ros2-sandbox/install/bumperbot_description/share/bumperbot_description/environment/ament_prefix_path.sh
[1.969s] -- Installing: /home/jn403l/Documents/ros2-sandbox/install/bumperbot_description/share/bumperbot_description/environment/ament_prefix_path.dsv
[1.969s] -- Installing: /home/jn403l/Documents/ros2-sandbox/install/bumperbot_description/share/bumperbot_description/environment/path.sh
[1.970s] -- Installing: /home/jn403l/Documents/ros2-sandbox/install/bumperbot_description/share/bumperbot_description/environment/path.dsv
[1.970s] -- Installing: /home/jn403l/Documents/ros2-sandbox/install/bumperbot_description/share/bumperbot_description/local_setup.bash
[1.971s] -- Installing: /home/jn403l/Documents/ros2-sandbox/install/bumperbot_description/share/bumperbot_description/local_setup.sh
[1.971s] -- Installing: /home/jn403l/Documents/ros2-sandbox/install/bumperbot_description/share/bumperbot_description/local_setup.zsh
[1.971s] -- Installing: /home/jn403l/Documents/ros2-sandbox/install/bumperbot_description/share/bumperbot_description/local_setup.dsv
[1.972s] -- Installing: /home/jn403l/Documents/ros2-sandbox/install/bumperbot_description/share/bumperbot_description/package.dsv
[1.972s] -- Installing: /home/jn403l/Documents/ros2-sandbox/install/bumperbot_description/share/ament_index/resource_index/packages/bumperbot_description
[1.973s] -- Installing: /home/jn403l/Documents/ros2-sandbox/install/bumperbot_description/share/bumperbot_description/cmake/bumperbot_descriptionConfig.cmake
[1.973s] -- Installing: /home/jn403l/Documents/ros2-sandbox/install/bumperbot_description/share/bumperbot_description/cmake/bumperbot_descriptionConfig-version.cmake
[1.973s] -- Installing: /home/jn403l/Documents/ros2-sandbox/install/bumperbot_description/share/bumperbot_description/package.xml
[1.977s] Invoked command in '/home/jn403l/Documents/ros2-sandbox/build/bumperbot_description' returned '0': CMAKE_PREFIX_PATH=${CMAKE_PREFIX_PATH}:/opt/ros/jazzy DEBUGINFOD_URLS=https://debuginfod.ubuntu.com /usr/bin/cmake --install /home/jn403l/Documents/ros2-sandbox/build/bumperbot_description
