[0.043s] Invoking command in '/home/jn403l/Documents/ros2-odometry-control/build/bumperbot_description': CMAKE_PREFIX_PATH=${CMAKE_PREFIX_PATH}:/opt/ros/jazzy DEBUGINFOD_URLS=https://debuginfod.ubuntu.com /usr/bin/cmake /home/jn403l/Documents/ros2-odometry-control/src/bumperbot_description -DCMAKE_INSTALL_PREFIX=/home/jn403l/Documents/ros2-odometry-control/install/bumperbot_description
[0.339s] -- The C compiler identification is GNU 13.3.0
[0.507s] -- The CXX compiler identification is GNU 13.3.0
[0.551s] -- Detecting C compiler ABI info
[0.821s] -- Detecting C compiler ABI info - done
[0.853s] -- Check for working C compiler: /usr/bin/cc - skipped
[0.854s] -- Detecting C compile features
[0.855s] -- Detecting C compile features - done
[0.876s] -- Detecting CXX compiler ABI info
[1.159s] -- Detecting CXX compiler ABI info - done
[1.187s] -- Check for working CXX compiler: /usr/bin/c++ - skipped
[1.190s] -- Detecting CXX compile features
[1.192s] -- Detecting CXX compile features - done
[1.206s] -- Found ament_cmake: 2.5.4 (/opt/ros/jazzy/share/ament_cmake/cmake)
[1.558s] -- Found Python3: /usr/bin/python3 (found version "3.12.3") found components: Interpreter 
[1.863s] -- Found ament_lint_auto: 0.17.3 (/opt/ros/jazzy/share/ament_lint_auto/cmake)
[2.175s] -- Added test 'lint_cmake' to check CMake code style
[2.186s] -- Added test 'xmllint' to check XML markup files
[2.193s] -- Configuring done (2.1s)
[2.209s] -- Generating done (0.0s)
[2.213s] -- Build files have been written to: /home/jn403l/Documents/ros2-odometry-control/build/bumperbot_description
[2.228s] Invoked command in '/home/jn403l/Documents/ros2-odometry-control/build/bumperbot_description' returned '0': CMAKE_PREFIX_PATH=${CMAKE_PREFIX_PATH}:/opt/ros/jazzy DEBUGINFOD_URLS=https://debuginfod.ubuntu.com /usr/bin/cmake /home/jn403l/Documents/ros2-odometry-control/src/bumperbot_description -DCMAKE_INSTALL_PREFIX=/home/jn403l/Documents/ros2-odometry-control/install/bumperbot_description
[2.229s] Invoking command in '/home/jn403l/Documents/ros2-odometry-control/build/bumperbot_description': CMAKE_PREFIX_PATH=${CMAKE_PREFIX_PATH}:/opt/ros/jazzy DEBUGINFOD_URLS=https://debuginfod.ubuntu.com /usr/bin/cmake --build /home/jn403l/Documents/ros2-odometry-control/build/bumperbot_description -- -j4 -l4
[2.340s] Invoked command in '/home/jn403l/Documents/ros2-odometry-control/build/bumperbot_description' returned '0': CMAKE_PREFIX_PATH=${CMAKE_PREFIX_PATH}:/opt/ros/jazzy DEBUGINFOD_URLS=https://debuginfod.ubuntu.com /usr/bin/cmake --build /home/jn403l/Documents/ros2-odometry-control/build/bumperbot_description -- -j4 -l4
[2.366s] Invoking command in '/home/jn403l/Documents/ros2-odometry-control/build/bumperbot_description': CMAKE_PREFIX_PATH=${CMAKE_PREFIX_PATH}:/opt/ros/jazzy DEBUGINFOD_URLS=https://debuginfod.ubuntu.com /usr/bin/cmake --install /home/jn403l/Documents/ros2-odometry-control/build/bumperbot_description
[2.384s] -- Install configuration: ""
[2.384s] -- Installing: /home/jn403l/Documents/ros2-odometry-control/install/bumperbot_description/share/bumperbot_description/meshes
[2.385s] -- Installing: /home/jn403l/Documents/ros2-odometry-control/install/bumperbot_description/share/bumperbot_description/meshes/imu_link.STL
[2.387s] -- Installing: /home/jn403l/Documents/ros2-odometry-control/install/bumperbot_description/share/bumperbot_description/meshes/wheel_left_link.STL
[2.397s] -- Installing: /home/jn403l/Documents/ros2-odometry-control/install/bumperbot_description/share/bumperbot_description/meshes/caster_rear_link.STL
[2.400s] -- Installing: /home/jn403l/Documents/ros2-odometry-control/install/bumperbot_description/share/bumperbot_description/meshes/wheel_right_link.STL
[2.410s] -- Installing: /home/jn403l/Documents/ros2-odometry-control/install/bumperbot_description/share/bumperbot_description/meshes/caster_front_link.STL
[2.413s] -- Installing: /home/jn403l/Documents/ros2-odometry-control/install/bumperbot_description/share/bumperbot_description/meshes/base_link.STL
[2.469s] -- Installing: /home/jn403l/Documents/ros2-odometry-control/install/bumperbot_description/share/bumperbot_description/urdf
[2.469s] -- Installing: /home/jn403l/Documents/ros2-odometry-control/install/bumperbot_description/share/bumperbot_description/urdf/bumperbot.urdf.xacro
[2.470s] -- Installing: /home/jn403l/Documents/ros2-odometry-control/install/bumperbot_description/share/bumperbot_description/urdf/bumperbot.urdf.xacro~
[2.471s] -- Installing: /home/jn403l/Documents/ros2-odometry-control/install/bumperbot_description/share/ament_index/resource_index/package_run_dependencies/bumperbot_description
[2.471s] -- Installing: /home/jn403l/Documents/ros2-odometry-control/install/bumperbot_description/share/ament_index/resource_index/parent_prefix_path/bumperbot_description
[2.471s] -- Installing: /home/jn403l/Documents/ros2-odometry-control/install/bumperbot_description/share/bumperbot_description/environment/ament_prefix_path.sh
[2.472s] -- Installing: /home/jn403l/Documents/ros2-odometry-control/install/bumperbot_description/share/bumperbot_description/environment/ament_prefix_path.dsv
[2.472s] -- Installing: /home/jn403l/Documents/ros2-odometry-control/install/bumperbot_description/share/bumperbot_description/environment/path.sh
[2.472s] -- Installing: /home/jn403l/Documents/ros2-odometry-control/install/bumperbot_description/share/bumperbot_description/environment/path.dsv
[2.473s] -- Installing: /home/jn403l/Documents/ros2-odometry-control/install/bumperbot_description/share/bumperbot_description/local_setup.bash
[2.473s] -- Installing: /home/jn403l/Documents/ros2-odometry-control/install/bumperbot_description/share/bumperbot_description/local_setup.sh
[2.473s] -- Installing: /home/jn403l/Documents/ros2-odometry-control/install/bumperbot_description/share/bumperbot_description/local_setup.zsh
[2.474s] -- Installing: /home/jn403l/Documents/ros2-odometry-control/install/bumperbot_description/share/bumperbot_description/local_setup.dsv
[2.474s] -- Installing: /home/jn403l/Documents/ros2-odometry-control/install/bumperbot_description/share/bumperbot_description/package.dsv
[2.475s] -- Installing: /home/jn403l/Documents/ros2-odometry-control/install/bumperbot_description/share/ament_index/resource_index/packages/bumperbot_description
[2.475s] -- Installing: /home/jn403l/Documents/ros2-odometry-control/install/bumperbot_description/share/bumperbot_description/cmake/bumperbot_descriptionConfig.cmake
[2.475s] -- Installing: /home/jn403l/Documents/ros2-odometry-control/install/bumperbot_description/share/bumperbot_description/cmake/bumperbot_descriptionConfig-version.cmake
[2.476s] -- Installing: /home/jn403l/Documents/ros2-odometry-control/install/bumperbot_description/share/bumperbot_description/package.xml
[2.479s] Invoked command in '/home/jn403l/Documents/ros2-odometry-control/build/bumperbot_description' returned '0': CMAKE_PREFIX_PATH=${CMAKE_PREFIX_PATH}:/opt/ros/jazzy DEBUGINFOD_URLS=https://debuginfod.ubuntu.com /usr/bin/cmake --install /home/jn403l/Documents/ros2-odometry-control/build/bumperbot_description
