[0.151s] DEBUG:colcon:Command line arguments: ['/usr/bin/colcon', 'build']
[0.151s] DEBUG:colcon:Parsed command line arguments: Namespace(log_base=None, log_level=None, verb_name='build', build_base='build', install_base='install', merge_install=False, symlink_install=False, test_result_base=None, continue_on_error=False, executor='parallel', parallel_workers=4, event_handlers=None, ignore_user_meta=False, metas=['./colcon.meta'], base_paths=['.'], packages_ignore=None, packages_ignore_regex=None, paths=None, packages_up_to=None, packages_up_to_regex=None, packages_above=None, packages_above_and_dependencies=None, packages_above_depth=None, packages_select_by_dep=None, packages_skip_by_dep=None, packages_skip_up_to=None, packages_select_build_failed=False, packages_skip_build_finished=False, packages_select_test_failures=False, packages_skip_test_passed=False, packages_select=None, packages_skip=None, packages_select_regex=None, packages_skip_regex=None, packages_start=None, packages_end=None, allow_overriding=[], cmake_args=None, cmake_target=None, cmake_target_skip_unavailable=False, cmake_clean_cache=False, cmake_clean_first=False, cmake_force_configure=False, ament_cmake_args=None, catkin_cmake_args=None, catkin_skip_building_tests=False, mixin_files=None, mixin=None, verb_parser=<colcon_mixin.mixin.mixin_argument.MixinArgumentDecorator object at 0x73cab00a16a0>, verb_extension=<colcon_core.verb.build.BuildVerb object at 0x73cab00a1310>, main=<bound method BuildVerb.main of <colcon_core.verb.build.BuildVerb object at 0x73cab00a1310>>, mixin_verb=('build',))
[0.221s] Level 1:colcon.colcon_core.package_discovery:discover_packages(colcon_meta) check parameters
[0.221s] Level 1:colcon.colcon_core.package_discovery:discover_packages(recursive) check parameters
[0.221s] Level 1:colcon.colcon_core.package_discovery:discover_packages(ignore) check parameters
[0.221s] Level 1:colcon.colcon_core.package_discovery:discover_packages(path) check parameters
[0.221s] Level 1:colcon.colcon_core.package_discovery:discover_packages(colcon_meta) discover
[0.222s] Level 1:colcon.colcon_core.package_discovery:discover_packages(recursive) discover
[0.222s] INFO:colcon.colcon_core.package_discovery:Crawling recursively for packages in '/home/jn403l/Documents/ros2-odometry-control'
[0.222s] Level 1:colcon.colcon_core.package_identification:_identify(.) by extensions ['ignore', 'ignore_ament_install']
[0.222s] Level 1:colcon.colcon_core.package_identification:_identify(.) by extension 'ignore'
[0.222s] Level 1:colcon.colcon_core.package_identification:_identify(.) by extension 'ignore_ament_install'
[0.222s] Level 1:colcon.colcon_core.package_identification:_identify(.) by extensions ['colcon_pkg']
[0.222s] Level 1:colcon.colcon_core.package_identification:_identify(.) by extension 'colcon_pkg'
[0.223s] Level 1:colcon.colcon_core.package_identification:_identify(.) by extensions ['colcon_meta']
[0.223s] Level 1:colcon.colcon_core.package_identification:_identify(.) by extension 'colcon_meta'
[0.223s] Level 1:colcon.colcon_core.package_identification:_identify(.) by extensions ['ros']
[0.223s] Level 1:colcon.colcon_core.package_identification:_identify(.) by extension 'ros'
[0.263s] Level 1:colcon.colcon_core.package_identification:_identify(.) by extensions ['cmake', 'python']
[0.263s] Level 1:colcon.colcon_core.package_identification:_identify(.) by extension 'cmake'
[0.263s] Level 1:colcon.colcon_core.package_identification:_identify(.) by extension 'python'
[0.263s] Level 1:colcon.colcon_core.package_identification:_identify(.) by extensions ['python_setup_py']
[0.263s] Level 1:colcon.colcon_core.package_identification:_identify(.) by extension 'python_setup_py'
[0.263s] Level 1:colcon.colcon_core.package_identification:_identify(build) by extensions ['ignore', 'ignore_ament_install']
[0.263s] Level 1:colcon.colcon_core.package_identification:_identify(build) by extension 'ignore'
[0.263s] Level 1:colcon.colcon_core.package_identification:_identify(build) ignored
[0.264s] Level 1:colcon.colcon_core.package_identification:_identify(install) by extensions ['ignore', 'ignore_ament_install']
[0.264s] Level 1:colcon.colcon_core.package_identification:_identify(install) by extension 'ignore'
[0.264s] Level 1:colcon.colcon_core.package_identification:_identify(install) ignored
[0.264s] Level 1:colcon.colcon_core.package_identification:_identify(log) by extensions ['ignore', 'ignore_ament_install']
[0.264s] Level 1:colcon.colcon_core.package_identification:_identify(log) by extension 'ignore'
[0.264s] Level 1:colcon.colcon_core.package_identification:_identify(log) ignored
[0.264s] Level 1:colcon.colcon_core.package_identification:_identify(src) by extensions ['ignore', 'ignore_ament_install']
[0.264s] Level 1:colcon.colcon_core.package_identification:_identify(src) by extension 'ignore'
[0.264s] Level 1:colcon.colcon_core.package_identification:_identify(src) by extension 'ignore_ament_install'
[0.265s] Level 1:colcon.colcon_core.package_identification:_identify(src) by extensions ['colcon_pkg']
[0.265s] Level 1:colcon.colcon_core.package_identification:_identify(src) by extension 'colcon_pkg'
[0.265s] Level 1:colcon.colcon_core.package_identification:_identify(src) by extensions ['colcon_meta']
[0.265s] Level 1:colcon.colcon_core.package_identification:_identify(src) by extension 'colcon_meta'
[0.265s] Level 1:colcon.colcon_core.package_identification:_identify(src) by extensions ['ros']
[0.265s] Level 1:colcon.colcon_core.package_identification:_identify(src) by extension 'ros'
[0.265s] Level 1:colcon.colcon_core.package_identification:_identify(src) by extensions ['cmake', 'python']
[0.265s] Level 1:colcon.colcon_core.package_identification:_identify(src) by extension 'cmake'
[0.265s] Level 1:colcon.colcon_core.package_identification:_identify(src) by extension 'python'
[0.266s] Level 1:colcon.colcon_core.package_identification:_identify(src) by extensions ['python_setup_py']
[0.266s] Level 1:colcon.colcon_core.package_identification:_identify(src) by extension 'python_setup_py'
[0.266s] Level 1:colcon.colcon_core.package_identification:_identify(src/bumperbot_cpp_examples) by extensions ['ignore', 'ignore_ament_install']
[0.266s] Level 1:colcon.colcon_core.package_identification:_identify(src/bumperbot_cpp_examples) by extension 'ignore'
[0.266s] Level 1:colcon.colcon_core.package_identification:_identify(src/bumperbot_cpp_examples) by extension 'ignore_ament_install'
[0.266s] Level 1:colcon.colcon_core.package_identification:_identify(src/bumperbot_cpp_examples) by extensions ['colcon_pkg']
[0.266s] Level 1:colcon.colcon_core.package_identification:_identify(src/bumperbot_cpp_examples) by extension 'colcon_pkg'
[0.266s] Level 1:colcon.colcon_core.package_identification:_identify(src/bumperbot_cpp_examples) by extensions ['colcon_meta']
[0.266s] Level 1:colcon.colcon_core.package_identification:_identify(src/bumperbot_cpp_examples) by extension 'colcon_meta'
[0.267s] Level 1:colcon.colcon_core.package_identification:_identify(src/bumperbot_cpp_examples) by extensions ['ros']
[0.267s] Level 1:colcon.colcon_core.package_identification:_identify(src/bumperbot_cpp_examples) by extension 'ros'
[0.270s] DEBUG:colcon.colcon_core.package_identification:Package 'src/bumperbot_cpp_examples' with type 'ros.ament_cmake' and name 'bumperbot_cpp_examples'
[0.270s] Level 1:colcon.colcon_core.package_identification:_identify(src/bumperbot_description) by extensions ['ignore', 'ignore_ament_install']
[0.270s] Level 1:colcon.colcon_core.package_identification:_identify(src/bumperbot_description) by extension 'ignore'
[0.270s] Level 1:colcon.colcon_core.package_identification:_identify(src/bumperbot_description) by extension 'ignore_ament_install'
[0.271s] Level 1:colcon.colcon_core.package_identification:_identify(src/bumperbot_description) by extensions ['colcon_pkg']
[0.271s] Level 1:colcon.colcon_core.package_identification:_identify(src/bumperbot_description) by extension 'colcon_pkg'
[0.271s] Level 1:colcon.colcon_core.package_identification:_identify(src/bumperbot_description) by extensions ['colcon_meta']
[0.271s] Level 1:colcon.colcon_core.package_identification:_identify(src/bumperbot_description) by extension 'colcon_meta'
[0.271s] Level 1:colcon.colcon_core.package_identification:_identify(src/bumperbot_description) by extensions ['ros']
[0.271s] Level 1:colcon.colcon_core.package_identification:_identify(src/bumperbot_description) by extension 'ros'
[0.271s] DEBUG:colcon.colcon_core.package_identification:Package 'src/bumperbot_description' with type 'ros.ament_cmake' and name 'bumperbot_description'
[0.272s] Level 1:colcon.colcon_core.package_identification:_identify(src/bumperbot_py_examples) by extensions ['ignore', 'ignore_ament_install']
[0.272s] Level 1:colcon.colcon_core.package_identification:_identify(src/bumperbot_py_examples) by extension 'ignore'
[0.272s] Level 1:colcon.colcon_core.package_identification:_identify(src/bumperbot_py_examples) by extension 'ignore_ament_install'
[0.272s] Level 1:colcon.colcon_core.package_identification:_identify(src/bumperbot_py_examples) by extensions ['colcon_pkg']
[0.272s] Level 1:colcon.colcon_core.package_identification:_identify(src/bumperbot_py_examples) by extension 'colcon_pkg'
[0.272s] Level 1:colcon.colcon_core.package_identification:_identify(src/bumperbot_py_examples) by extensions ['colcon_meta']
[0.272s] Level 1:colcon.colcon_core.package_identification:_identify(src/bumperbot_py_examples) by extension 'colcon_meta'
[0.272s] Level 1:colcon.colcon_core.package_identification:_identify(src/bumperbot_py_examples) by extensions ['ros']
[0.272s] Level 1:colcon.colcon_core.package_identification:_identify(src/bumperbot_py_examples) by extension 'ros'
[0.273s] DEBUG:colcon.colcon_core.package_identification:Package 'src/bumperbot_py_examples' with type 'ros.ament_python' and name 'bumperbot_py_examples'
[0.273s] Level 1:colcon.colcon_core.package_discovery:discover_packages(recursive) using defaults
[0.273s] Level 1:colcon.colcon_core.package_discovery:discover_packages(ignore) discover
[0.273s] Level 1:colcon.colcon_core.package_discovery:discover_packages(ignore) using defaults
[0.273s] Level 1:colcon.colcon_core.package_discovery:discover_packages(path) discover
[0.273s] Level 1:colcon.colcon_core.package_discovery:discover_packages(path) using defaults
[0.297s] Level 1:colcon.colcon_core.package_discovery:discover_packages(prefix_path) check parameters
[0.297s] Level 1:colcon.colcon_core.package_discovery:discover_packages(prefix_path) discover
[0.301s] DEBUG:colcon.colcon_installed_package_information.package_discovery:Found 387 installed packages in /opt/ros/jazzy
[0.303s] Level 1:colcon.colcon_core.package_discovery:discover_packages(prefix_path) using defaults
[0.378s] Level 5:colcon.colcon_core.verb:set package 'bumperbot_cpp_examples' build argument 'cmake_args' from command line to 'None'
[0.378s] Level 5:colcon.colcon_core.verb:set package 'bumperbot_cpp_examples' build argument 'cmake_target' from command line to 'None'
[0.378s] Level 5:colcon.colcon_core.verb:set package 'bumperbot_cpp_examples' build argument 'cmake_target_skip_unavailable' from command line to 'False'
[0.378s] Level 5:colcon.colcon_core.verb:set package 'bumperbot_cpp_examples' build argument 'cmake_clean_cache' from command line to 'False'
[0.378s] Level 5:colcon.colcon_core.verb:set package 'bumperbot_cpp_examples' build argument 'cmake_clean_first' from command line to 'False'
[0.378s] Level 5:colcon.colcon_core.verb:set package 'bumperbot_cpp_examples' build argument 'cmake_force_configure' from command line to 'False'
[0.378s] Level 5:colcon.colcon_core.verb:set package 'bumperbot_cpp_examples' build argument 'ament_cmake_args' from command line to 'None'
[0.378s] Level 5:colcon.colcon_core.verb:set package 'bumperbot_cpp_examples' build argument 'catkin_cmake_args' from command line to 'None'
[0.378s] Level 5:colcon.colcon_core.verb:set package 'bumperbot_cpp_examples' build argument 'catkin_skip_building_tests' from command line to 'False'
[0.378s] DEBUG:colcon.colcon_core.verb:Building package 'bumperbot_cpp_examples' with the following arguments: {'ament_cmake_args': None, 'build_base': '/home/jn403l/Documents/ros2-odometry-control/build/bumperbot_cpp_examples', 'catkin_cmake_args': None, 'catkin_skip_building_tests': False, 'cmake_args': None, 'cmake_clean_cache': False, 'cmake_clean_first': False, 'cmake_force_configure': False, 'cmake_target': None, 'cmake_target_skip_unavailable': False, 'install_base': '/home/jn403l/Documents/ros2-odometry-control/install/bumperbot_cpp_examples', 'merge_install': False, 'path': '/home/jn403l/Documents/ros2-odometry-control/src/bumperbot_cpp_examples', 'symlink_install': False, 'test_result_base': None}
[0.379s] Level 5:colcon.colcon_core.verb:set package 'bumperbot_description' build argument 'cmake_args' from command line to 'None'
[0.379s] Level 5:colcon.colcon_core.verb:set package 'bumperbot_description' build argument 'cmake_target' from command line to 'None'
[0.379s] Level 5:colcon.colcon_core.verb:set package 'bumperbot_description' build argument 'cmake_target_skip_unavailable' from command line to 'False'
[0.379s] Level 5:colcon.colcon_core.verb:set package 'bumperbot_description' build argument 'cmake_clean_cache' from command line to 'False'
[0.379s] Level 5:colcon.colcon_core.verb:set package 'bumperbot_description' build argument 'cmake_clean_first' from command line to 'False'
[0.379s] Level 5:colcon.colcon_core.verb:set package 'bumperbot_description' build argument 'cmake_force_configure' from command line to 'False'
[0.379s] Level 5:colcon.colcon_core.verb:set package 'bumperbot_description' build argument 'ament_cmake_args' from command line to 'None'
[0.379s] Level 5:colcon.colcon_core.verb:set package 'bumperbot_description' build argument 'catkin_cmake_args' from command line to 'None'
[0.379s] Level 5:colcon.colcon_core.verb:set package 'bumperbot_description' build argument 'catkin_skip_building_tests' from command line to 'False'
[0.379s] DEBUG:colcon.colcon_core.verb:Building package 'bumperbot_description' with the following arguments: {'ament_cmake_args': None, 'build_base': '/home/jn403l/Documents/ros2-odometry-control/build/bumperbot_description', 'catkin_cmake_args': None, 'catkin_skip_building_tests': False, 'cmake_args': None, 'cmake_clean_cache': False, 'cmake_clean_first': False, 'cmake_force_configure': False, 'cmake_target': None, 'cmake_target_skip_unavailable': False, 'install_base': '/home/jn403l/Documents/ros2-odometry-control/install/bumperbot_description', 'merge_install': False, 'path': '/home/jn403l/Documents/ros2-odometry-control/src/bumperbot_description', 'symlink_install': False, 'test_result_base': None}
[0.379s] Level 5:colcon.colcon_core.verb:set package 'bumperbot_py_examples' build argument 'cmake_args' from command line to 'None'
[0.379s] Level 5:colcon.colcon_core.verb:set package 'bumperbot_py_examples' build argument 'cmake_target' from command line to 'None'
[0.379s] Level 5:colcon.colcon_core.verb:set package 'bumperbot_py_examples' build argument 'cmake_target_skip_unavailable' from command line to 'False'
[0.379s] Level 5:colcon.colcon_core.verb:set package 'bumperbot_py_examples' build argument 'cmake_clean_cache' from command line to 'False'
[0.379s] Level 5:colcon.colcon_core.verb:set package 'bumperbot_py_examples' build argument 'cmake_clean_first' from command line to 'False'
[0.379s] Level 5:colcon.colcon_core.verb:set package 'bumperbot_py_examples' build argument 'cmake_force_configure' from command line to 'False'
[0.379s] Level 5:colcon.colcon_core.verb:set package 'bumperbot_py_examples' build argument 'ament_cmake_args' from command line to 'None'
[0.379s] Level 5:colcon.colcon_core.verb:set package 'bumperbot_py_examples' build argument 'catkin_cmake_args' from command line to 'None'
[0.380s] Level 5:colcon.colcon_core.verb:set package 'bumperbot_py_examples' build argument 'catkin_skip_building_tests' from command line to 'False'
[0.380s] DEBUG:colcon.colcon_core.verb:Building package 'bumperbot_py_examples' with the following arguments: {'ament_cmake_args': None, 'build_base': '/home/jn403l/Documents/ros2-odometry-control/build/bumperbot_py_examples', 'catkin_cmake_args': None, 'catkin_skip_building_tests': False, 'cmake_args': None, 'cmake_clean_cache': False, 'cmake_clean_first': False, 'cmake_force_configure': False, 'cmake_target': None, 'cmake_target_skip_unavailable': False, 'install_base': '/home/jn403l/Documents/ros2-odometry-control/install/bumperbot_py_examples', 'merge_install': False, 'path': '/home/jn403l/Documents/ros2-odometry-control/src/bumperbot_py_examples', 'symlink_install': False, 'test_result_base': None}
[0.380s] INFO:colcon.colcon_core.executor:Executing jobs using 'parallel' executor
[0.381s] DEBUG:colcon.colcon_parallel_executor.executor.parallel:run_until_complete
[0.381s] INFO:colcon.colcon_ros.task.ament_cmake.build:Building ROS package in '/home/jn403l/Documents/ros2-odometry-control/src/bumperbot_cpp_examples' with build type 'ament_cmake'
[0.381s] INFO:colcon.colcon_cmake.task.cmake.build:Building CMake package in '/home/jn403l/Documents/ros2-odometry-control/src/bumperbot_cpp_examples'
[0.386s] INFO:colcon.colcon_core.plugin_system:Skipping extension 'colcon_core.shell.bat': Not used on non-Windows systems
[0.386s] INFO:colcon.colcon_core.shell:Skip shell extension 'powershell' for command environment: Not usable outside of PowerShell
[0.386s] DEBUG:colcon.colcon_core.shell:Skip shell extension 'dsv' for command environment
[0.395s] INFO:colcon.colcon_ros.task.ament_cmake.build:Building ROS package in '/home/jn403l/Documents/ros2-odometry-control/src/bumperbot_description' with build type 'ament_cmake'
[0.396s] INFO:colcon.colcon_cmake.task.cmake.build:Building CMake package in '/home/jn403l/Documents/ros2-odometry-control/src/bumperbot_description'
[0.398s] INFO:colcon.colcon_core.shell:Skip shell extension 'powershell' for command environment: Not usable outside of PowerShell
[0.398s] DEBUG:colcon.colcon_core.shell:Skip shell extension 'dsv' for command environment
[0.407s] INFO:colcon.colcon_ros.task.ament_python.build:Building ROS package in '/home/jn403l/Documents/ros2-odometry-control/src/bumperbot_py_examples' with build type 'ament_python'
[0.407s] Level 1:colcon.colcon_core.shell:create_environment_hook('bumperbot_py_examples', 'ament_prefix_path')
[0.408s] INFO:colcon.colcon_core.shell:Creating environment hook '/home/jn403l/Documents/ros2-odometry-control/install/bumperbot_py_examples/share/bumperbot_py_examples/hook/ament_prefix_path.ps1'
[0.410s] INFO:colcon.colcon_core.shell:Creating environment descriptor '/home/jn403l/Documents/ros2-odometry-control/install/bumperbot_py_examples/share/bumperbot_py_examples/hook/ament_prefix_path.dsv'
[0.412s] INFO:colcon.colcon_core.shell:Creating environment hook '/home/jn403l/Documents/ros2-odometry-control/install/bumperbot_py_examples/share/bumperbot_py_examples/hook/ament_prefix_path.sh'
[0.413s] INFO:colcon.colcon_core.shell:Skip shell extension 'powershell' for command environment: Not usable outside of PowerShell
[0.413s] DEBUG:colcon.colcon_core.shell:Skip shell extension 'dsv' for command environment
[0.431s] DEBUG:colcon.colcon_core.event_handler.log_command:Invoking command in '/home/jn403l/Documents/ros2-odometry-control/build/bumperbot_cpp_examples': CMAKE_PREFIX_PATH=${CMAKE_PREFIX_PATH}:/opt/ros/jazzy DEBUGINFOD_URLS=https://debuginfod.ubuntu.com /usr/bin/cmake /home/jn403l/Documents/ros2-odometry-control/src/bumperbot_cpp_examples -DCMAKE_INSTALL_PREFIX=/home/jn403l/Documents/ros2-odometry-control/install/bumperbot_cpp_examples
[0.441s] DEBUG:colcon.colcon_core.event_handler.log_command:Invoking command in '/home/jn403l/Documents/ros2-odometry-control/build/bumperbot_description': CMAKE_PREFIX_PATH=${CMAKE_PREFIX_PATH}:/opt/ros/jazzy DEBUGINFOD_URLS=https://debuginfod.ubuntu.com /usr/bin/cmake /home/jn403l/Documents/ros2-odometry-control/src/bumperbot_description -DCMAKE_INSTALL_PREFIX=/home/jn403l/Documents/ros2-odometry-control/install/bumperbot_description
[1.089s] INFO:colcon.colcon_core.task.python.build:Building Python package in '/home/jn403l/Documents/ros2-odometry-control/src/bumperbot_py_examples'
[1.090s] INFO:colcon.colcon_core.shell:Skip shell extension 'powershell' for command environment: Not usable outside of PowerShell
[1.090s] DEBUG:colcon.colcon_core.shell:Skip shell extension 'dsv' for command environment
[2.627s] DEBUG:colcon.colcon_core.event_handler.log_command:Invoked command in '/home/jn403l/Documents/ros2-odometry-control/build/bumperbot_description' returned '0': CMAKE_PREFIX_PATH=${CMAKE_PREFIX_PATH}:/opt/ros/jazzy DEBUGINFOD_URLS=https://debuginfod.ubuntu.com /usr/bin/cmake /home/jn403l/Documents/ros2-odometry-control/src/bumperbot_description -DCMAKE_INSTALL_PREFIX=/home/jn403l/Documents/ros2-odometry-control/install/bumperbot_description
[2.628s] DEBUG:colcon.colcon_core.event_handler.log_command:Invoking command in '/home/jn403l/Documents/ros2-odometry-control/build/bumperbot_description': CMAKE_PREFIX_PATH=${CMAKE_PREFIX_PATH}:/opt/ros/jazzy DEBUGINFOD_URLS=https://debuginfod.ubuntu.com /usr/bin/cmake --build /home/jn403l/Documents/ros2-odometry-control/build/bumperbot_description -- -j4 -l4
[2.738s] DEBUG:colcon.colcon_core.event_handler.log_command:Invoked command in '/home/jn403l/Documents/ros2-odometry-control/build/bumperbot_description' returned '0': CMAKE_PREFIX_PATH=${CMAKE_PREFIX_PATH}:/opt/ros/jazzy DEBUGINFOD_URLS=https://debuginfod.ubuntu.com /usr/bin/cmake --build /home/jn403l/Documents/ros2-odometry-control/build/bumperbot_description -- -j4 -l4
[2.765s] DEBUG:colcon.colcon_core.event_handler.log_command:Invoking command in '/home/jn403l/Documents/ros2-odometry-control/build/bumperbot_description': CMAKE_PREFIX_PATH=${CMAKE_PREFIX_PATH}:/opt/ros/jazzy DEBUGINFOD_URLS=https://debuginfod.ubuntu.com /usr/bin/cmake --install /home/jn403l/Documents/ros2-odometry-control/build/bumperbot_description
[2.876s] Level 1:colcon.colcon_core.environment:create_environment_scripts_only(bumperbot_description)
[2.877s] DEBUG:colcon.colcon_core.event_handler.log_command:Invoked command in '/home/jn403l/Documents/ros2-odometry-control/build/bumperbot_description' returned '0': CMAKE_PREFIX_PATH=${CMAKE_PREFIX_PATH}:/opt/ros/jazzy DEBUGINFOD_URLS=https://debuginfod.ubuntu.com /usr/bin/cmake --install /home/jn403l/Documents/ros2-odometry-control/build/bumperbot_description
[2.881s] Level 1:colcon.colcon_core.environment:checking '/home/jn403l/Documents/ros2-odometry-control/install/bumperbot_description' for CMake module files
[2.881s] Level 1:colcon.colcon_core.environment:checking '/home/jn403l/Documents/ros2-odometry-control/install/bumperbot_description' for CMake config files
[2.882s] Level 1:colcon.colcon_core.shell:create_environment_hook('bumperbot_description', 'cmake_prefix_path')
[2.882s] INFO:colcon.colcon_core.shell:Creating environment hook '/home/jn403l/Documents/ros2-odometry-control/install/bumperbot_description/share/bumperbot_description/hook/cmake_prefix_path.ps1'
[2.883s] INFO:colcon.colcon_core.shell:Creating environment descriptor '/home/jn403l/Documents/ros2-odometry-control/install/bumperbot_description/share/bumperbot_description/hook/cmake_prefix_path.dsv'
[2.883s] INFO:colcon.colcon_core.shell:Creating environment hook '/home/jn403l/Documents/ros2-odometry-control/install/bumperbot_description/share/bumperbot_description/hook/cmake_prefix_path.sh'
[2.885s] Level 1:colcon.colcon_core.environment:checking '/home/jn403l/Documents/ros2-odometry-control/install/bumperbot_description/bin'
[2.885s] Level 1:colcon.colcon_core.environment:checking '/home/jn403l/Documents/ros2-odometry-control/install/bumperbot_description/lib/pkgconfig/bumperbot_description.pc'
[2.886s] Level 1:colcon.colcon_core.environment:checking '/home/jn403l/Documents/ros2-odometry-control/install/bumperbot_description/lib/python3.12/site-packages'
[2.886s] Level 1:colcon.colcon_core.environment:checking '/home/jn403l/Documents/ros2-odometry-control/install/bumperbot_description/bin'
[2.887s] INFO:colcon.colcon_core.shell:Creating package script '/home/jn403l/Documents/ros2-odometry-control/install/bumperbot_description/share/bumperbot_description/package.ps1'
[2.888s] INFO:colcon.colcon_core.shell:Creating package descriptor '/home/jn403l/Documents/ros2-odometry-control/install/bumperbot_description/share/bumperbot_description/package.dsv'
[2.890s] INFO:colcon.colcon_core.shell:Creating package script '/home/jn403l/Documents/ros2-odometry-control/install/bumperbot_description/share/bumperbot_description/package.sh'
[2.892s] INFO:colcon.colcon_core.shell:Creating package script '/home/jn403l/Documents/ros2-odometry-control/install/bumperbot_description/share/bumperbot_description/package.bash'
[2.893s] INFO:colcon.colcon_core.shell:Creating package script '/home/jn403l/Documents/ros2-odometry-control/install/bumperbot_description/share/bumperbot_description/package.zsh'
[2.895s] Level 1:colcon.colcon_core.environment:create_file_with_runtime_dependencies(/home/jn403l/Documents/ros2-odometry-control/install/bumperbot_description/share/colcon-core/packages/bumperbot_description)
[2.897s] Level 1:colcon.colcon_core.environment:create_environment_scripts_only(bumperbot_description)
[2.897s] Level 1:colcon.colcon_core.environment:checking '/home/jn403l/Documents/ros2-odometry-control/install/bumperbot_description' for CMake module files
[2.899s] Level 1:colcon.colcon_core.environment:checking '/home/jn403l/Documents/ros2-odometry-control/install/bumperbot_description' for CMake config files
[2.899s] Level 1:colcon.colcon_core.shell:create_environment_hook('bumperbot_description', 'cmake_prefix_path')
[2.900s] INFO:colcon.colcon_core.shell:Creating environment hook '/home/jn403l/Documents/ros2-odometry-control/install/bumperbot_description/share/bumperbot_description/hook/cmake_prefix_path.ps1'
[2.901s] INFO:colcon.colcon_core.shell:Creating environment descriptor '/home/jn403l/Documents/ros2-odometry-control/install/bumperbot_description/share/bumperbot_description/hook/cmake_prefix_path.dsv'
[2.902s] INFO:colcon.colcon_core.shell:Creating environment hook '/home/jn403l/Documents/ros2-odometry-control/install/bumperbot_description/share/bumperbot_description/hook/cmake_prefix_path.sh'
[2.903s] Level 1:colcon.colcon_core.environment:checking '/home/jn403l/Documents/ros2-odometry-control/install/bumperbot_description/bin'
[2.903s] Level 1:colcon.colcon_core.environment:checking '/home/jn403l/Documents/ros2-odometry-control/install/bumperbot_description/lib/pkgconfig/bumperbot_description.pc'
[2.904s] Level 1:colcon.colcon_core.environment:checking '/home/jn403l/Documents/ros2-odometry-control/install/bumperbot_description/lib/python3.12/site-packages'
[2.904s] Level 1:colcon.colcon_core.environment:checking '/home/jn403l/Documents/ros2-odometry-control/install/bumperbot_description/bin'
[2.905s] INFO:colcon.colcon_core.shell:Creating package script '/home/jn403l/Documents/ros2-odometry-control/install/bumperbot_description/share/bumperbot_description/package.ps1'
[2.907s] INFO:colcon.colcon_core.shell:Creating package descriptor '/home/jn403l/Documents/ros2-odometry-control/install/bumperbot_description/share/bumperbot_description/package.dsv'
[2.909s] INFO:colcon.colcon_core.shell:Creating package script '/home/jn403l/Documents/ros2-odometry-control/install/bumperbot_description/share/bumperbot_description/package.sh'
[2.911s] INFO:colcon.colcon_core.shell:Creating package script '/home/jn403l/Documents/ros2-odometry-control/install/bumperbot_description/share/bumperbot_description/package.bash'
[2.914s] INFO:colcon.colcon_core.shell:Creating package script '/home/jn403l/Documents/ros2-odometry-control/install/bumperbot_description/share/bumperbot_description/package.zsh'
[2.915s] Level 1:colcon.colcon_core.environment:create_file_with_runtime_dependencies(/home/jn403l/Documents/ros2-odometry-control/install/bumperbot_description/share/colcon-core/packages/bumperbot_description)
[3.240s] DEBUG:colcon.colcon_core.event_handler.log_command:Invoking command in '/home/jn403l/Documents/ros2-odometry-control/src/bumperbot_py_examples': DEBUGINFOD_URLS=https://debuginfod.ubuntu.com PYTHONPATH=/home/jn403l/Documents/ros2-odometry-control/build/bumperbot_py_examples/prefix_override:/usr/lib/python3/dist-packages/colcon_core/task/python/colcon_distutils_commands:/home/jn403l/Documents/ros2-odometry-control/install/bumperbot_py_examples/lib/python3.12/site-packages:${PYTHONPATH} /usr/bin/python3 -W ignore:setup.py install is deprecated -W ignore:easy_install command is deprecated setup.py egg_info --egg-base ../../build/bumperbot_py_examples build --build-base /home/jn403l/Documents/ros2-odometry-control/build/bumperbot_py_examples/build install --record /home/jn403l/Documents/ros2-odometry-control/build/bumperbot_py_examples/install.log --single-version-externally-managed install_data
[3.758s] DEBUG:colcon.colcon_core.event_handler.log_command:Invoked command in '/home/jn403l/Documents/ros2-odometry-control/build/bumperbot_cpp_examples' returned '0': CMAKE_PREFIX_PATH=${CMAKE_PREFIX_PATH}:/opt/ros/jazzy DEBUGINFOD_URLS=https://debuginfod.ubuntu.com /usr/bin/cmake /home/jn403l/Documents/ros2-odometry-control/src/bumperbot_cpp_examples -DCMAKE_INSTALL_PREFIX=/home/jn403l/Documents/ros2-odometry-control/install/bumperbot_cpp_examples
[3.761s] DEBUG:colcon.colcon_core.event_handler.log_command:Invoking command in '/home/jn403l/Documents/ros2-odometry-control/build/bumperbot_cpp_examples': CMAKE_PREFIX_PATH=${CMAKE_PREFIX_PATH}:/opt/ros/jazzy DEBUGINFOD_URLS=https://debuginfod.ubuntu.com /usr/bin/cmake --build /home/jn403l/Documents/ros2-odometry-control/build/bumperbot_cpp_examples -- -j4 -l4
[4.978s] Level 1:colcon.colcon_core.environment:checking '/home/jn403l/Documents/ros2-odometry-control/install/bumperbot_py_examples' for CMake module files
[4.979s] DEBUG:colcon.colcon_core.event_handler.log_command:Invoked command in '/home/jn403l/Documents/ros2-odometry-control/src/bumperbot_py_examples' returned '0': DEBUGINFOD_URLS=https://debuginfod.ubuntu.com PYTHONPATH=/home/jn403l/Documents/ros2-odometry-control/build/bumperbot_py_examples/prefix_override:/usr/lib/python3/dist-packages/colcon_core/task/python/colcon_distutils_commands:/home/jn403l/Documents/ros2-odometry-control/install/bumperbot_py_examples/lib/python3.12/site-packages:${PYTHONPATH} /usr/bin/python3 -W ignore:setup.py install is deprecated -W ignore:easy_install command is deprecated setup.py egg_info --egg-base ../../build/bumperbot_py_examples build --build-base /home/jn403l/Documents/ros2-odometry-control/build/bumperbot_py_examples/build install --record /home/jn403l/Documents/ros2-odometry-control/build/bumperbot_py_examples/install.log --single-version-externally-managed install_data
[4.982s] Level 1:colcon.colcon_core.environment:checking '/home/jn403l/Documents/ros2-odometry-control/install/bumperbot_py_examples' for CMake config files
[4.987s] Level 1:colcon.colcon_core.environment:checking '/home/jn403l/Documents/ros2-odometry-control/install/bumperbot_py_examples/lib'
[4.989s] Level 1:colcon.colcon_core.environment:checking '/home/jn403l/Documents/ros2-odometry-control/install/bumperbot_py_examples/bin'
[4.989s] Level 1:colcon.colcon_core.environment:checking '/home/jn403l/Documents/ros2-odometry-control/install/bumperbot_py_examples/lib/pkgconfig/bumperbot_py_examples.pc'
[4.993s] Level 1:colcon.colcon_core.environment:checking '/home/jn403l/Documents/ros2-odometry-control/install/bumperbot_py_examples/lib/python3.12/site-packages'
[4.993s] Level 1:colcon.colcon_core.shell:create_environment_hook('bumperbot_py_examples', 'pythonpath')
[4.998s] INFO:colcon.colcon_core.shell:Creating environment hook '/home/jn403l/Documents/ros2-odometry-control/install/bumperbot_py_examples/share/bumperbot_py_examples/hook/pythonpath.ps1'
[4.999s] INFO:colcon.colcon_core.shell:Creating environment descriptor '/home/jn403l/Documents/ros2-odometry-control/install/bumperbot_py_examples/share/bumperbot_py_examples/hook/pythonpath.dsv'
[5.005s] INFO:colcon.colcon_core.shell:Creating environment hook '/home/jn403l/Documents/ros2-odometry-control/install/bumperbot_py_examples/share/bumperbot_py_examples/hook/pythonpath.sh'
[5.011s] Level 1:colcon.colcon_core.environment:checking '/home/jn403l/Documents/ros2-odometry-control/install/bumperbot_py_examples/bin'
[5.011s] Level 1:colcon.colcon_core.environment:create_environment_scripts_only(bumperbot_py_examples)
[5.012s] INFO:colcon.colcon_core.shell:Creating package script '/home/jn403l/Documents/ros2-odometry-control/install/bumperbot_py_examples/share/bumperbot_py_examples/package.ps1'
[5.017s] INFO:colcon.colcon_core.shell:Creating package descriptor '/home/jn403l/Documents/ros2-odometry-control/install/bumperbot_py_examples/share/bumperbot_py_examples/package.dsv'
[5.018s] INFO:colcon.colcon_core.shell:Creating package script '/home/jn403l/Documents/ros2-odometry-control/install/bumperbot_py_examples/share/bumperbot_py_examples/package.sh'
[5.023s] INFO:colcon.colcon_core.shell:Creating package script '/home/jn403l/Documents/ros2-odometry-control/install/bumperbot_py_examples/share/bumperbot_py_examples/package.bash'
[5.024s] INFO:colcon.colcon_core.shell:Creating package script '/home/jn403l/Documents/ros2-odometry-control/install/bumperbot_py_examples/share/bumperbot_py_examples/package.zsh'
[5.027s] Level 1:colcon.colcon_core.environment:create_file_with_runtime_dependencies(/home/jn403l/Documents/ros2-odometry-control/install/bumperbot_py_examples/share/colcon-core/packages/bumperbot_py_examples)
[25.881s] DEBUG:colcon.colcon_core.event_handler.log_command:Invoked command in '/home/jn403l/Documents/ros2-odometry-control/build/bumperbot_cpp_examples' returned '0': CMAKE_PREFIX_PATH=${CMAKE_PREFIX_PATH}:/opt/ros/jazzy DEBUGINFOD_URLS=https://debuginfod.ubuntu.com /usr/bin/cmake --build /home/jn403l/Documents/ros2-odometry-control/build/bumperbot_cpp_examples -- -j4 -l4
[25.883s] DEBUG:colcon.colcon_core.event_handler.log_command:Invoking command in '/home/jn403l/Documents/ros2-odometry-control/build/bumperbot_cpp_examples': CMAKE_PREFIX_PATH=${CMAKE_PREFIX_PATH}:/opt/ros/jazzy DEBUGINFOD_URLS=https://debuginfod.ubuntu.com /usr/bin/cmake --install /home/jn403l/Documents/ros2-odometry-control/build/bumperbot_cpp_examples
[25.937s] Level 1:colcon.colcon_core.environment:create_environment_scripts_only(bumperbot_cpp_examples)
[25.938s] Level 1:colcon.colcon_core.environment:checking '/home/jn403l/Documents/ros2-odometry-control/install/bumperbot_cpp_examples' for CMake module files
[25.939s] DEBUG:colcon.colcon_core.event_handler.log_command:Invoked command in '/home/jn403l/Documents/ros2-odometry-control/build/bumperbot_cpp_examples' returned '0': CMAKE_PREFIX_PATH=${CMAKE_PREFIX_PATH}:/opt/ros/jazzy DEBUGINFOD_URLS=https://debuginfod.ubuntu.com /usr/bin/cmake --install /home/jn403l/Documents/ros2-odometry-control/build/bumperbot_cpp_examples
[25.940s] Level 1:colcon.colcon_core.environment:checking '/home/jn403l/Documents/ros2-odometry-control/install/bumperbot_cpp_examples' for CMake config files
[25.940s] Level 1:colcon.colcon_core.shell:create_environment_hook('bumperbot_cpp_examples', 'cmake_prefix_path')
[25.940s] INFO:colcon.colcon_core.shell:Creating environment hook '/home/jn403l/Documents/ros2-odometry-control/install/bumperbot_cpp_examples/share/bumperbot_cpp_examples/hook/cmake_prefix_path.ps1'
[25.941s] INFO:colcon.colcon_core.shell:Creating environment descriptor '/home/jn403l/Documents/ros2-odometry-control/install/bumperbot_cpp_examples/share/bumperbot_cpp_examples/hook/cmake_prefix_path.dsv'
[25.942s] INFO:colcon.colcon_core.shell:Creating environment hook '/home/jn403l/Documents/ros2-odometry-control/install/bumperbot_cpp_examples/share/bumperbot_cpp_examples/hook/cmake_prefix_path.sh'
[25.943s] Level 1:colcon.colcon_core.environment:checking '/home/jn403l/Documents/ros2-odometry-control/install/bumperbot_cpp_examples/lib'
[25.943s] Level 1:colcon.colcon_core.environment:checking '/home/jn403l/Documents/ros2-odometry-control/install/bumperbot_cpp_examples/bin'
[25.943s] Level 1:colcon.colcon_core.environment:checking '/home/jn403l/Documents/ros2-odometry-control/install/bumperbot_cpp_examples/lib/pkgconfig/bumperbot_cpp_examples.pc'
[25.944s] Level 1:colcon.colcon_core.environment:checking '/home/jn403l/Documents/ros2-odometry-control/install/bumperbot_cpp_examples/lib/python3.12/site-packages'
[25.944s] Level 1:colcon.colcon_core.environment:checking '/home/jn403l/Documents/ros2-odometry-control/install/bumperbot_cpp_examples/bin'
[25.945s] INFO:colcon.colcon_core.shell:Creating package script '/home/jn403l/Documents/ros2-odometry-control/install/bumperbot_cpp_examples/share/bumperbot_cpp_examples/package.ps1'
[25.945s] INFO:colcon.colcon_core.shell:Creating package descriptor '/home/jn403l/Documents/ros2-odometry-control/install/bumperbot_cpp_examples/share/bumperbot_cpp_examples/package.dsv'
[25.946s] INFO:colcon.colcon_core.shell:Creating package script '/home/jn403l/Documents/ros2-odometry-control/install/bumperbot_cpp_examples/share/bumperbot_cpp_examples/package.sh'
[25.947s] INFO:colcon.colcon_core.shell:Creating package script '/home/jn403l/Documents/ros2-odometry-control/install/bumperbot_cpp_examples/share/bumperbot_cpp_examples/package.bash'
[25.948s] INFO:colcon.colcon_core.shell:Creating package script '/home/jn403l/Documents/ros2-odometry-control/install/bumperbot_cpp_examples/share/bumperbot_cpp_examples/package.zsh'
[25.949s] Level 1:colcon.colcon_core.environment:create_file_with_runtime_dependencies(/home/jn403l/Documents/ros2-odometry-control/install/bumperbot_cpp_examples/share/colcon-core/packages/bumperbot_cpp_examples)
[25.950s] Level 1:colcon.colcon_core.environment:create_environment_scripts_only(bumperbot_cpp_examples)
[25.950s] Level 1:colcon.colcon_core.environment:checking '/home/jn403l/Documents/ros2-odometry-control/install/bumperbot_cpp_examples' for CMake module files
[25.951s] Level 1:colcon.colcon_core.environment:checking '/home/jn403l/Documents/ros2-odometry-control/install/bumperbot_cpp_examples' for CMake config files
[25.952s] Level 1:colcon.colcon_core.shell:create_environment_hook('bumperbot_cpp_examples', 'cmake_prefix_path')
[25.952s] INFO:colcon.colcon_core.shell:Creating environment hook '/home/jn403l/Documents/ros2-odometry-control/install/bumperbot_cpp_examples/share/bumperbot_cpp_examples/hook/cmake_prefix_path.ps1'
[25.953s] INFO:colcon.colcon_core.shell:Creating environment descriptor '/home/jn403l/Documents/ros2-odometry-control/install/bumperbot_cpp_examples/share/bumperbot_cpp_examples/hook/cmake_prefix_path.dsv'
[25.953s] INFO:colcon.colcon_core.shell:Creating environment hook '/home/jn403l/Documents/ros2-odometry-control/install/bumperbot_cpp_examples/share/bumperbot_cpp_examples/hook/cmake_prefix_path.sh'
[25.954s] Level 1:colcon.colcon_core.environment:checking '/home/jn403l/Documents/ros2-odometry-control/install/bumperbot_cpp_examples/lib'
[25.954s] Level 1:colcon.colcon_core.environment:checking '/home/jn403l/Documents/ros2-odometry-control/install/bumperbot_cpp_examples/bin'
[25.954s] Level 1:colcon.colcon_core.environment:checking '/home/jn403l/Documents/ros2-odometry-control/install/bumperbot_cpp_examples/lib/pkgconfig/bumperbot_cpp_examples.pc'
[25.955s] Level 1:colcon.colcon_core.environment:checking '/home/jn403l/Documents/ros2-odometry-control/install/bumperbot_cpp_examples/lib/python3.12/site-packages'
[25.955s] Level 1:colcon.colcon_core.environment:checking '/home/jn403l/Documents/ros2-odometry-control/install/bumperbot_cpp_examples/bin'
[25.955s] INFO:colcon.colcon_core.shell:Creating package script '/home/jn403l/Documents/ros2-odometry-control/install/bumperbot_cpp_examples/share/bumperbot_cpp_examples/package.ps1'
[25.956s] INFO:colcon.colcon_core.shell:Creating package descriptor '/home/jn403l/Documents/ros2-odometry-control/install/bumperbot_cpp_examples/share/bumperbot_cpp_examples/package.dsv'
[25.957s] INFO:colcon.colcon_core.shell:Creating package script '/home/jn403l/Documents/ros2-odometry-control/install/bumperbot_cpp_examples/share/bumperbot_cpp_examples/package.sh'
[25.957s] INFO:colcon.colcon_core.shell:Creating package script '/home/jn403l/Documents/ros2-odometry-control/install/bumperbot_cpp_examples/share/bumperbot_cpp_examples/package.bash'
[25.958s] INFO:colcon.colcon_core.shell:Creating package script '/home/jn403l/Documents/ros2-odometry-control/install/bumperbot_cpp_examples/share/bumperbot_cpp_examples/package.zsh'
[25.959s] Level 1:colcon.colcon_core.environment:create_file_with_runtime_dependencies(/home/jn403l/Documents/ros2-odometry-control/install/bumperbot_cpp_examples/share/colcon-core/packages/bumperbot_cpp_examples)
[25.959s] DEBUG:colcon.colcon_parallel_executor.executor.parallel:closing loop
[25.960s] DEBUG:colcon.colcon_parallel_executor.executor.parallel:loop closed
[25.960s] DEBUG:colcon.colcon_parallel_executor.executor.parallel:run_until_complete finished with '0'
[25.960s] DEBUG:colcon.colcon_core.event_reactor:joining thread
[25.971s] INFO:colcon.colcon_core.plugin_system:Skipping extension 'colcon_notification.desktop_notification.terminal_notifier': Not used on non-Darwin systems
[25.971s] INFO:colcon.colcon_core.plugin_system:Skipping extension 'colcon_notification.desktop_notification.win32': Not used on non-Windows systems
[25.972s] INFO:colcon.colcon_notification.desktop_notification:Sending desktop notification using 'notify2'
[25.995s] DEBUG:colcon.colcon_core.event_reactor:joined thread
[25.996s] INFO:colcon.colcon_core.shell:Creating prefix script '/home/jn403l/Documents/ros2-odometry-control/install/local_setup.ps1'
[25.998s] INFO:colcon.colcon_core.shell:Creating prefix util module '/home/jn403l/Documents/ros2-odometry-control/install/_local_setup_util_ps1.py'
[26.001s] INFO:colcon.colcon_core.shell:Creating prefix chain script '/home/jn403l/Documents/ros2-odometry-control/install/setup.ps1'
[26.002s] INFO:colcon.colcon_core.shell:Creating prefix script '/home/jn403l/Documents/ros2-odometry-control/install/local_setup.sh'
[26.003s] INFO:colcon.colcon_core.shell:Creating prefix util module '/home/jn403l/Documents/ros2-odometry-control/install/_local_setup_util_sh.py'
[26.003s] INFO:colcon.colcon_core.shell:Creating prefix chain script '/home/jn403l/Documents/ros2-odometry-control/install/setup.sh'
[26.005s] INFO:colcon.colcon_core.shell:Creating prefix script '/home/jn403l/Documents/ros2-odometry-control/install/local_setup.bash'
[26.007s] INFO:colcon.colcon_core.shell:Creating prefix chain script '/home/jn403l/Documents/ros2-odometry-control/install/setup.bash'
[26.010s] INFO:colcon.colcon_core.shell:Creating prefix script '/home/jn403l/Documents/ros2-odometry-control/install/local_setup.zsh'
[26.012s] INFO:colcon.colcon_core.shell:Creating prefix chain script '/home/jn403l/Documents/ros2-odometry-control/install/setup.zsh'
