[2.833s] Invoking command in '/home/jn403l/Documents/ros2-odometry-control/src/bumperbot_py_examples': DEBUGINFOD_URLS=https://debuginfod.ubuntu.com PYTHONPATH=/home/jn403l/Documents/ros2-odometry-control/build/bumperbot_py_examples/prefix_override:/usr/lib/python3/dist-packages/colcon_core/task/python/colcon_distutils_commands:/home/jn403l/Documents/ros2-odometry-control/install/bumperbot_py_examples/lib/python3.12/site-packages:${PYTHONPATH} /usr/bin/python3 -W ignore:setup.py install is deprecated -W ignore:easy_install command is deprecated setup.py egg_info --egg-base ../../build/bumperbot_py_examples build --build-base /home/jn403l/Documents/ros2-odometry-control/build/bumperbot_py_examples/build install --record /home/jn403l/Documents/ros2-odometry-control/build/bumperbot_py_examples/install.log --single-version-externally-managed install_data
[3.379s] running egg_info
[3.379s] creating ../../build/bumperbot_py_examples/bumperbot_py_examples.egg-info
[3.455s] writing ../../build/bumperbot_py_examples/bumperbot_py_examples.egg-info/PKG-INFO
[3.460s] writing dependency_links to ../../build/bumperbot_py_examples/bumperbot_py_examples.egg-info/dependency_links.txt
[3.461s] writing requirements to ../../build/bumperbot_py_examples/bumperbot_py_examples.egg-info/requires.txt
[3.461s] writing top-level names to ../../build/bumperbot_py_examples/bumperbot_py_examples.egg-info/top_level.txt
[3.461s] writing manifest file '../../build/bumperbot_py_examples/bumperbot_py_examples.egg-info/SOURCES.txt'
[3.618s] reading manifest file '../../build/bumperbot_py_examples/bumperbot_py_examples.egg-info/SOURCES.txt'
[3.624s] writing manifest file '../../build/bumperbot_py_examples/bumperbot_py_examples.egg-info/SOURCES.txt'
[3.624s] running build
[3.624s] running build_py
[3.625s] creating /home/jn403l/Documents/ros2-odometry-control/build/bumperbot_py_examples/build
[3.625s] creating /home/jn403l/Documents/ros2-odometry-control/build/bumperbot_py_examples/build/lib
[3.627s] creating /home/jn403l/Documents/ros2-odometry-control/build/bumperbot_py_examples/build/lib/bumperbot_py_examples
[3.627s] copying bumperbot_py_examples/__init__.py -> /home/jn403l/Documents/ros2-odometry-control/build/bumperbot_py_examples/build/lib/bumperbot_py_examples
[3.627s] running install
[3.655s] running install_lib
[3.783s] creating /home/jn403l/Documents/ros2-odometry-control/install/bumperbot_py_examples/lib/python3.12/site-packages/bumperbot_py_examples
[3.783s] copying /home/jn403l/Documents/ros2-odometry-control/build/bumperbot_py_examples/build/lib/bumperbot_py_examples/__init__.py -> /home/jn403l/Documents/ros2-odometry-control/install/bumperbot_py_examples/lib/python3.12/site-packages/bumperbot_py_examples
[3.784s] byte-compiling /home/jn403l/Documents/ros2-odometry-control/install/bumperbot_py_examples/lib/python3.12/site-packages/bumperbot_py_examples/__init__.py to __init__.cpython-312.pyc
[3.786s] running install_data
[3.786s] creating /home/jn403l/Documents/ros2-odometry-control/install/bumperbot_py_examples/share/ament_index
[3.793s] creating /home/jn403l/Documents/ros2-odometry-control/install/bumperbot_py_examples/share/ament_index/resource_index
[3.793s] creating /home/jn403l/Documents/ros2-odometry-control/install/bumperbot_py_examples/share/ament_index/resource_index/packages
[3.795s] copying resource/bumperbot_py_examples -> /home/jn403l/Documents/ros2-odometry-control/install/bumperbot_py_examples/share/ament_index/resource_index/packages
[3.795s] copying package.xml -> /home/jn403l/Documents/ros2-odometry-control/install/bumperbot_py_examples/share/bumperbot_py_examples
[3.795s] running install_egg_info
[3.877s] Copying ../../build/bumperbot_py_examples/bumperbot_py_examples.egg-info to /home/jn403l/Documents/ros2-odometry-control/install/bumperbot_py_examples/lib/python3.12/site-packages/bumperbot_py_examples-0.0.0-py3.12.egg-info
[3.887s] running install_scripts
[4.456s] writing list of installed files to '/home/jn403l/Documents/ros2-odometry-control/build/bumperbot_py_examples/install.log'
[4.571s] Invoked command in '/home/jn403l/Documents/ros2-odometry-control/src/bumperbot_py_examples' returned '0': DEBUGINFOD_URLS=https://debuginfod.ubuntu.com PYTHONPATH=/home/jn403l/Documents/ros2-odometry-control/build/bumperbot_py_examples/prefix_override:/usr/lib/python3/dist-packages/colcon_core/task/python/colcon_distutils_commands:/home/jn403l/Documents/ros2-odometry-control/install/bumperbot_py_examples/lib/python3.12/site-packages:${PYTHONPATH} /usr/bin/python3 -W ignore:setup.py install is deprecated -W ignore:easy_install command is deprecated setup.py egg_info --egg-base ../../build/bumperbot_py_examples build --build-base /home/jn403l/Documents/ros2-odometry-control/build/bumperbot_py_examples/build install --record /home/jn403l/Documents/ros2-odometry-control/build/bumperbot_py_examples/install.log --single-version-externally-managed install_data
