[0.155s] DEBUG:colcon:Command line arguments: ['/usr/bin/colcon', 'build']
[0.156s] DEBUG:colcon:Parsed command line arguments: Namespace(log_base=None, log_level=None, verb_name='build', build_base='build', install_base='install', merge_install=False, symlink_install=False, test_result_base=None, continue_on_error=False, executor='parallel', parallel_workers=4, event_handlers=None, ignore_user_meta=False, metas=['./colcon.meta'], base_paths=['.'], packages_ignore=None, packages_ignore_regex=None, paths=None, packages_up_to=None, packages_up_to_regex=None, packages_above=None, packages_above_and_dependencies=None, packages_above_depth=None, packages_select_by_dep=None, packages_skip_by_dep=None, packages_skip_up_to=None, packages_select_build_failed=False, packages_skip_build_finished=False, packages_select_test_failures=False, packages_skip_test_passed=False, packages_select=None, packages_skip=None, packages_select_regex=None, packages_skip_regex=None, packages_start=None, packages_end=None, allow_overriding=[], cmake_args=None, cmake_target=None, cmake_target_skip_unavailable=False, cmake_clean_cache=False, cmake_clean_first=False, cmake_force_configure=False, ament_cmake_args=None, catkin_cmake_args=None, catkin_skip_building_tests=False, mixin_files=None, mixin=None, verb_parser=<colcon_mixin.mixin.mixin_argument.MixinArgumentDecorator object at 0x75f4b239d280>, verb_extension=<colcon_core.verb.build.BuildVerb object at 0x75f4b239cec0>, main=<bound method BuildVerb.main of <colcon_core.verb.build.BuildVerb object at 0x75f4b239cec0>>, mixin_verb=('build',))
[0.218s] Level 1:colcon.colcon_core.package_discovery:discover_packages(colcon_meta) check parameters
[0.218s] Level 1:colcon.colcon_core.package_discovery:discover_packages(recursive) check parameters
[0.218s] Level 1:colcon.colcon_core.package_discovery:discover_packages(ignore) check parameters
[0.218s] Level 1:colcon.colcon_core.package_discovery:discover_packages(path) check parameters
[0.218s] Level 1:colcon.colcon_core.package_discovery:discover_packages(colcon_meta) discover
[0.218s] Level 1:colcon.colcon_core.package_discovery:discover_packages(recursive) discover
[0.218s] INFO:colcon.colcon_core.package_discovery:Crawling recursively for packages in '/home/jn403l/Documents/ros2-sandbox'
[0.218s] Level 1:colcon.colcon_core.package_identification:_identify(.) by extensions ['ignore', 'ignore_ament_install']
[0.218s] Level 1:colcon.colcon_core.package_identification:_identify(.) by extension 'ignore'
[0.219s] Level 1:colcon.colcon_core.package_identification:_identify(.) by extension 'ignore_ament_install'
[0.219s] Level 1:colcon.colcon_core.package_identification:_identify(.) by extensions ['colcon_pkg']
[0.219s] Level 1:colcon.colcon_core.package_identification:_identify(.) by extension 'colcon_pkg'
[0.219s] Level 1:colcon.colcon_core.package_identification:_identify(.) by extensions ['colcon_meta']
[0.219s] Level 1:colcon.colcon_core.package_identification:_identify(.) by extension 'colcon_meta'
[0.219s] Level 1:colcon.colcon_core.package_identification:_identify(.) by extensions ['ros']
[0.219s] Level 1:colcon.colcon_core.package_identification:_identify(.) by extension 'ros'
[0.263s] Level 1:colcon.colcon_core.package_identification:_identify(.) by extensions ['cmake', 'python']
[0.264s] Level 1:colcon.colcon_core.package_identification:_identify(.) by extension 'cmake'
[0.264s] Level 1:colcon.colcon_core.package_identification:_identify(.) by extension 'python'
[0.264s] Level 1:colcon.colcon_core.package_identification:_identify(.) by extensions ['python_setup_py']
[0.264s] Level 1:colcon.colcon_core.package_identification:_identify(.) by extension 'python_setup_py'
[0.264s] Level 1:colcon.colcon_core.package_identification:_identify(build) by extensions ['ignore', 'ignore_ament_install']
[0.264s] Level 1:colcon.colcon_core.package_identification:_identify(build) by extension 'ignore'
[0.264s] Level 1:colcon.colcon_core.package_identification:_identify(build) ignored
[0.265s] Level 1:colcon.colcon_core.package_identification:_identify(install) by extensions ['ignore', 'ignore_ament_install']
[0.265s] Level 1:colcon.colcon_core.package_identification:_identify(install) by extension 'ignore'
[0.265s] Level 1:colcon.colcon_core.package_identification:_identify(install) ignored
[0.265s] Level 1:colcon.colcon_core.package_identification:_identify(log) by extensions ['ignore', 'ignore_ament_install']
[0.265s] Level 1:colcon.colcon_core.package_identification:_identify(log) by extension 'ignore'
[0.265s] Level 1:colcon.colcon_core.package_identification:_identify(log) ignored
[0.265s] Level 1:colcon.colcon_core.package_identification:_identify(src) by extensions ['ignore', 'ignore_ament_install']
[0.266s] Level 1:colcon.colcon_core.package_identification:_identify(src) by extension 'ignore'
[0.266s] Level 1:colcon.colcon_core.package_identification:_identify(src) by extension 'ignore_ament_install'
[0.266s] Level 1:colcon.colcon_core.package_identification:_identify(src) by extensions ['colcon_pkg']
[0.266s] Level 1:colcon.colcon_core.package_identification:_identify(src) by extension 'colcon_pkg'
[0.266s] Level 1:colcon.colcon_core.package_identification:_identify(src) by extensions ['colcon_meta']
[0.266s] Level 1:colcon.colcon_core.package_identification:_identify(src) by extension 'colcon_meta'
[0.266s] Level 1:colcon.colcon_core.package_identification:_identify(src) by extensions ['ros']
[0.266s] Level 1:colcon.colcon_core.package_identification:_identify(src) by extension 'ros'
[0.266s] Level 1:colcon.colcon_core.package_identification:_identify(src) by extensions ['cmake', 'python']
[0.266s] Level 1:colcon.colcon_core.package_identification:_identify(src) by extension 'cmake'
[0.266s] Level 1:colcon.colcon_core.package_identification:_identify(src) by extension 'python'
[0.266s] Level 1:colcon.colcon_core.package_identification:_identify(src) by extensions ['python_setup_py']
[0.266s] Level 1:colcon.colcon_core.package_identification:_identify(src) by extension 'python_setup_py'
[0.266s] Level 1:colcon.colcon_core.package_identification:_identify(src/bumperbot_cpp_examples) by extensions ['ignore', 'ignore_ament_install']
[0.267s] Level 1:colcon.colcon_core.package_identification:_identify(src/bumperbot_cpp_examples) by extension 'ignore'
[0.267s] Level 1:colcon.colcon_core.package_identification:_identify(src/bumperbot_cpp_examples) by extension 'ignore_ament_install'
[0.267s] Level 1:colcon.colcon_core.package_identification:_identify(src/bumperbot_cpp_examples) by extensions ['colcon_pkg']
[0.267s] Level 1:colcon.colcon_core.package_identification:_identify(src/bumperbot_cpp_examples) by extension 'colcon_pkg'
[0.267s] Level 1:colcon.colcon_core.package_identification:_identify(src/bumperbot_cpp_examples) by extensions ['colcon_meta']
[0.267s] Level 1:colcon.colcon_core.package_identification:_identify(src/bumperbot_cpp_examples) by extension 'colcon_meta'
[0.267s] Level 1:colcon.colcon_core.package_identification:_identify(src/bumperbot_cpp_examples) by extensions ['ros']
[0.267s] Level 1:colcon.colcon_core.package_identification:_identify(src/bumperbot_cpp_examples) by extension 'ros'
[0.270s] DEBUG:colcon.colcon_core.package_identification:Package 'src/bumperbot_cpp_examples' with type 'ros.ament_cmake' and name 'bumperbot_cpp_examples'
[0.271s] Level 1:colcon.colcon_core.package_identification:_identify(src/bumperbot_description) by extensions ['ignore', 'ignore_ament_install']
[0.271s] Level 1:colcon.colcon_core.package_identification:_identify(src/bumperbot_description) by extension 'ignore'
[0.271s] Level 1:colcon.colcon_core.package_identification:_identify(src/bumperbot_description) by extension 'ignore_ament_install'
[0.271s] Level 1:colcon.colcon_core.package_identification:_identify(src/bumperbot_description) by extensions ['colcon_pkg']
[0.271s] Level 1:colcon.colcon_core.package_identification:_identify(src/bumperbot_description) by extension 'colcon_pkg'
[0.271s] Level 1:colcon.colcon_core.package_identification:_identify(src/bumperbot_description) by extensions ['colcon_meta']
[0.271s] Level 1:colcon.colcon_core.package_identification:_identify(src/bumperbot_description) by extension 'colcon_meta'
[0.271s] Level 1:colcon.colcon_core.package_identification:_identify(src/bumperbot_description) by extensions ['ros']
[0.271s] Level 1:colcon.colcon_core.package_identification:_identify(src/bumperbot_description) by extension 'ros'
[0.272s] DEBUG:colcon.colcon_core.package_identification:Package 'src/bumperbot_description' with type 'ros.ament_cmake' and name 'bumperbot_description'
[0.272s] Level 1:colcon.colcon_core.package_identification:_identify(src/bumperbot_py_examples) by extensions ['ignore', 'ignore_ament_install']
[0.272s] Level 1:colcon.colcon_core.package_identification:_identify(src/bumperbot_py_examples) by extension 'ignore'
[0.272s] Level 1:colcon.colcon_core.package_identification:_identify(src/bumperbot_py_examples) by extension 'ignore_ament_install'
[0.272s] Level 1:colcon.colcon_core.package_identification:_identify(src/bumperbot_py_examples) by extensions ['colcon_pkg']
[0.272s] Level 1:colcon.colcon_core.package_identification:_identify(src/bumperbot_py_examples) by extension 'colcon_pkg'
[0.272s] Level 1:colcon.colcon_core.package_identification:_identify(src/bumperbot_py_examples) by extensions ['colcon_meta']
[0.273s] Level 1:colcon.colcon_core.package_identification:_identify(src/bumperbot_py_examples) by extension 'colcon_meta'
[0.273s] Level 1:colcon.colcon_core.package_identification:_identify(src/bumperbot_py_examples) by extensions ['ros']
[0.273s] Level 1:colcon.colcon_core.package_identification:_identify(src/bumperbot_py_examples) by extension 'ros'
[0.273s] DEBUG:colcon.colcon_core.package_identification:Package 'src/bumperbot_py_examples' with type 'ros.ament_python' and name 'bumperbot_py_examples'
[0.273s] Level 1:colcon.colcon_core.package_discovery:discover_packages(recursive) using defaults
[0.273s] Level 1:colcon.colcon_core.package_discovery:discover_packages(ignore) discover
[0.273s] Level 1:colcon.colcon_core.package_discovery:discover_packages(ignore) using defaults
[0.273s] Level 1:colcon.colcon_core.package_discovery:discover_packages(path) discover
[0.273s] Level 1:colcon.colcon_core.package_discovery:discover_packages(path) using defaults
[0.299s] Level 1:colcon.colcon_core.package_discovery:discover_packages(prefix_path) check parameters
[0.299s] Level 1:colcon.colcon_core.package_discovery:discover_packages(prefix_path) discover
[0.303s] DEBUG:colcon.colcon_installed_package_information.package_discovery:Found 385 installed packages in /opt/ros/jazzy
[0.305s] Level 1:colcon.colcon_core.package_discovery:discover_packages(prefix_path) using defaults
[0.380s] Level 5:colcon.colcon_core.verb:set package 'bumperbot_cpp_examples' build argument 'cmake_args' from command line to 'None'
[0.380s] Level 5:colcon.colcon_core.verb:set package 'bumperbot_cpp_examples' build argument 'cmake_target' from command line to 'None'
[0.380s] Level 5:colcon.colcon_core.verb:set package 'bumperbot_cpp_examples' build argument 'cmake_target_skip_unavailable' from command line to 'False'
[0.380s] Level 5:colcon.colcon_core.verb:set package 'bumperbot_cpp_examples' build argument 'cmake_clean_cache' from command line to 'False'
[0.380s] Level 5:colcon.colcon_core.verb:set package 'bumperbot_cpp_examples' build argument 'cmake_clean_first' from command line to 'False'
[0.380s] Level 5:colcon.colcon_core.verb:set package 'bumperbot_cpp_examples' build argument 'cmake_force_configure' from command line to 'False'
[0.380s] Level 5:colcon.colcon_core.verb:set package 'bumperbot_cpp_examples' build argument 'ament_cmake_args' from command line to 'None'
[0.380s] Level 5:colcon.colcon_core.verb:set package 'bumperbot_cpp_examples' build argument 'catkin_cmake_args' from command line to 'None'
[0.380s] Level 5:colcon.colcon_core.verb:set package 'bumperbot_cpp_examples' build argument 'catkin_skip_building_tests' from command line to 'False'
[0.381s] DEBUG:colcon.colcon_core.verb:Building package 'bumperbot_cpp_examples' with the following arguments: {'ament_cmake_args': None, 'build_base': '/home/jn403l/Documents/ros2-sandbox/build/bumperbot_cpp_examples', 'catkin_cmake_args': None, 'catkin_skip_building_tests': False, 'cmake_args': None, 'cmake_clean_cache': False, 'cmake_clean_first': False, 'cmake_force_configure': False, 'cmake_target': None, 'cmake_target_skip_unavailable': False, 'install_base': '/home/jn403l/Documents/ros2-sandbox/install/bumperbot_cpp_examples', 'merge_install': False, 'path': '/home/jn403l/Documents/ros2-sandbox/src/bumperbot_cpp_examples', 'symlink_install': False, 'test_result_base': None}
[0.381s] Level 5:colcon.colcon_core.verb:set package 'bumperbot_description' build argument 'cmake_args' from command line to 'None'
[0.381s] Level 5:colcon.colcon_core.verb:set package 'bumperbot_description' build argument 'cmake_target' from command line to 'None'
[0.381s] Level 5:colcon.colcon_core.verb:set package 'bumperbot_description' build argument 'cmake_target_skip_unavailable' from command line to 'False'
[0.381s] Level 5:colcon.colcon_core.verb:set package 'bumperbot_description' build argument 'cmake_clean_cache' from command line to 'False'
[0.381s] Level 5:colcon.colcon_core.verb:set package 'bumperbot_description' build argument 'cmake_clean_first' from command line to 'False'
[0.381s] Level 5:colcon.colcon_core.verb:set package 'bumperbot_description' build argument 'cmake_force_configure' from command line to 'False'
[0.381s] Level 5:colcon.colcon_core.verb:set package 'bumperbot_description' build argument 'ament_cmake_args' from command line to 'None'
[0.381s] Level 5:colcon.colcon_core.verb:set package 'bumperbot_description' build argument 'catkin_cmake_args' from command line to 'None'
[0.382s] Level 5:colcon.colcon_core.verb:set package 'bumperbot_description' build argument 'catkin_skip_building_tests' from command line to 'False'
[0.382s] DEBUG:colcon.colcon_core.verb:Building package 'bumperbot_description' with the following arguments: {'ament_cmake_args': None, 'build_base': '/home/jn403l/Documents/ros2-sandbox/build/bumperbot_description', 'catkin_cmake_args': None, 'catkin_skip_building_tests': False, 'cmake_args': None, 'cmake_clean_cache': False, 'cmake_clean_first': False, 'cmake_force_configure': False, 'cmake_target': None, 'cmake_target_skip_unavailable': False, 'install_base': '/home/jn403l/Documents/ros2-sandbox/install/bumperbot_description', 'merge_install': False, 'path': '/home/jn403l/Documents/ros2-sandbox/src/bumperbot_description', 'symlink_install': False, 'test_result_base': None}
[0.382s] Level 5:colcon.colcon_core.verb:set package 'bumperbot_py_examples' build argument 'cmake_args' from command line to 'None'
[0.382s] Level 5:colcon.colcon_core.verb:set package 'bumperbot_py_examples' build argument 'cmake_target' from command line to 'None'
[0.382s] Level 5:colcon.colcon_core.verb:set package 'bumperbot_py_examples' build argument 'cmake_target_skip_unavailable' from command line to 'False'
[0.382s] Level 5:colcon.colcon_core.verb:set package 'bumperbot_py_examples' build argument 'cmake_clean_cache' from command line to 'False'
[0.382s] Level 5:colcon.colcon_core.verb:set package 'bumperbot_py_examples' build argument 'cmake_clean_first' from command line to 'False'
[0.382s] Level 5:colcon.colcon_core.verb:set package 'bumperbot_py_examples' build argument 'cmake_force_configure' from command line to 'False'
[0.382s] Level 5:colcon.colcon_core.verb:set package 'bumperbot_py_examples' build argument 'ament_cmake_args' from command line to 'None'
[0.382s] Level 5:colcon.colcon_core.verb:set package 'bumperbot_py_examples' build argument 'catkin_cmake_args' from command line to 'None'
[0.382s] Level 5:colcon.colcon_core.verb:set package 'bumperbot_py_examples' build argument 'catkin_skip_building_tests' from command line to 'False'
[0.382s] DEBUG:colcon.colcon_core.verb:Building package 'bumperbot_py_examples' with the following arguments: {'ament_cmake_args': None, 'build_base': '/home/jn403l/Documents/ros2-sandbox/build/bumperbot_py_examples', 'catkin_cmake_args': None, 'catkin_skip_building_tests': False, 'cmake_args': None, 'cmake_clean_cache': False, 'cmake_clean_first': False, 'cmake_force_configure': False, 'cmake_target': None, 'cmake_target_skip_unavailable': False, 'install_base': '/home/jn403l/Documents/ros2-sandbox/install/bumperbot_py_examples', 'merge_install': False, 'path': '/home/jn403l/Documents/ros2-sandbox/src/bumperbot_py_examples', 'symlink_install': False, 'test_result_base': None}
[0.382s] INFO:colcon.colcon_core.executor:Executing jobs using 'parallel' executor
[0.384s] DEBUG:colcon.colcon_parallel_executor.executor.parallel:run_until_complete
[0.384s] INFO:colcon.colcon_ros.task.ament_cmake.build:Building ROS package in '/home/jn403l/Documents/ros2-sandbox/src/bumperbot_cpp_examples' with build type 'ament_cmake'
[0.384s] INFO:colcon.colcon_cmake.task.cmake.build:Building CMake package in '/home/jn403l/Documents/ros2-sandbox/src/bumperbot_cpp_examples'
[0.389s] INFO:colcon.colcon_core.plugin_system:Skipping extension 'colcon_core.shell.bat': Not used on non-Windows systems
[0.389s] INFO:colcon.colcon_core.shell:Skip shell extension 'powershell' for command environment: Not usable outside of PowerShell
[0.389s] DEBUG:colcon.colcon_core.shell:Skip shell extension 'dsv' for command environment
[0.396s] INFO:colcon.colcon_ros.task.ament_cmake.build:Building ROS package in '/home/jn403l/Documents/ros2-sandbox/src/bumperbot_description' with build type 'ament_cmake'
[0.396s] INFO:colcon.colcon_cmake.task.cmake.build:Building CMake package in '/home/jn403l/Documents/ros2-sandbox/src/bumperbot_description'
[0.397s] INFO:colcon.colcon_core.shell:Skip shell extension 'powershell' for command environment: Not usable outside of PowerShell
[0.397s] DEBUG:colcon.colcon_core.shell:Skip shell extension 'dsv' for command environment
[0.412s] INFO:colcon.colcon_ros.task.ament_python.build:Building ROS package in '/home/jn403l/Documents/ros2-sandbox/src/bumperbot_py_examples' with build type 'ament_python'
[0.413s] Level 1:colcon.colcon_core.shell:create_environment_hook('bumperbot_py_examples', 'ament_prefix_path')
[0.413s] INFO:colcon.colcon_core.shell:Creating environment hook '/home/jn403l/Documents/ros2-sandbox/install/bumperbot_py_examples/share/bumperbot_py_examples/hook/ament_prefix_path.ps1'
[0.416s] INFO:colcon.colcon_core.shell:Creating environment descriptor '/home/jn403l/Documents/ros2-sandbox/install/bumperbot_py_examples/share/bumperbot_py_examples/hook/ament_prefix_path.dsv'
[0.417s] INFO:colcon.colcon_core.shell:Creating environment hook '/home/jn403l/Documents/ros2-sandbox/install/bumperbot_py_examples/share/bumperbot_py_examples/hook/ament_prefix_path.sh'
[0.418s] INFO:colcon.colcon_core.shell:Skip shell extension 'powershell' for command environment: Not usable outside of PowerShell
[0.418s] DEBUG:colcon.colcon_core.shell:Skip shell extension 'dsv' for command environment
[0.442s] DEBUG:colcon.colcon_core.event_handler.log_command:Invoking command in '/home/jn403l/Documents/ros2-sandbox/build/bumperbot_cpp_examples': CMAKE_PREFIX_PATH=${CMAKE_PREFIX_PATH}:/opt/ros/jazzy DEBUGINFOD_URLS=https://debuginfod.ubuntu.com /usr/bin/cmake --build /home/jn403l/Documents/ros2-sandbox/build/bumperbot_cpp_examples -- -j4 -l4
[0.452s] DEBUG:colcon.colcon_core.event_handler.log_command:Invoking command in '/home/jn403l/Documents/ros2-sandbox/build/bumperbot_description': CMAKE_PREFIX_PATH=${CMAKE_PREFIX_PATH}:/opt/ros/jazzy DEBUGINFOD_URLS=https://debuginfod.ubuntu.com /usr/bin/cmake /home/jn403l/Documents/ros2-sandbox/src/bumperbot_description -DCMAKE_INSTALL_PREFIX=/home/jn403l/Documents/ros2-sandbox/install/bumperbot_description
[1.075s] INFO:colcon.colcon_core.task.python.build:Building Python package in '/home/jn403l/Documents/ros2-sandbox/src/bumperbot_py_examples'
[1.075s] INFO:colcon.colcon_core.shell:Skip shell extension 'powershell' for command environment: Not usable outside of PowerShell
[1.075s] DEBUG:colcon.colcon_core.shell:Skip shell extension 'dsv' for command environment
[1.088s] DEBUG:colcon.colcon_core.event_handler.log_command:Invoked command in '/home/jn403l/Documents/ros2-sandbox/build/bumperbot_cpp_examples' returned '0': CMAKE_PREFIX_PATH=${CMAKE_PREFIX_PATH}:/opt/ros/jazzy DEBUGINFOD_URLS=https://debuginfod.ubuntu.com /usr/bin/cmake --build /home/jn403l/Documents/ros2-sandbox/build/bumperbot_cpp_examples -- -j4 -l4
[1.116s] DEBUG:colcon.colcon_core.event_handler.log_command:Invoking command in '/home/jn403l/Documents/ros2-sandbox/build/bumperbot_cpp_examples': CMAKE_PREFIX_PATH=${CMAKE_PREFIX_PATH}:/opt/ros/jazzy DEBUGINFOD_URLS=https://debuginfod.ubuntu.com /usr/bin/cmake --install /home/jn403l/Documents/ros2-sandbox/build/bumperbot_cpp_examples
[1.144s] Level 1:colcon.colcon_core.environment:create_environment_scripts_only(bumperbot_cpp_examples)
[1.147s] DEBUG:colcon.colcon_core.event_handler.log_command:Invoked command in '/home/jn403l/Documents/ros2-sandbox/build/bumperbot_cpp_examples' returned '0': CMAKE_PREFIX_PATH=${CMAKE_PREFIX_PATH}:/opt/ros/jazzy DEBUGINFOD_URLS=https://debuginfod.ubuntu.com /usr/bin/cmake --install /home/jn403l/Documents/ros2-sandbox/build/bumperbot_cpp_examples
[1.149s] Level 1:colcon.colcon_core.environment:checking '/home/jn403l/Documents/ros2-sandbox/install/bumperbot_cpp_examples' for CMake module files
[1.150s] Level 1:colcon.colcon_core.environment:checking '/home/jn403l/Documents/ros2-sandbox/install/bumperbot_cpp_examples' for CMake config files
[1.151s] Level 1:colcon.colcon_core.shell:create_environment_hook('bumperbot_cpp_examples', 'cmake_prefix_path')
[1.151s] INFO:colcon.colcon_core.shell:Creating environment hook '/home/jn403l/Documents/ros2-sandbox/install/bumperbot_cpp_examples/share/bumperbot_cpp_examples/hook/cmake_prefix_path.ps1'
[1.152s] INFO:colcon.colcon_core.shell:Creating environment descriptor '/home/jn403l/Documents/ros2-sandbox/install/bumperbot_cpp_examples/share/bumperbot_cpp_examples/hook/cmake_prefix_path.dsv'
[1.153s] INFO:colcon.colcon_core.shell:Creating environment hook '/home/jn403l/Documents/ros2-sandbox/install/bumperbot_cpp_examples/share/bumperbot_cpp_examples/hook/cmake_prefix_path.sh'
[1.155s] Level 1:colcon.colcon_core.environment:checking '/home/jn403l/Documents/ros2-sandbox/install/bumperbot_cpp_examples/lib'
[1.156s] Level 1:colcon.colcon_core.environment:checking '/home/jn403l/Documents/ros2-sandbox/install/bumperbot_cpp_examples/bin'
[1.156s] Level 1:colcon.colcon_core.environment:checking '/home/jn403l/Documents/ros2-sandbox/install/bumperbot_cpp_examples/lib/pkgconfig/bumperbot_cpp_examples.pc'
[1.156s] Level 1:colcon.colcon_core.environment:checking '/home/jn403l/Documents/ros2-sandbox/install/bumperbot_cpp_examples/lib/python3.12/site-packages'
[1.157s] Level 1:colcon.colcon_core.environment:checking '/home/jn403l/Documents/ros2-sandbox/install/bumperbot_cpp_examples/bin'
[1.157s] INFO:colcon.colcon_core.shell:Creating package script '/home/jn403l/Documents/ros2-sandbox/install/bumperbot_cpp_examples/share/bumperbot_cpp_examples/package.ps1'
[1.159s] INFO:colcon.colcon_core.shell:Creating package descriptor '/home/jn403l/Documents/ros2-sandbox/install/bumperbot_cpp_examples/share/bumperbot_cpp_examples/package.dsv'
[1.160s] INFO:colcon.colcon_core.shell:Creating package script '/home/jn403l/Documents/ros2-sandbox/install/bumperbot_cpp_examples/share/bumperbot_cpp_examples/package.sh'
[1.161s] INFO:colcon.colcon_core.shell:Creating package script '/home/jn403l/Documents/ros2-sandbox/install/bumperbot_cpp_examples/share/bumperbot_cpp_examples/package.bash'
[1.163s] INFO:colcon.colcon_core.shell:Creating package script '/home/jn403l/Documents/ros2-sandbox/install/bumperbot_cpp_examples/share/bumperbot_cpp_examples/package.zsh'
[1.164s] Level 1:colcon.colcon_core.environment:create_file_with_runtime_dependencies(/home/jn403l/Documents/ros2-sandbox/install/bumperbot_cpp_examples/share/colcon-core/packages/bumperbot_cpp_examples)
[1.165s] Level 1:colcon.colcon_core.environment:create_environment_scripts_only(bumperbot_cpp_examples)
[1.166s] Level 1:colcon.colcon_core.environment:checking '/home/jn403l/Documents/ros2-sandbox/install/bumperbot_cpp_examples' for CMake module files
[1.167s] Level 1:colcon.colcon_core.environment:checking '/home/jn403l/Documents/ros2-sandbox/install/bumperbot_cpp_examples' for CMake config files
[1.167s] Level 1:colcon.colcon_core.shell:create_environment_hook('bumperbot_cpp_examples', 'cmake_prefix_path')
[1.168s] INFO:colcon.colcon_core.shell:Creating environment hook '/home/jn403l/Documents/ros2-sandbox/install/bumperbot_cpp_examples/share/bumperbot_cpp_examples/hook/cmake_prefix_path.ps1'
[1.169s] INFO:colcon.colcon_core.shell:Creating environment descriptor '/home/jn403l/Documents/ros2-sandbox/install/bumperbot_cpp_examples/share/bumperbot_cpp_examples/hook/cmake_prefix_path.dsv'
[1.169s] INFO:colcon.colcon_core.shell:Creating environment hook '/home/jn403l/Documents/ros2-sandbox/install/bumperbot_cpp_examples/share/bumperbot_cpp_examples/hook/cmake_prefix_path.sh'
[1.170s] Level 1:colcon.colcon_core.environment:checking '/home/jn403l/Documents/ros2-sandbox/install/bumperbot_cpp_examples/lib'
[1.171s] Level 1:colcon.colcon_core.environment:checking '/home/jn403l/Documents/ros2-sandbox/install/bumperbot_cpp_examples/bin'
[1.171s] Level 1:colcon.colcon_core.environment:checking '/home/jn403l/Documents/ros2-sandbox/install/bumperbot_cpp_examples/lib/pkgconfig/bumperbot_cpp_examples.pc'
[1.171s] Level 1:colcon.colcon_core.environment:checking '/home/jn403l/Documents/ros2-sandbox/install/bumperbot_cpp_examples/lib/python3.12/site-packages'
[1.172s] Level 1:colcon.colcon_core.environment:checking '/home/jn403l/Documents/ros2-sandbox/install/bumperbot_cpp_examples/bin'
[1.172s] INFO:colcon.colcon_core.shell:Creating package script '/home/jn403l/Documents/ros2-sandbox/install/bumperbot_cpp_examples/share/bumperbot_cpp_examples/package.ps1'
[1.173s] INFO:colcon.colcon_core.shell:Creating package descriptor '/home/jn403l/Documents/ros2-sandbox/install/bumperbot_cpp_examples/share/bumperbot_cpp_examples/package.dsv'
[1.174s] INFO:colcon.colcon_core.shell:Creating package script '/home/jn403l/Documents/ros2-sandbox/install/bumperbot_cpp_examples/share/bumperbot_cpp_examples/package.sh'
[1.176s] INFO:colcon.colcon_core.shell:Creating package script '/home/jn403l/Documents/ros2-sandbox/install/bumperbot_cpp_examples/share/bumperbot_cpp_examples/package.bash'
[1.177s] INFO:colcon.colcon_core.shell:Creating package script '/home/jn403l/Documents/ros2-sandbox/install/bumperbot_cpp_examples/share/bumperbot_cpp_examples/package.zsh'
[1.178s] Level 1:colcon.colcon_core.environment:create_file_with_runtime_dependencies(/home/jn403l/Documents/ros2-sandbox/install/bumperbot_cpp_examples/share/colcon-core/packages/bumperbot_cpp_examples)
[2.259s] DEBUG:colcon.colcon_core.event_handler.log_command:Invoked command in '/home/jn403l/Documents/ros2-sandbox/build/bumperbot_description' returned '0': CMAKE_PREFIX_PATH=${CMAKE_PREFIX_PATH}:/opt/ros/jazzy DEBUGINFOD_URLS=https://debuginfod.ubuntu.com /usr/bin/cmake /home/jn403l/Documents/ros2-sandbox/src/bumperbot_description -DCMAKE_INSTALL_PREFIX=/home/jn403l/Documents/ros2-sandbox/install/bumperbot_description
[2.261s] DEBUG:colcon.colcon_core.event_handler.log_command:Invoking command in '/home/jn403l/Documents/ros2-sandbox/build/bumperbot_description': CMAKE_PREFIX_PATH=${CMAKE_PREFIX_PATH}:/opt/ros/jazzy DEBUGINFOD_URLS=https://debuginfod.ubuntu.com /usr/bin/cmake --build /home/jn403l/Documents/ros2-sandbox/build/bumperbot_description -- -j4 -l4
[2.345s] DEBUG:colcon.colcon_core.event_handler.log_command:Invoked command in '/home/jn403l/Documents/ros2-sandbox/build/bumperbot_description' returned '0': CMAKE_PREFIX_PATH=${CMAKE_PREFIX_PATH}:/opt/ros/jazzy DEBUGINFOD_URLS=https://debuginfod.ubuntu.com /usr/bin/cmake --build /home/jn403l/Documents/ros2-sandbox/build/bumperbot_description -- -j4 -l4
[2.347s] DEBUG:colcon.colcon_core.event_handler.log_command:Invoking command in '/home/jn403l/Documents/ros2-sandbox/build/bumperbot_description': CMAKE_PREFIX_PATH=${CMAKE_PREFIX_PATH}:/opt/ros/jazzy DEBUGINFOD_URLS=https://debuginfod.ubuntu.com /usr/bin/cmake --install /home/jn403l/Documents/ros2-sandbox/build/bumperbot_description
[2.371s] Level 1:colcon.colcon_core.environment:create_environment_scripts_only(bumperbot_description)
[2.372s] Level 1:colcon.colcon_core.environment:checking '/home/jn403l/Documents/ros2-sandbox/install/bumperbot_description' for CMake module files
[2.373s] DEBUG:colcon.colcon_core.event_handler.log_command:Invoked command in '/home/jn403l/Documents/ros2-sandbox/build/bumperbot_description' returned '0': CMAKE_PREFIX_PATH=${CMAKE_PREFIX_PATH}:/opt/ros/jazzy DEBUGINFOD_URLS=https://debuginfod.ubuntu.com /usr/bin/cmake --install /home/jn403l/Documents/ros2-sandbox/build/bumperbot_description
[2.374s] Level 1:colcon.colcon_core.environment:checking '/home/jn403l/Documents/ros2-sandbox/install/bumperbot_description' for CMake config files
[2.374s] Level 1:colcon.colcon_core.shell:create_environment_hook('bumperbot_description', 'cmake_prefix_path')
[2.375s] INFO:colcon.colcon_core.shell:Creating environment hook '/home/jn403l/Documents/ros2-sandbox/install/bumperbot_description/share/bumperbot_description/hook/cmake_prefix_path.ps1'
[2.375s] INFO:colcon.colcon_core.shell:Creating environment descriptor '/home/jn403l/Documents/ros2-sandbox/install/bumperbot_description/share/bumperbot_description/hook/cmake_prefix_path.dsv'
[2.376s] INFO:colcon.colcon_core.shell:Creating environment hook '/home/jn403l/Documents/ros2-sandbox/install/bumperbot_description/share/bumperbot_description/hook/cmake_prefix_path.sh'
[2.377s] Level 1:colcon.colcon_core.environment:checking '/home/jn403l/Documents/ros2-sandbox/install/bumperbot_description/bin'
[2.377s] Level 1:colcon.colcon_core.environment:checking '/home/jn403l/Documents/ros2-sandbox/install/bumperbot_description/lib/pkgconfig/bumperbot_description.pc'
[2.377s] Level 1:colcon.colcon_core.environment:checking '/home/jn403l/Documents/ros2-sandbox/install/bumperbot_description/lib/python3.12/site-packages'
[2.378s] Level 1:colcon.colcon_core.environment:checking '/home/jn403l/Documents/ros2-sandbox/install/bumperbot_description/bin'
[2.378s] INFO:colcon.colcon_core.shell:Creating package script '/home/jn403l/Documents/ros2-sandbox/install/bumperbot_description/share/bumperbot_description/package.ps1'
[2.378s] INFO:colcon.colcon_core.shell:Creating package descriptor '/home/jn403l/Documents/ros2-sandbox/install/bumperbot_description/share/bumperbot_description/package.dsv'
[2.379s] INFO:colcon.colcon_core.shell:Creating package script '/home/jn403l/Documents/ros2-sandbox/install/bumperbot_description/share/bumperbot_description/package.sh'
[2.380s] INFO:colcon.colcon_core.shell:Creating package script '/home/jn403l/Documents/ros2-sandbox/install/bumperbot_description/share/bumperbot_description/package.bash'
[2.380s] INFO:colcon.colcon_core.shell:Creating package script '/home/jn403l/Documents/ros2-sandbox/install/bumperbot_description/share/bumperbot_description/package.zsh'
[2.381s] Level 1:colcon.colcon_core.environment:create_file_with_runtime_dependencies(/home/jn403l/Documents/ros2-sandbox/install/bumperbot_description/share/colcon-core/packages/bumperbot_description)
[2.382s] Level 1:colcon.colcon_core.environment:create_environment_scripts_only(bumperbot_description)
[2.383s] Level 1:colcon.colcon_core.environment:checking '/home/jn403l/Documents/ros2-sandbox/install/bumperbot_description' for CMake module files
[2.384s] Level 1:colcon.colcon_core.environment:checking '/home/jn403l/Documents/ros2-sandbox/install/bumperbot_description' for CMake config files
[2.384s] Level 1:colcon.colcon_core.shell:create_environment_hook('bumperbot_description', 'cmake_prefix_path')
[2.385s] INFO:colcon.colcon_core.shell:Creating environment hook '/home/jn403l/Documents/ros2-sandbox/install/bumperbot_description/share/bumperbot_description/hook/cmake_prefix_path.ps1'
[2.386s] INFO:colcon.colcon_core.shell:Creating environment descriptor '/home/jn403l/Documents/ros2-sandbox/install/bumperbot_description/share/bumperbot_description/hook/cmake_prefix_path.dsv'
[2.387s] INFO:colcon.colcon_core.shell:Creating environment hook '/home/jn403l/Documents/ros2-sandbox/install/bumperbot_description/share/bumperbot_description/hook/cmake_prefix_path.sh'
[2.393s] Level 1:colcon.colcon_core.environment:checking '/home/jn403l/Documents/ros2-sandbox/install/bumperbot_description/bin'
[2.393s] Level 1:colcon.colcon_core.environment:checking '/home/jn403l/Documents/ros2-sandbox/install/bumperbot_description/lib/pkgconfig/bumperbot_description.pc'
[2.395s] Level 1:colcon.colcon_core.environment:checking '/home/jn403l/Documents/ros2-sandbox/install/bumperbot_description/lib/python3.12/site-packages'
[2.396s] Level 1:colcon.colcon_core.environment:checking '/home/jn403l/Documents/ros2-sandbox/install/bumperbot_description/bin'
[2.397s] INFO:colcon.colcon_core.shell:Creating package script '/home/jn403l/Documents/ros2-sandbox/install/bumperbot_description/share/bumperbot_description/package.ps1'
[2.399s] INFO:colcon.colcon_core.shell:Creating package descriptor '/home/jn403l/Documents/ros2-sandbox/install/bumperbot_description/share/bumperbot_description/package.dsv'
[2.401s] INFO:colcon.colcon_core.shell:Creating package script '/home/jn403l/Documents/ros2-sandbox/install/bumperbot_description/share/bumperbot_description/package.sh'
[2.402s] INFO:colcon.colcon_core.shell:Creating package script '/home/jn403l/Documents/ros2-sandbox/install/bumperbot_description/share/bumperbot_description/package.bash'
[2.405s] INFO:colcon.colcon_core.shell:Creating package script '/home/jn403l/Documents/ros2-sandbox/install/bumperbot_description/share/bumperbot_description/package.zsh'
[2.406s] Level 1:colcon.colcon_core.environment:create_file_with_runtime_dependencies(/home/jn403l/Documents/ros2-sandbox/install/bumperbot_description/share/colcon-core/packages/bumperbot_description)
[2.471s] DEBUG:colcon.colcon_core.event_handler.log_command:Invoking command in '/home/jn403l/Documents/ros2-sandbox/src/bumperbot_py_examples': DEBUGINFOD_URLS=https://debuginfod.ubuntu.com PYTHONPATH=/home/jn403l/Documents/ros2-sandbox/build/bumperbot_py_examples/prefix_override:/usr/lib/python3/dist-packages/colcon_core/task/python/colcon_distutils_commands:/home/jn403l/Documents/ros2-sandbox/install/bumperbot_py_examples/lib/python3.12/site-packages:${PYTHONPATH} /usr/bin/python3 -W ignore:setup.py install is deprecated -W ignore:easy_install command is deprecated setup.py egg_info --egg-base ../../build/bumperbot_py_examples build --build-base /home/jn403l/Documents/ros2-sandbox/build/bumperbot_py_examples/build install --record /home/jn403l/Documents/ros2-sandbox/build/bumperbot_py_examples/install.log --single-version-externally-managed install_data
[3.462s] Level 1:colcon.colcon_core.environment:checking '/home/jn403l/Documents/ros2-sandbox/install/bumperbot_py_examples' for CMake module files
[3.463s] DEBUG:colcon.colcon_core.event_handler.log_command:Invoked command in '/home/jn403l/Documents/ros2-sandbox/src/bumperbot_py_examples' returned '0': DEBUGINFOD_URLS=https://debuginfod.ubuntu.com PYTHONPATH=/home/jn403l/Documents/ros2-sandbox/build/bumperbot_py_examples/prefix_override:/usr/lib/python3/dist-packages/colcon_core/task/python/colcon_distutils_commands:/home/jn403l/Documents/ros2-sandbox/install/bumperbot_py_examples/lib/python3.12/site-packages:${PYTHONPATH} /usr/bin/python3 -W ignore:setup.py install is deprecated -W ignore:easy_install command is deprecated setup.py egg_info --egg-base ../../build/bumperbot_py_examples build --build-base /home/jn403l/Documents/ros2-sandbox/build/bumperbot_py_examples/build install --record /home/jn403l/Documents/ros2-sandbox/build/bumperbot_py_examples/install.log --single-version-externally-managed install_data
[3.464s] Level 1:colcon.colcon_core.environment:checking '/home/jn403l/Documents/ros2-sandbox/install/bumperbot_py_examples' for CMake config files
[3.465s] Level 1:colcon.colcon_core.environment:checking '/home/jn403l/Documents/ros2-sandbox/install/bumperbot_py_examples/lib'
[3.465s] Level 1:colcon.colcon_core.environment:checking '/home/jn403l/Documents/ros2-sandbox/install/bumperbot_py_examples/bin'
[3.465s] Level 1:colcon.colcon_core.environment:checking '/home/jn403l/Documents/ros2-sandbox/install/bumperbot_py_examples/lib/pkgconfig/bumperbot_py_examples.pc'
[3.466s] Level 1:colcon.colcon_core.environment:checking '/home/jn403l/Documents/ros2-sandbox/install/bumperbot_py_examples/lib/python3.12/site-packages'
[3.466s] Level 1:colcon.colcon_core.shell:create_environment_hook('bumperbot_py_examples', 'pythonpath')
[3.466s] INFO:colcon.colcon_core.shell:Creating environment hook '/home/jn403l/Documents/ros2-sandbox/install/bumperbot_py_examples/share/bumperbot_py_examples/hook/pythonpath.ps1'
[3.467s] INFO:colcon.colcon_core.shell:Creating environment descriptor '/home/jn403l/Documents/ros2-sandbox/install/bumperbot_py_examples/share/bumperbot_py_examples/hook/pythonpath.dsv'
[3.468s] INFO:colcon.colcon_core.shell:Creating environment hook '/home/jn403l/Documents/ros2-sandbox/install/bumperbot_py_examples/share/bumperbot_py_examples/hook/pythonpath.sh'
[3.469s] Level 1:colcon.colcon_core.environment:checking '/home/jn403l/Documents/ros2-sandbox/install/bumperbot_py_examples/bin'
[3.469s] Level 1:colcon.colcon_core.environment:create_environment_scripts_only(bumperbot_py_examples)
[3.469s] INFO:colcon.colcon_core.shell:Creating package script '/home/jn403l/Documents/ros2-sandbox/install/bumperbot_py_examples/share/bumperbot_py_examples/package.ps1'
[3.471s] INFO:colcon.colcon_core.shell:Creating package descriptor '/home/jn403l/Documents/ros2-sandbox/install/bumperbot_py_examples/share/bumperbot_py_examples/package.dsv'
[3.471s] INFO:colcon.colcon_core.shell:Creating package script '/home/jn403l/Documents/ros2-sandbox/install/bumperbot_py_examples/share/bumperbot_py_examples/package.sh'
[3.472s] INFO:colcon.colcon_core.shell:Creating package script '/home/jn403l/Documents/ros2-sandbox/install/bumperbot_py_examples/share/bumperbot_py_examples/package.bash'
[3.473s] INFO:colcon.colcon_core.shell:Creating package script '/home/jn403l/Documents/ros2-sandbox/install/bumperbot_py_examples/share/bumperbot_py_examples/package.zsh'
[3.473s] Level 1:colcon.colcon_core.environment:create_file_with_runtime_dependencies(/home/jn403l/Documents/ros2-sandbox/install/bumperbot_py_examples/share/colcon-core/packages/bumperbot_py_examples)
[3.474s] DEBUG:colcon.colcon_parallel_executor.executor.parallel:closing loop
[3.474s] DEBUG:colcon.colcon_parallel_executor.executor.parallel:loop closed
[3.474s] DEBUG:colcon.colcon_parallel_executor.executor.parallel:run_until_complete finished with '0'
[3.474s] DEBUG:colcon.colcon_core.event_reactor:joining thread
[3.487s] INFO:colcon.colcon_core.plugin_system:Skipping extension 'colcon_notification.desktop_notification.terminal_notifier': Not used on non-Darwin systems
[3.487s] INFO:colcon.colcon_core.plugin_system:Skipping extension 'colcon_notification.desktop_notification.win32': Not used on non-Windows systems
[3.488s] INFO:colcon.colcon_notification.desktop_notification:Sending desktop notification using 'notify2'
[3.516s] DEBUG:colcon.colcon_core.event_reactor:joined thread
[3.517s] INFO:colcon.colcon_core.shell:Creating prefix script '/home/jn403l/Documents/ros2-sandbox/install/local_setup.ps1'
[3.519s] INFO:colcon.colcon_core.shell:Creating prefix util module '/home/jn403l/Documents/ros2-sandbox/install/_local_setup_util_ps1.py'
[3.521s] INFO:colcon.colcon_core.shell:Creating prefix chain script '/home/jn403l/Documents/ros2-sandbox/install/setup.ps1'
[3.522s] INFO:colcon.colcon_core.shell:Creating prefix script '/home/jn403l/Documents/ros2-sandbox/install/local_setup.sh'
[3.523s] INFO:colcon.colcon_core.shell:Creating prefix util module '/home/jn403l/Documents/ros2-sandbox/install/_local_setup_util_sh.py'
[3.524s] INFO:colcon.colcon_core.shell:Creating prefix chain script '/home/jn403l/Documents/ros2-sandbox/install/setup.sh'
[3.526s] INFO:colcon.colcon_core.shell:Creating prefix script '/home/jn403l/Documents/ros2-sandbox/install/local_setup.bash'
[3.526s] INFO:colcon.colcon_core.shell:Creating prefix chain script '/home/jn403l/Documents/ros2-sandbox/install/setup.bash'
[3.531s] INFO:colcon.colcon_core.shell:Creating prefix script '/home/jn403l/Documents/ros2-sandbox/install/local_setup.zsh'
[3.533s] INFO:colcon.colcon_core.shell:Creating prefix chain script '/home/jn403l/Documents/ros2-sandbox/install/setup.zsh'
