[0.152s] DEBUG:colcon:Command line arguments: ['/usr/bin/colcon', 'build']
[0.153s] DEBUG:colcon:Parsed command line arguments: Namespace(log_base=None, log_level=None, verb_name='build', build_base='build', install_base='install', merge_install=False, symlink_install=False, test_result_base=None, continue_on_error=False, executor='parallel', parallel_workers=4, event_handlers=None, ignore_user_meta=False, metas=['./colcon.meta'], base_paths=['.'], packages_ignore=None, packages_ignore_regex=None, paths=None, packages_up_to=None, packages_up_to_regex=None, packages_above=None, packages_above_and_dependencies=None, packages_above_depth=None, packages_select_by_dep=None, packages_skip_by_dep=None, packages_skip_up_to=None, packages_select_build_failed=False, packages_skip_build_finished=False, packages_select_test_failures=False, packages_skip_test_passed=False, packages_select=None, packages_skip=None, packages_select_regex=None, packages_skip_regex=None, packages_start=None, packages_end=None, allow_overriding=[], cmake_args=None, cmake_target=None, cmake_target_skip_unavailable=False, cmake_clean_cache=False, cmake_clean_first=False, cmake_force_configure=False, ament_cmake_args=None, catkin_cmake_args=None, catkin_skip_building_tests=False, mixin_files=None, mixin=None, verb_parser=<colcon_mixin.mixin.mixin_argument.MixinArgumentDecorator object at 0x7f21f77911c0>, verb_extension=<colcon_core.verb.build.BuildVerb object at 0x7f21f7790dd0>, main=<bound method BuildVerb.main of <colcon_core.verb.build.BuildVerb object at 0x7f21f7790dd0>>, mixin_verb=('build',))
[0.218s] Level 1:colcon.colcon_core.package_discovery:discover_packages(colcon_meta) check parameters
[0.218s] Level 1:colcon.colcon_core.package_discovery:discover_packages(recursive) check parameters
[0.218s] Level 1:colcon.colcon_core.package_discovery:discover_packages(ignore) check parameters
[0.218s] Level 1:colcon.colcon_core.package_discovery:discover_packages(path) check parameters
[0.218s] Level 1:colcon.colcon_core.package_discovery:discover_packages(colcon_meta) discover
[0.219s] Level 1:colcon.colcon_core.package_discovery:discover_packages(recursive) discover
[0.219s] INFO:colcon.colcon_core.package_discovery:Crawling recursively for packages in '/home/jn403l/Documents/ros2-sandbox'
[0.219s] Level 1:colcon.colcon_core.package_identification:_identify(.) by extensions ['ignore', 'ignore_ament_install']
[0.219s] Level 1:colcon.colcon_core.package_identification:_identify(.) by extension 'ignore'
[0.219s] Level 1:colcon.colcon_core.package_identification:_identify(.) by extension 'ignore_ament_install'
[0.219s] Level 1:colcon.colcon_core.package_identification:_identify(.) by extensions ['colcon_pkg']
[0.219s] Level 1:colcon.colcon_core.package_identification:_identify(.) by extension 'colcon_pkg'
[0.219s] Level 1:colcon.colcon_core.package_identification:_identify(.) by extensions ['colcon_meta']
[0.219s] Level 1:colcon.colcon_core.package_identification:_identify(.) by extension 'colcon_meta'
[0.219s] Level 1:colcon.colcon_core.package_identification:_identify(.) by extensions ['ros']
[0.219s] Level 1:colcon.colcon_core.package_identification:_identify(.) by extension 'ros'
[0.259s] Level 1:colcon.colcon_core.package_identification:_identify(.) by extensions ['cmake', 'python']
[0.259s] Level 1:colcon.colcon_core.package_identification:_identify(.) by extension 'cmake'
[0.259s] Level 1:colcon.colcon_core.package_identification:_identify(.) by extension 'python'
[0.259s] Level 1:colcon.colcon_core.package_identification:_identify(.) by extensions ['python_setup_py']
[0.259s] Level 1:colcon.colcon_core.package_identification:_identify(.) by extension 'python_setup_py'
[0.260s] Level 1:colcon.colcon_core.package_identification:_identify(build) by extensions ['ignore', 'ignore_ament_install']
[0.260s] Level 1:colcon.colcon_core.package_identification:_identify(build) by extension 'ignore'
[0.260s] Level 1:colcon.colcon_core.package_identification:_identify(build) ignored
[0.260s] Level 1:colcon.colcon_core.package_identification:_identify(install) by extensions ['ignore', 'ignore_ament_install']
[0.260s] Level 1:colcon.colcon_core.package_identification:_identify(install) by extension 'ignore'
[0.261s] Level 1:colcon.colcon_core.package_identification:_identify(install) ignored
[0.261s] Level 1:colcon.colcon_core.package_identification:_identify(log) by extensions ['ignore', 'ignore_ament_install']
[0.261s] Level 1:colcon.colcon_core.package_identification:_identify(log) by extension 'ignore'
[0.261s] Level 1:colcon.colcon_core.package_identification:_identify(log) ignored
[0.261s] Level 1:colcon.colcon_core.package_identification:_identify(src) by extensions ['ignore', 'ignore_ament_install']
[0.261s] Level 1:colcon.colcon_core.package_identification:_identify(src) by extension 'ignore'
[0.261s] Level 1:colcon.colcon_core.package_identification:_identify(src) by extension 'ignore_ament_install'
[0.261s] Level 1:colcon.colcon_core.package_identification:_identify(src) by extensions ['colcon_pkg']
[0.262s] Level 1:colcon.colcon_core.package_identification:_identify(src) by extension 'colcon_pkg'
[0.262s] Level 1:colcon.colcon_core.package_identification:_identify(src) by extensions ['colcon_meta']
[0.262s] Level 1:colcon.colcon_core.package_identification:_identify(src) by extension 'colcon_meta'
[0.262s] Level 1:colcon.colcon_core.package_identification:_identify(src) by extensions ['ros']
[0.262s] Level 1:colcon.colcon_core.package_identification:_identify(src) by extension 'ros'
[0.262s] Level 1:colcon.colcon_core.package_identification:_identify(src) by extensions ['cmake', 'python']
[0.262s] Level 1:colcon.colcon_core.package_identification:_identify(src) by extension 'cmake'
[0.262s] Level 1:colcon.colcon_core.package_identification:_identify(src) by extension 'python'
[0.262s] Level 1:colcon.colcon_core.package_identification:_identify(src) by extensions ['python_setup_py']
[0.262s] Level 1:colcon.colcon_core.package_identification:_identify(src) by extension 'python_setup_py'
[0.263s] Level 1:colcon.colcon_core.package_identification:_identify(src/bumperbot_cpp_examples) by extensions ['ignore', 'ignore_ament_install']
[0.263s] Level 1:colcon.colcon_core.package_identification:_identify(src/bumperbot_cpp_examples) by extension 'ignore'
[0.263s] Level 1:colcon.colcon_core.package_identification:_identify(src/bumperbot_cpp_examples) by extension 'ignore_ament_install'
[0.263s] Level 1:colcon.colcon_core.package_identification:_identify(src/bumperbot_cpp_examples) by extensions ['colcon_pkg']
[0.263s] Level 1:colcon.colcon_core.package_identification:_identify(src/bumperbot_cpp_examples) by extension 'colcon_pkg'
[0.263s] Level 1:colcon.colcon_core.package_identification:_identify(src/bumperbot_cpp_examples) by extensions ['colcon_meta']
[0.263s] Level 1:colcon.colcon_core.package_identification:_identify(src/bumperbot_cpp_examples) by extension 'colcon_meta'
[0.263s] Level 1:colcon.colcon_core.package_identification:_identify(src/bumperbot_cpp_examples) by extensions ['ros']
[0.264s] Level 1:colcon.colcon_core.package_identification:_identify(src/bumperbot_cpp_examples) by extension 'ros'
[0.268s] DEBUG:colcon.colcon_core.package_identification:Package 'src/bumperbot_cpp_examples' with type 'ros.ament_cmake' and name 'bumperbot_cpp_examples'
[0.268s] Level 1:colcon.colcon_core.package_identification:_identify(src/bumperbot_description) by extensions ['ignore', 'ignore_ament_install']
[0.268s] Level 1:colcon.colcon_core.package_identification:_identify(src/bumperbot_description) by extension 'ignore'
[0.268s] Level 1:colcon.colcon_core.package_identification:_identify(src/bumperbot_description) by extension 'ignore_ament_install'
[0.268s] Level 1:colcon.colcon_core.package_identification:_identify(src/bumperbot_description) by extensions ['colcon_pkg']
[0.268s] Level 1:colcon.colcon_core.package_identification:_identify(src/bumperbot_description) by extension 'colcon_pkg'
[0.268s] Level 1:colcon.colcon_core.package_identification:_identify(src/bumperbot_description) by extensions ['colcon_meta']
[0.268s] Level 1:colcon.colcon_core.package_identification:_identify(src/bumperbot_description) by extension 'colcon_meta'
[0.268s] Level 1:colcon.colcon_core.package_identification:_identify(src/bumperbot_description) by extensions ['ros']
[0.269s] Level 1:colcon.colcon_core.package_identification:_identify(src/bumperbot_description) by extension 'ros'
[0.269s] DEBUG:colcon.colcon_core.package_identification:Package 'src/bumperbot_description' with type 'ros.ament_cmake' and name 'bumperbot_description'
[0.269s] Level 1:colcon.colcon_core.package_identification:_identify(src/bumperbot_py_examples) by extensions ['ignore', 'ignore_ament_install']
[0.269s] Level 1:colcon.colcon_core.package_identification:_identify(src/bumperbot_py_examples) by extension 'ignore'
[0.269s] Level 1:colcon.colcon_core.package_identification:_identify(src/bumperbot_py_examples) by extension 'ignore_ament_install'
[0.270s] Level 1:colcon.colcon_core.package_identification:_identify(src/bumperbot_py_examples) by extensions ['colcon_pkg']
[0.270s] Level 1:colcon.colcon_core.package_identification:_identify(src/bumperbot_py_examples) by extension 'colcon_pkg'
[0.270s] Level 1:colcon.colcon_core.package_identification:_identify(src/bumperbot_py_examples) by extensions ['colcon_meta']
[0.270s] Level 1:colcon.colcon_core.package_identification:_identify(src/bumperbot_py_examples) by extension 'colcon_meta'
[0.270s] Level 1:colcon.colcon_core.package_identification:_identify(src/bumperbot_py_examples) by extensions ['ros']
[0.270s] Level 1:colcon.colcon_core.package_identification:_identify(src/bumperbot_py_examples) by extension 'ros'
[0.270s] DEBUG:colcon.colcon_core.package_identification:Package 'src/bumperbot_py_examples' with type 'ros.ament_python' and name 'bumperbot_py_examples'
[0.270s] Level 1:colcon.colcon_core.package_discovery:discover_packages(recursive) using defaults
[0.270s] Level 1:colcon.colcon_core.package_discovery:discover_packages(ignore) discover
[0.270s] Level 1:colcon.colcon_core.package_discovery:discover_packages(ignore) using defaults
[0.271s] Level 1:colcon.colcon_core.package_discovery:discover_packages(path) discover
[0.271s] Level 1:colcon.colcon_core.package_discovery:discover_packages(path) using defaults
[0.294s] Level 1:colcon.colcon_core.package_discovery:discover_packages(prefix_path) check parameters
[0.294s] Level 1:colcon.colcon_core.package_discovery:discover_packages(prefix_path) discover
[0.298s] DEBUG:colcon.colcon_installed_package_information.package_discovery:Found 385 installed packages in /opt/ros/jazzy
[0.301s] Level 1:colcon.colcon_core.package_discovery:discover_packages(prefix_path) using defaults
[0.373s] Level 5:colcon.colcon_core.verb:set package 'bumperbot_cpp_examples' build argument 'cmake_args' from command line to 'None'
[0.374s] Level 5:colcon.colcon_core.verb:set package 'bumperbot_cpp_examples' build argument 'cmake_target' from command line to 'None'
[0.374s] Level 5:colcon.colcon_core.verb:set package 'bumperbot_cpp_examples' build argument 'cmake_target_skip_unavailable' from command line to 'False'
[0.374s] Level 5:colcon.colcon_core.verb:set package 'bumperbot_cpp_examples' build argument 'cmake_clean_cache' from command line to 'False'
[0.374s] Level 5:colcon.colcon_core.verb:set package 'bumperbot_cpp_examples' build argument 'cmake_clean_first' from command line to 'False'
[0.374s] Level 5:colcon.colcon_core.verb:set package 'bumperbot_cpp_examples' build argument 'cmake_force_configure' from command line to 'False'
[0.374s] Level 5:colcon.colcon_core.verb:set package 'bumperbot_cpp_examples' build argument 'ament_cmake_args' from command line to 'None'
[0.374s] Level 5:colcon.colcon_core.verb:set package 'bumperbot_cpp_examples' build argument 'catkin_cmake_args' from command line to 'None'
[0.374s] Level 5:colcon.colcon_core.verb:set package 'bumperbot_cpp_examples' build argument 'catkin_skip_building_tests' from command line to 'False'
[0.374s] DEBUG:colcon.colcon_core.verb:Building package 'bumperbot_cpp_examples' with the following arguments: {'ament_cmake_args': None, 'build_base': '/home/jn403l/Documents/ros2-sandbox/build/bumperbot_cpp_examples', 'catkin_cmake_args': None, 'catkin_skip_building_tests': False, 'cmake_args': None, 'cmake_clean_cache': False, 'cmake_clean_first': False, 'cmake_force_configure': False, 'cmake_target': None, 'cmake_target_skip_unavailable': False, 'install_base': '/home/jn403l/Documents/ros2-sandbox/install/bumperbot_cpp_examples', 'merge_install': False, 'path': '/home/jn403l/Documents/ros2-sandbox/src/bumperbot_cpp_examples', 'symlink_install': False, 'test_result_base': None}
[0.374s] Level 5:colcon.colcon_core.verb:set package 'bumperbot_description' build argument 'cmake_args' from command line to 'None'
[0.374s] Level 5:colcon.colcon_core.verb:set package 'bumperbot_description' build argument 'cmake_target' from command line to 'None'
[0.374s] Level 5:colcon.colcon_core.verb:set package 'bumperbot_description' build argument 'cmake_target_skip_unavailable' from command line to 'False'
[0.374s] Level 5:colcon.colcon_core.verb:set package 'bumperbot_description' build argument 'cmake_clean_cache' from command line to 'False'
[0.374s] Level 5:colcon.colcon_core.verb:set package 'bumperbot_description' build argument 'cmake_clean_first' from command line to 'False'
[0.374s] Level 5:colcon.colcon_core.verb:set package 'bumperbot_description' build argument 'cmake_force_configure' from command line to 'False'
[0.374s] Level 5:colcon.colcon_core.verb:set package 'bumperbot_description' build argument 'ament_cmake_args' from command line to 'None'
[0.374s] Level 5:colcon.colcon_core.verb:set package 'bumperbot_description' build argument 'catkin_cmake_args' from command line to 'None'
[0.374s] Level 5:colcon.colcon_core.verb:set package 'bumperbot_description' build argument 'catkin_skip_building_tests' from command line to 'False'
[0.374s] DEBUG:colcon.colcon_core.verb:Building package 'bumperbot_description' with the following arguments: {'ament_cmake_args': None, 'build_base': '/home/jn403l/Documents/ros2-sandbox/build/bumperbot_description', 'catkin_cmake_args': None, 'catkin_skip_building_tests': False, 'cmake_args': None, 'cmake_clean_cache': False, 'cmake_clean_first': False, 'cmake_force_configure': False, 'cmake_target': None, 'cmake_target_skip_unavailable': False, 'install_base': '/home/jn403l/Documents/ros2-sandbox/install/bumperbot_description', 'merge_install': False, 'path': '/home/jn403l/Documents/ros2-sandbox/src/bumperbot_description', 'symlink_install': False, 'test_result_base': None}
[0.375s] Level 5:colcon.colcon_core.verb:set package 'bumperbot_py_examples' build argument 'cmake_args' from command line to 'None'
[0.375s] Level 5:colcon.colcon_core.verb:set package 'bumperbot_py_examples' build argument 'cmake_target' from command line to 'None'
[0.375s] Level 5:colcon.colcon_core.verb:set package 'bumperbot_py_examples' build argument 'cmake_target_skip_unavailable' from command line to 'False'
[0.375s] Level 5:colcon.colcon_core.verb:set package 'bumperbot_py_examples' build argument 'cmake_clean_cache' from command line to 'False'
[0.375s] Level 5:colcon.colcon_core.verb:set package 'bumperbot_py_examples' build argument 'cmake_clean_first' from command line to 'False'
[0.375s] Level 5:colcon.colcon_core.verb:set package 'bumperbot_py_examples' build argument 'cmake_force_configure' from command line to 'False'
[0.375s] Level 5:colcon.colcon_core.verb:set package 'bumperbot_py_examples' build argument 'ament_cmake_args' from command line to 'None'
[0.375s] Level 5:colcon.colcon_core.verb:set package 'bumperbot_py_examples' build argument 'catkin_cmake_args' from command line to 'None'
[0.375s] Level 5:colcon.colcon_core.verb:set package 'bumperbot_py_examples' build argument 'catkin_skip_building_tests' from command line to 'False'
[0.375s] DEBUG:colcon.colcon_core.verb:Building package 'bumperbot_py_examples' with the following arguments: {'ament_cmake_args': None, 'build_base': '/home/jn403l/Documents/ros2-sandbox/build/bumperbot_py_examples', 'catkin_cmake_args': None, 'catkin_skip_building_tests': False, 'cmake_args': None, 'cmake_clean_cache': False, 'cmake_clean_first': False, 'cmake_force_configure': False, 'cmake_target': None, 'cmake_target_skip_unavailable': False, 'install_base': '/home/jn403l/Documents/ros2-sandbox/install/bumperbot_py_examples', 'merge_install': False, 'path': '/home/jn403l/Documents/ros2-sandbox/src/bumperbot_py_examples', 'symlink_install': False, 'test_result_base': None}
[0.375s] INFO:colcon.colcon_core.executor:Executing jobs using 'parallel' executor
[0.376s] DEBUG:colcon.colcon_parallel_executor.executor.parallel:run_until_complete
[0.377s] INFO:colcon.colcon_ros.task.ament_cmake.build:Building ROS package in '/home/jn403l/Documents/ros2-sandbox/src/bumperbot_cpp_examples' with build type 'ament_cmake'
[0.377s] INFO:colcon.colcon_cmake.task.cmake.build:Building CMake package in '/home/jn403l/Documents/ros2-sandbox/src/bumperbot_cpp_examples'
[0.385s] INFO:colcon.colcon_core.plugin_system:Skipping extension 'colcon_core.shell.bat': Not used on non-Windows systems
[0.385s] INFO:colcon.colcon_core.shell:Skip shell extension 'powershell' for command environment: Not usable outside of PowerShell
[0.385s] DEBUG:colcon.colcon_core.shell:Skip shell extension 'dsv' for command environment
[0.400s] INFO:colcon.colcon_ros.task.ament_cmake.build:Building ROS package in '/home/jn403l/Documents/ros2-sandbox/src/bumperbot_description' with build type 'ament_cmake'
[0.400s] INFO:colcon.colcon_cmake.task.cmake.build:Building CMake package in '/home/jn403l/Documents/ros2-sandbox/src/bumperbot_description'
[0.401s] INFO:colcon.colcon_core.shell:Skip shell extension 'powershell' for command environment: Not usable outside of PowerShell
[0.401s] DEBUG:colcon.colcon_core.shell:Skip shell extension 'dsv' for command environment
[0.413s] INFO:colcon.colcon_ros.task.ament_python.build:Building ROS package in '/home/jn403l/Documents/ros2-sandbox/src/bumperbot_py_examples' with build type 'ament_python'
[0.413s] Level 1:colcon.colcon_core.shell:create_environment_hook('bumperbot_py_examples', 'ament_prefix_path')
[0.414s] INFO:colcon.colcon_core.shell:Creating environment hook '/home/jn403l/Documents/ros2-sandbox/install/bumperbot_py_examples/share/bumperbot_py_examples/hook/ament_prefix_path.ps1'
[0.416s] INFO:colcon.colcon_core.shell:Creating environment descriptor '/home/jn403l/Documents/ros2-sandbox/install/bumperbot_py_examples/share/bumperbot_py_examples/hook/ament_prefix_path.dsv'
[0.417s] INFO:colcon.colcon_core.shell:Creating environment hook '/home/jn403l/Documents/ros2-sandbox/install/bumperbot_py_examples/share/bumperbot_py_examples/hook/ament_prefix_path.sh'
[0.419s] INFO:colcon.colcon_core.shell:Skip shell extension 'powershell' for command environment: Not usable outside of PowerShell
[0.419s] DEBUG:colcon.colcon_core.shell:Skip shell extension 'dsv' for command environment
[0.445s] DEBUG:colcon.colcon_core.event_handler.log_command:Invoking command in '/home/jn403l/Documents/ros2-sandbox/build/bumperbot_cpp_examples': CMAKE_PREFIX_PATH=${CMAKE_PREFIX_PATH}:/opt/ros/jazzy DEBUGINFOD_URLS=https://debuginfod.ubuntu.com /usr/bin/cmake --build /home/jn403l/Documents/ros2-sandbox/build/bumperbot_cpp_examples -- -j4 -l4
[0.457s] DEBUG:colcon.colcon_core.event_handler.log_command:Invoking command in '/home/jn403l/Documents/ros2-sandbox/build/bumperbot_description': CMAKE_PREFIX_PATH=${CMAKE_PREFIX_PATH}:/opt/ros/jazzy DEBUGINFOD_URLS=https://debuginfod.ubuntu.com /usr/bin/cmake --build /home/jn403l/Documents/ros2-sandbox/build/bumperbot_description -- -j4 -l4
[1.016s] INFO:colcon.colcon_core.task.python.build:Building Python package in '/home/jn403l/Documents/ros2-sandbox/src/bumperbot_py_examples'
[1.017s] INFO:colcon.colcon_core.shell:Skip shell extension 'powershell' for command environment: Not usable outside of PowerShell
[1.017s] DEBUG:colcon.colcon_core.shell:Skip shell extension 'dsv' for command environment
[1.025s] DEBUG:colcon.colcon_core.event_handler.log_command:Invoked command in '/home/jn403l/Documents/ros2-sandbox/build/bumperbot_cpp_examples' returned '0': CMAKE_PREFIX_PATH=${CMAKE_PREFIX_PATH}:/opt/ros/jazzy DEBUGINFOD_URLS=https://debuginfod.ubuntu.com /usr/bin/cmake --build /home/jn403l/Documents/ros2-sandbox/build/bumperbot_cpp_examples -- -j4 -l4
[1.044s] DEBUG:colcon.colcon_core.event_handler.log_command:Invoking command in '/home/jn403l/Documents/ros2-sandbox/build/bumperbot_cpp_examples': CMAKE_PREFIX_PATH=${CMAKE_PREFIX_PATH}:/opt/ros/jazzy DEBUGINFOD_URLS=https://debuginfod.ubuntu.com /usr/bin/cmake --install /home/jn403l/Documents/ros2-sandbox/build/bumperbot_cpp_examples
[1.065s] Level 1:colcon.colcon_core.environment:create_environment_scripts_only(bumperbot_cpp_examples)
[1.068s] DEBUG:colcon.colcon_core.event_handler.log_command:Invoked command in '/home/jn403l/Documents/ros2-sandbox/build/bumperbot_cpp_examples' returned '0': CMAKE_PREFIX_PATH=${CMAKE_PREFIX_PATH}:/opt/ros/jazzy DEBUGINFOD_URLS=https://debuginfod.ubuntu.com /usr/bin/cmake --install /home/jn403l/Documents/ros2-sandbox/build/bumperbot_cpp_examples
[1.071s] Level 1:colcon.colcon_core.environment:checking '/home/jn403l/Documents/ros2-sandbox/install/bumperbot_cpp_examples' for CMake module files
[1.072s] Level 1:colcon.colcon_core.environment:checking '/home/jn403l/Documents/ros2-sandbox/install/bumperbot_cpp_examples' for CMake config files
[1.072s] Level 1:colcon.colcon_core.shell:create_environment_hook('bumperbot_cpp_examples', 'cmake_prefix_path')
[1.073s] INFO:colcon.colcon_core.shell:Creating environment hook '/home/jn403l/Documents/ros2-sandbox/install/bumperbot_cpp_examples/share/bumperbot_cpp_examples/hook/cmake_prefix_path.ps1'
[1.073s] INFO:colcon.colcon_core.shell:Creating environment descriptor '/home/jn403l/Documents/ros2-sandbox/install/bumperbot_cpp_examples/share/bumperbot_cpp_examples/hook/cmake_prefix_path.dsv'
[1.074s] INFO:colcon.colcon_core.shell:Creating environment hook '/home/jn403l/Documents/ros2-sandbox/install/bumperbot_cpp_examples/share/bumperbot_cpp_examples/hook/cmake_prefix_path.sh'
[1.075s] Level 1:colcon.colcon_core.environment:checking '/home/jn403l/Documents/ros2-sandbox/install/bumperbot_cpp_examples/lib'
[1.076s] Level 1:colcon.colcon_core.environment:checking '/home/jn403l/Documents/ros2-sandbox/install/bumperbot_cpp_examples/bin'
[1.076s] Level 1:colcon.colcon_core.environment:checking '/home/jn403l/Documents/ros2-sandbox/install/bumperbot_cpp_examples/lib/pkgconfig/bumperbot_cpp_examples.pc'
[1.076s] Level 1:colcon.colcon_core.environment:checking '/home/jn403l/Documents/ros2-sandbox/install/bumperbot_cpp_examples/lib/python3.12/site-packages'
[1.076s] Level 1:colcon.colcon_core.environment:checking '/home/jn403l/Documents/ros2-sandbox/install/bumperbot_cpp_examples/bin'
[1.077s] INFO:colcon.colcon_core.shell:Creating package script '/home/jn403l/Documents/ros2-sandbox/install/bumperbot_cpp_examples/share/bumperbot_cpp_examples/package.ps1'
[1.078s] INFO:colcon.colcon_core.shell:Creating package descriptor '/home/jn403l/Documents/ros2-sandbox/install/bumperbot_cpp_examples/share/bumperbot_cpp_examples/package.dsv'
[1.079s] INFO:colcon.colcon_core.shell:Creating package script '/home/jn403l/Documents/ros2-sandbox/install/bumperbot_cpp_examples/share/bumperbot_cpp_examples/package.sh'
[1.081s] INFO:colcon.colcon_core.shell:Creating package script '/home/jn403l/Documents/ros2-sandbox/install/bumperbot_cpp_examples/share/bumperbot_cpp_examples/package.bash'
[1.090s] INFO:colcon.colcon_core.shell:Creating package script '/home/jn403l/Documents/ros2-sandbox/install/bumperbot_cpp_examples/share/bumperbot_cpp_examples/package.zsh'
[1.094s] Level 1:colcon.colcon_core.environment:create_file_with_runtime_dependencies(/home/jn403l/Documents/ros2-sandbox/install/bumperbot_cpp_examples/share/colcon-core/packages/bumperbot_cpp_examples)
[1.098s] Level 1:colcon.colcon_core.environment:create_environment_scripts_only(bumperbot_cpp_examples)
[1.098s] Level 1:colcon.colcon_core.environment:checking '/home/jn403l/Documents/ros2-sandbox/install/bumperbot_cpp_examples' for CMake module files
[1.100s] Level 1:colcon.colcon_core.environment:checking '/home/jn403l/Documents/ros2-sandbox/install/bumperbot_cpp_examples' for CMake config files
[1.104s] Level 1:colcon.colcon_core.shell:create_environment_hook('bumperbot_cpp_examples', 'cmake_prefix_path')
[1.108s] INFO:colcon.colcon_core.shell:Creating environment hook '/home/jn403l/Documents/ros2-sandbox/install/bumperbot_cpp_examples/share/bumperbot_cpp_examples/hook/cmake_prefix_path.ps1'
[1.110s] INFO:colcon.colcon_core.shell:Creating environment descriptor '/home/jn403l/Documents/ros2-sandbox/install/bumperbot_cpp_examples/share/bumperbot_cpp_examples/hook/cmake_prefix_path.dsv'
[1.112s] INFO:colcon.colcon_core.shell:Creating environment hook '/home/jn403l/Documents/ros2-sandbox/install/bumperbot_cpp_examples/share/bumperbot_cpp_examples/hook/cmake_prefix_path.sh'
[1.115s] Level 1:colcon.colcon_core.environment:checking '/home/jn403l/Documents/ros2-sandbox/install/bumperbot_cpp_examples/lib'
[1.115s] Level 1:colcon.colcon_core.environment:checking '/home/jn403l/Documents/ros2-sandbox/install/bumperbot_cpp_examples/bin'
[1.115s] Level 1:colcon.colcon_core.environment:checking '/home/jn403l/Documents/ros2-sandbox/install/bumperbot_cpp_examples/lib/pkgconfig/bumperbot_cpp_examples.pc'
[1.116s] Level 1:colcon.colcon_core.environment:checking '/home/jn403l/Documents/ros2-sandbox/install/bumperbot_cpp_examples/lib/python3.12/site-packages'
[1.118s] Level 1:colcon.colcon_core.environment:checking '/home/jn403l/Documents/ros2-sandbox/install/bumperbot_cpp_examples/bin'
[1.118s] INFO:colcon.colcon_core.shell:Creating package script '/home/jn403l/Documents/ros2-sandbox/install/bumperbot_cpp_examples/share/bumperbot_cpp_examples/package.ps1'
[1.120s] INFO:colcon.colcon_core.shell:Creating package descriptor '/home/jn403l/Documents/ros2-sandbox/install/bumperbot_cpp_examples/share/bumperbot_cpp_examples/package.dsv'
[1.121s] INFO:colcon.colcon_core.shell:Creating package script '/home/jn403l/Documents/ros2-sandbox/install/bumperbot_cpp_examples/share/bumperbot_cpp_examples/package.sh'
[1.122s] INFO:colcon.colcon_core.shell:Creating package script '/home/jn403l/Documents/ros2-sandbox/install/bumperbot_cpp_examples/share/bumperbot_cpp_examples/package.bash'
[1.123s] INFO:colcon.colcon_core.shell:Creating package script '/home/jn403l/Documents/ros2-sandbox/install/bumperbot_cpp_examples/share/bumperbot_cpp_examples/package.zsh'
[1.124s] Level 1:colcon.colcon_core.environment:create_file_with_runtime_dependencies(/home/jn403l/Documents/ros2-sandbox/install/bumperbot_cpp_examples/share/colcon-core/packages/bumperbot_cpp_examples)
[1.396s] DEBUG:colcon.colcon_core.event_handler.log_command:Invoked command in '/home/jn403l/Documents/ros2-sandbox/build/bumperbot_description' returned '0': CMAKE_PREFIX_PATH=${CMAKE_PREFIX_PATH}:/opt/ros/jazzy DEBUGINFOD_URLS=https://debuginfod.ubuntu.com /usr/bin/cmake --build /home/jn403l/Documents/ros2-sandbox/build/bumperbot_description -- -j4 -l4
[1.397s] DEBUG:colcon.colcon_core.event_handler.log_command:Invoking command in '/home/jn403l/Documents/ros2-sandbox/build/bumperbot_description': CMAKE_PREFIX_PATH=${CMAKE_PREFIX_PATH}:/opt/ros/jazzy DEBUGINFOD_URLS=https://debuginfod.ubuntu.com /usr/bin/cmake --install /home/jn403l/Documents/ros2-sandbox/build/bumperbot_description
[1.452s] Level 1:colcon.colcon_core.environment:create_environment_scripts_only(bumperbot_description)
[1.453s] Level 1:colcon.colcon_core.environment:checking '/home/jn403l/Documents/ros2-sandbox/install/bumperbot_description' for CMake module files
[1.454s] DEBUG:colcon.colcon_core.event_handler.log_command:Invoked command in '/home/jn403l/Documents/ros2-sandbox/build/bumperbot_description' returned '0': CMAKE_PREFIX_PATH=${CMAKE_PREFIX_PATH}:/opt/ros/jazzy DEBUGINFOD_URLS=https://debuginfod.ubuntu.com /usr/bin/cmake --install /home/jn403l/Documents/ros2-sandbox/build/bumperbot_description
[1.454s] Level 1:colcon.colcon_core.environment:checking '/home/jn403l/Documents/ros2-sandbox/install/bumperbot_description' for CMake config files
[1.455s] Level 1:colcon.colcon_core.shell:create_environment_hook('bumperbot_description', 'cmake_prefix_path')
[1.455s] INFO:colcon.colcon_core.shell:Creating environment hook '/home/jn403l/Documents/ros2-sandbox/install/bumperbot_description/share/bumperbot_description/hook/cmake_prefix_path.ps1'
[1.456s] INFO:colcon.colcon_core.shell:Creating environment descriptor '/home/jn403l/Documents/ros2-sandbox/install/bumperbot_description/share/bumperbot_description/hook/cmake_prefix_path.dsv'
[1.457s] INFO:colcon.colcon_core.shell:Creating environment hook '/home/jn403l/Documents/ros2-sandbox/install/bumperbot_description/share/bumperbot_description/hook/cmake_prefix_path.sh'
[1.458s] Level 1:colcon.colcon_core.environment:checking '/home/jn403l/Documents/ros2-sandbox/install/bumperbot_description/bin'
[1.458s] Level 1:colcon.colcon_core.environment:checking '/home/jn403l/Documents/ros2-sandbox/install/bumperbot_description/lib/pkgconfig/bumperbot_description.pc'
[1.459s] Level 1:colcon.colcon_core.environment:checking '/home/jn403l/Documents/ros2-sandbox/install/bumperbot_description/lib/python3.12/site-packages'
[1.459s] Level 1:colcon.colcon_core.environment:checking '/home/jn403l/Documents/ros2-sandbox/install/bumperbot_description/bin'
[1.460s] INFO:colcon.colcon_core.shell:Creating package script '/home/jn403l/Documents/ros2-sandbox/install/bumperbot_description/share/bumperbot_description/package.ps1'
[1.461s] INFO:colcon.colcon_core.shell:Creating package descriptor '/home/jn403l/Documents/ros2-sandbox/install/bumperbot_description/share/bumperbot_description/package.dsv'
[1.462s] INFO:colcon.colcon_core.shell:Creating package script '/home/jn403l/Documents/ros2-sandbox/install/bumperbot_description/share/bumperbot_description/package.sh'
[1.463s] INFO:colcon.colcon_core.shell:Creating package script '/home/jn403l/Documents/ros2-sandbox/install/bumperbot_description/share/bumperbot_description/package.bash'
[1.463s] INFO:colcon.colcon_core.shell:Creating package script '/home/jn403l/Documents/ros2-sandbox/install/bumperbot_description/share/bumperbot_description/package.zsh'
[1.464s] Level 1:colcon.colcon_core.environment:create_file_with_runtime_dependencies(/home/jn403l/Documents/ros2-sandbox/install/bumperbot_description/share/colcon-core/packages/bumperbot_description)
[1.465s] Level 1:colcon.colcon_core.environment:create_environment_scripts_only(bumperbot_description)
[1.465s] Level 1:colcon.colcon_core.environment:checking '/home/jn403l/Documents/ros2-sandbox/install/bumperbot_description' for CMake module files
[1.466s] Level 1:colcon.colcon_core.environment:checking '/home/jn403l/Documents/ros2-sandbox/install/bumperbot_description' for CMake config files
[1.467s] Level 1:colcon.colcon_core.shell:create_environment_hook('bumperbot_description', 'cmake_prefix_path')
[1.467s] INFO:colcon.colcon_core.shell:Creating environment hook '/home/jn403l/Documents/ros2-sandbox/install/bumperbot_description/share/bumperbot_description/hook/cmake_prefix_path.ps1'
[1.468s] INFO:colcon.colcon_core.shell:Creating environment descriptor '/home/jn403l/Documents/ros2-sandbox/install/bumperbot_description/share/bumperbot_description/hook/cmake_prefix_path.dsv'
[1.469s] INFO:colcon.colcon_core.shell:Creating environment hook '/home/jn403l/Documents/ros2-sandbox/install/bumperbot_description/share/bumperbot_description/hook/cmake_prefix_path.sh'
[1.470s] Level 1:colcon.colcon_core.environment:checking '/home/jn403l/Documents/ros2-sandbox/install/bumperbot_description/bin'
[1.470s] Level 1:colcon.colcon_core.environment:checking '/home/jn403l/Documents/ros2-sandbox/install/bumperbot_description/lib/pkgconfig/bumperbot_description.pc'
[1.471s] Level 1:colcon.colcon_core.environment:checking '/home/jn403l/Documents/ros2-sandbox/install/bumperbot_description/lib/python3.12/site-packages'
[1.471s] Level 1:colcon.colcon_core.environment:checking '/home/jn403l/Documents/ros2-sandbox/install/bumperbot_description/bin'
[1.472s] INFO:colcon.colcon_core.shell:Creating package script '/home/jn403l/Documents/ros2-sandbox/install/bumperbot_description/share/bumperbot_description/package.ps1'
[1.473s] INFO:colcon.colcon_core.shell:Creating package descriptor '/home/jn403l/Documents/ros2-sandbox/install/bumperbot_description/share/bumperbot_description/package.dsv'
[1.474s] INFO:colcon.colcon_core.shell:Creating package script '/home/jn403l/Documents/ros2-sandbox/install/bumperbot_description/share/bumperbot_description/package.sh'
[1.475s] INFO:colcon.colcon_core.shell:Creating package script '/home/jn403l/Documents/ros2-sandbox/install/bumperbot_description/share/bumperbot_description/package.bash'
[1.476s] INFO:colcon.colcon_core.shell:Creating package script '/home/jn403l/Documents/ros2-sandbox/install/bumperbot_description/share/bumperbot_description/package.zsh'
[1.477s] Level 1:colcon.colcon_core.environment:create_file_with_runtime_dependencies(/home/jn403l/Documents/ros2-sandbox/install/bumperbot_description/share/colcon-core/packages/bumperbot_description)
[2.284s] DEBUG:colcon.colcon_core.event_handler.log_command:Invoking command in '/home/jn403l/Documents/ros2-sandbox/src/bumperbot_py_examples': DEBUGINFOD_URLS=https://debuginfod.ubuntu.com PYTHONPATH=/home/jn403l/Documents/ros2-sandbox/build/bumperbot_py_examples/prefix_override:/usr/lib/python3/dist-packages/colcon_core/task/python/colcon_distutils_commands:/home/jn403l/Documents/ros2-sandbox/install/bumperbot_py_examples/lib/python3.12/site-packages:${PYTHONPATH} /usr/bin/python3 -W ignore:setup.py install is deprecated -W ignore:easy_install command is deprecated setup.py egg_info --egg-base ../../build/bumperbot_py_examples build --build-base /home/jn403l/Documents/ros2-sandbox/build/bumperbot_py_examples/build install --record /home/jn403l/Documents/ros2-sandbox/build/bumperbot_py_examples/install.log --single-version-externally-managed install_data
[3.238s] Level 1:colcon.colcon_core.environment:checking '/home/jn403l/Documents/ros2-sandbox/install/bumperbot_py_examples' for CMake module files
[3.240s] DEBUG:colcon.colcon_core.event_handler.log_command:Invoked command in '/home/jn403l/Documents/ros2-sandbox/src/bumperbot_py_examples' returned '0': DEBUGINFOD_URLS=https://debuginfod.ubuntu.com PYTHONPATH=/home/jn403l/Documents/ros2-sandbox/build/bumperbot_py_examples/prefix_override:/usr/lib/python3/dist-packages/colcon_core/task/python/colcon_distutils_commands:/home/jn403l/Documents/ros2-sandbox/install/bumperbot_py_examples/lib/python3.12/site-packages:${PYTHONPATH} /usr/bin/python3 -W ignore:setup.py install is deprecated -W ignore:easy_install command is deprecated setup.py egg_info --egg-base ../../build/bumperbot_py_examples build --build-base /home/jn403l/Documents/ros2-sandbox/build/bumperbot_py_examples/build install --record /home/jn403l/Documents/ros2-sandbox/build/bumperbot_py_examples/install.log --single-version-externally-managed install_data
[3.240s] Level 1:colcon.colcon_core.environment:checking '/home/jn403l/Documents/ros2-sandbox/install/bumperbot_py_examples' for CMake config files
[3.241s] Level 1:colcon.colcon_core.environment:checking '/home/jn403l/Documents/ros2-sandbox/install/bumperbot_py_examples/lib'
[3.241s] Level 1:colcon.colcon_core.environment:checking '/home/jn403l/Documents/ros2-sandbox/install/bumperbot_py_examples/bin'
[3.242s] Level 1:colcon.colcon_core.environment:checking '/home/jn403l/Documents/ros2-sandbox/install/bumperbot_py_examples/lib/pkgconfig/bumperbot_py_examples.pc'
[3.242s] Level 1:colcon.colcon_core.environment:checking '/home/jn403l/Documents/ros2-sandbox/install/bumperbot_py_examples/lib/python3.12/site-packages'
[3.242s] Level 1:colcon.colcon_core.shell:create_environment_hook('bumperbot_py_examples', 'pythonpath')
[3.243s] INFO:colcon.colcon_core.shell:Creating environment hook '/home/jn403l/Documents/ros2-sandbox/install/bumperbot_py_examples/share/bumperbot_py_examples/hook/pythonpath.ps1'
[3.243s] INFO:colcon.colcon_core.shell:Creating environment descriptor '/home/jn403l/Documents/ros2-sandbox/install/bumperbot_py_examples/share/bumperbot_py_examples/hook/pythonpath.dsv'
[3.244s] INFO:colcon.colcon_core.shell:Creating environment hook '/home/jn403l/Documents/ros2-sandbox/install/bumperbot_py_examples/share/bumperbot_py_examples/hook/pythonpath.sh'
[3.245s] Level 1:colcon.colcon_core.environment:checking '/home/jn403l/Documents/ros2-sandbox/install/bumperbot_py_examples/bin'
[3.245s] Level 1:colcon.colcon_core.environment:create_environment_scripts_only(bumperbot_py_examples)
[3.246s] INFO:colcon.colcon_core.shell:Creating package script '/home/jn403l/Documents/ros2-sandbox/install/bumperbot_py_examples/share/bumperbot_py_examples/package.ps1'
[3.247s] INFO:colcon.colcon_core.shell:Creating package descriptor '/home/jn403l/Documents/ros2-sandbox/install/bumperbot_py_examples/share/bumperbot_py_examples/package.dsv'
[3.247s] INFO:colcon.colcon_core.shell:Creating package script '/home/jn403l/Documents/ros2-sandbox/install/bumperbot_py_examples/share/bumperbot_py_examples/package.sh'
[3.248s] INFO:colcon.colcon_core.shell:Creating package script '/home/jn403l/Documents/ros2-sandbox/install/bumperbot_py_examples/share/bumperbot_py_examples/package.bash'
[3.248s] INFO:colcon.colcon_core.shell:Creating package script '/home/jn403l/Documents/ros2-sandbox/install/bumperbot_py_examples/share/bumperbot_py_examples/package.zsh'
[3.249s] Level 1:colcon.colcon_core.environment:create_file_with_runtime_dependencies(/home/jn403l/Documents/ros2-sandbox/install/bumperbot_py_examples/share/colcon-core/packages/bumperbot_py_examples)
[3.249s] DEBUG:colcon.colcon_parallel_executor.executor.parallel:closing loop
[3.250s] DEBUG:colcon.colcon_parallel_executor.executor.parallel:loop closed
[3.250s] DEBUG:colcon.colcon_parallel_executor.executor.parallel:run_until_complete finished with '0'
[3.250s] DEBUG:colcon.colcon_core.event_reactor:joining thread
[3.264s] INFO:colcon.colcon_core.plugin_system:Skipping extension 'colcon_notification.desktop_notification.terminal_notifier': Not used on non-Darwin systems
[3.265s] INFO:colcon.colcon_core.plugin_system:Skipping extension 'colcon_notification.desktop_notification.win32': Not used on non-Windows systems
[3.265s] INFO:colcon.colcon_notification.desktop_notification:Sending desktop notification using 'notify2'
[3.287s] DEBUG:colcon.colcon_core.event_reactor:joined thread
[3.288s] INFO:colcon.colcon_core.shell:Creating prefix script '/home/jn403l/Documents/ros2-sandbox/install/local_setup.ps1'
[3.290s] INFO:colcon.colcon_core.shell:Creating prefix util module '/home/jn403l/Documents/ros2-sandbox/install/_local_setup_util_ps1.py'
[3.292s] INFO:colcon.colcon_core.shell:Creating prefix chain script '/home/jn403l/Documents/ros2-sandbox/install/setup.ps1'
[3.293s] INFO:colcon.colcon_core.shell:Creating prefix script '/home/jn403l/Documents/ros2-sandbox/install/local_setup.sh'
[3.294s] INFO:colcon.colcon_core.shell:Creating prefix util module '/home/jn403l/Documents/ros2-sandbox/install/_local_setup_util_sh.py'
[3.295s] INFO:colcon.colcon_core.shell:Creating prefix chain script '/home/jn403l/Documents/ros2-sandbox/install/setup.sh'
[3.297s] INFO:colcon.colcon_core.shell:Creating prefix script '/home/jn403l/Documents/ros2-sandbox/install/local_setup.bash'
[3.298s] INFO:colcon.colcon_core.shell:Creating prefix chain script '/home/jn403l/Documents/ros2-sandbox/install/setup.bash'
[3.300s] INFO:colcon.colcon_core.shell:Creating prefix script '/home/jn403l/Documents/ros2-sandbox/install/local_setup.zsh'
[3.301s] INFO:colcon.colcon_core.shell:Creating prefix chain script '/home/jn403l/Documents/ros2-sandbox/install/setup.zsh'
