[0.046s] Invoking command in '/home/jn403l/Documents/ros2-odometry-control/build/bumperbot_description': CMAKE_PREFIX_PATH=${CMAKE_PREFIX_PATH}:/home/jn403l/Documents/ros2-odometry-control/install/bumperbot_py_examples:/opt/ros/jazzy DEBUGINFOD_URLS=https://debuginfod.ubuntu.com /usr/bin/cmake --build /home/jn403l/Documents/ros2-odometry-control/build/bumperbot_description -- -j4 -l4
[0.134s] -- Found ament_cmake: 2.5.4 (/opt/ros/jazzy/share/ament_cmake/cmake)
[0.688s] -- Found urdf: 2.10.0 (/opt/ros/jazzy/share/urdf/cmake)
[0.796s] -- Found TinyXML2 via Config file: /usr/lib/x86_64-linux-gnu/cmake/tinyxml2
[0.820s] -- Found ament_lint_auto: 0.17.3 (/opt/ros/jazzy/share/ament_lint_auto/cmake)
[1.051s] -- Added test 'flake8' to check Python code syntax and style conventions
[1.051s] -- Configured 'flake8' exclude dirs and/or files: 
[1.053s] -- Added test 'lint_cmake' to check CMake code style
[1.054s] -- Added test 'pep257' to check Python code against some of the docstring style conventions in PEP 257
[1.059s] -- Added test 'xmllint' to check XML markup files
[1.061s] -- Configuring done (1.0s)
[1.069s] -- Generating done (0.0s)
[1.073s] -- Build files have been written to: /home/jn403l/Documents/ros2-odometry-control/build/bumperbot_description
[1.129s] Invoked command in '/home/jn403l/Documents/ros2-odometry-control/build/bumperbot_description' returned '0': CMAKE_PREFIX_PATH=${CMAKE_PREFIX_PATH}:/home/jn403l/Documents/ros2-odometry-control/install/bumperbot_py_examples:/opt/ros/jazzy DEBUGINFOD_URLS=https://debuginfod.ubuntu.com /usr/bin/cmake --build /home/jn403l/Documents/ros2-odometry-control/build/bumperbot_description -- -j4 -l4
[1.134s] Invoking command in '/home/jn403l/Documents/ros2-odometry-control/build/bumperbot_description': CMAKE_PREFIX_PATH=${CMAKE_PREFIX_PATH}:/home/jn403l/Documents/ros2-odometry-control/install/bumperbot_py_examples:/opt/ros/jazzy DEBUGINFOD_URLS=https://debuginfod.ubuntu.com /usr/bin/cmake --install /home/jn403l/Documents/ros2-odometry-control/build/bumperbot_description
[1.153s] -- Install configuration: ""
[1.154s] -- Up-to-date: /home/jn403l/Documents/ros2-odometry-control/install/bumperbot_description/share/bumperbot_description/meshes
[1.154s] -- Up-to-date: /home/jn403l/Documents/ros2-odometry-control/install/bumperbot_description/share/bumperbot_description/meshes/imu_link.STL
[1.155s] -- Up-to-date: /home/jn403l/Documents/ros2-odometry-control/install/bumperbot_description/share/bumperbot_description/meshes/wheel_left_link.STL
[1.155s] -- Up-to-date: /home/jn403l/Documents/ros2-odometry-control/install/bumperbot_description/share/bumperbot_description/meshes/caster_rear_link.STL
[1.157s] -- Up-to-date: /home/jn403l/Documents/ros2-odometry-control/install/bumperbot_description/share/bumperbot_description/meshes/wheel_right_link.STL
[1.157s] -- Up-to-date: /home/jn403l/Documents/ros2-odometry-control/install/bumperbot_description/share/bumperbot_description/meshes/caster_front_link.STL
[1.157s] -- Up-to-date: /home/jn403l/Documents/ros2-odometry-control/install/bumperbot_description/share/bumperbot_description/meshes/base_link.STL
[1.157s] -- Up-to-date: /home/jn403l/Documents/ros2-odometry-control/install/bumperbot_description/share/bumperbot_description/urdf
[1.157s] -- Up-to-date: /home/jn403l/Documents/ros2-odometry-control/install/bumperbot_description/share/bumperbot_description/urdf/bumperbot.urdf.xacro
[1.158s] -- Up-to-date: /home/jn403l/Documents/ros2-odometry-control/install/bumperbot_description/share/bumperbot_description/urdf/bumperbot.urdf.xacro~
[1.158s] -- Installing: /home/jn403l/Documents/ros2-odometry-control/install/bumperbot_description/share/bumperbot_description/launch
[1.158s] -- Installing: /home/jn403l/Documents/ros2-odometry-control/install/bumperbot_description/share/bumperbot_description/launch/display.launch.py~
[1.158s] -- Installing: /home/jn403l/Documents/ros2-odometry-control/install/bumperbot_description/share/bumperbot_description/launch/display.launch.py
[1.159s] -- Installing: /home/jn403l/Documents/ros2-odometry-control/install/bumperbot_description/share/bumperbot_description/rviz
[1.159s] -- Installing: /home/jn403l/Documents/ros2-odometry-control/install/bumperbot_description/share/bumperbot_description/rviz/display.rviz
[1.163s] -- Installing: /home/jn403l/Documents/ros2-odometry-control/install/bumperbot_description/share/ament_index/resource_index/package_run_dependencies/bumperbot_description
[1.163s] -- Up-to-date: /home/jn403l/Documents/ros2-odometry-control/install/bumperbot_description/share/ament_index/resource_index/parent_prefix_path/bumperbot_description
[1.163s] -- Up-to-date: /home/jn403l/Documents/ros2-odometry-control/install/bumperbot_description/share/bumperbot_description/environment/ament_prefix_path.sh
[1.163s] -- Up-to-date: /home/jn403l/Documents/ros2-odometry-control/install/bumperbot_description/share/bumperbot_description/environment/ament_prefix_path.dsv
[1.164s] -- Up-to-date: /home/jn403l/Documents/ros2-odometry-control/install/bumperbot_description/share/bumperbot_description/environment/path.sh
[1.164s] -- Up-to-date: /home/jn403l/Documents/ros2-odometry-control/install/bumperbot_description/share/bumperbot_description/environment/path.dsv
[1.164s] -- Up-to-date: /home/jn403l/Documents/ros2-odometry-control/install/bumperbot_description/share/bumperbot_description/local_setup.bash
[1.164s] -- Up-to-date: /home/jn403l/Documents/ros2-odometry-control/install/bumperbot_description/share/bumperbot_description/local_setup.sh
[1.164s] -- Up-to-date: /home/jn403l/Documents/ros2-odometry-control/install/bumperbot_description/share/bumperbot_description/local_setup.zsh
[1.165s] -- Up-to-date: /home/jn403l/Documents/ros2-odometry-control/install/bumperbot_description/share/bumperbot_description/local_setup.dsv
[1.165s] -- Installing: /home/jn403l/Documents/ros2-odometry-control/install/bumperbot_description/share/bumperbot_description/package.dsv
[1.165s] -- Up-to-date: /home/jn403l/Documents/ros2-odometry-control/install/bumperbot_description/share/ament_index/resource_index/packages/bumperbot_description
[1.168s] -- Up-to-date: /home/jn403l/Documents/ros2-odometry-control/install/bumperbot_description/share/bumperbot_description/cmake/bumperbot_descriptionConfig.cmake
[1.169s] -- Up-to-date: /home/jn403l/Documents/ros2-odometry-control/install/bumperbot_description/share/bumperbot_description/cmake/bumperbot_descriptionConfig-version.cmake
[1.169s] -- Installing: /home/jn403l/Documents/ros2-odometry-control/install/bumperbot_description/share/bumperbot_description/package.xml
[1.176s] Invoked command in '/home/jn403l/Documents/ros2-odometry-control/build/bumperbot_description' returned '0': CMAKE_PREFIX_PATH=${CMAKE_PREFIX_PATH}:/home/jn403l/Documents/ros2-odometry-control/install/bumperbot_py_examples:/opt/ros/jazzy DEBUGINFOD_URLS=https://debuginfod.ubuntu.com /usr/bin/cmake --install /home/jn403l/Documents/ros2-odometry-control/build/bumperbot_description
