[0.271s] DEBUG:colcon:Command line arguments: ['/usr/bin/colcon', 'build']
[0.272s] DEBUG:colcon:Parsed command line arguments: Namespace(log_base=None, log_level=None, verb_name='build', build_base='build', install_base='install', merge_install=False, symlink_install=False, test_result_base=None, continue_on_error=False, executor='parallel', parallel_workers=4, event_handlers=None, ignore_user_meta=False, metas=['./colcon.meta'], base_paths=['.'], packages_ignore=None, packages_ignore_regex=None, paths=None, packages_up_to=None, packages_up_to_regex=None, packages_above=None, packages_above_and_dependencies=None, packages_above_depth=None, packages_select_by_dep=None, packages_skip_by_dep=None, packages_skip_up_to=None, packages_select_build_failed=False, packages_skip_build_finished=False, packages_select_test_failures=False, packages_skip_test_passed=False, packages_select=None, packages_skip=None, packages_select_regex=None, packages_skip_regex=None, packages_start=None, packages_end=None, allow_overriding=[], cmake_args=None, cmake_target=None, cmake_target_skip_unavailable=False, cmake_clean_cache=False, cmake_clean_first=False, cmake_force_configure=False, ament_cmake_args=None, catkin_cmake_args=None, catkin_skip_building_tests=False, mixin_files=None, mixin=None, verb_parser=<colcon_mixin.mixin.mixin_argument.MixinArgumentDecorator object at 0x706181ea9610>, verb_extension=<colcon_core.verb.build.BuildVerb object at 0x706181ea91f0>, main=<bound method BuildVerb.main of <colcon_core.verb.build.BuildVerb object at 0x706181ea91f0>>, mixin_verb=('build',))
[0.391s] Level 1:colcon.colcon_core.package_discovery:discover_packages(colcon_meta) check parameters
[0.391s] Level 1:colcon.colcon_core.package_discovery:discover_packages(recursive) check parameters
[0.391s] Level 1:colcon.colcon_core.package_discovery:discover_packages(ignore) check parameters
[0.391s] Level 1:colcon.colcon_core.package_discovery:discover_packages(path) check parameters
[0.391s] Level 1:colcon.colcon_core.package_discovery:discover_packages(colcon_meta) discover
[0.391s] Level 1:colcon.colcon_core.package_discovery:discover_packages(recursive) discover
[0.392s] INFO:colcon.colcon_core.package_discovery:Crawling recursively for packages in '/home/jn403l/Documents/ros2-odometry-control'
[0.392s] Level 1:colcon.colcon_core.package_identification:_identify(.) by extensions ['ignore', 'ignore_ament_install']
[0.392s] Level 1:colcon.colcon_core.package_identification:_identify(.) by extension 'ignore'
[0.392s] Level 1:colcon.colcon_core.package_identification:_identify(.) by extension 'ignore_ament_install'
[0.392s] Level 1:colcon.colcon_core.package_identification:_identify(.) by extensions ['colcon_pkg']
[0.392s] Level 1:colcon.colcon_core.package_identification:_identify(.) by extension 'colcon_pkg'
[0.392s] Level 1:colcon.colcon_core.package_identification:_identify(.) by extensions ['colcon_meta']
[0.392s] Level 1:colcon.colcon_core.package_identification:_identify(.) by extension 'colcon_meta'
[0.392s] Level 1:colcon.colcon_core.package_identification:_identify(.) by extensions ['ros']
[0.392s] Level 1:colcon.colcon_core.package_identification:_identify(.) by extension 'ros'
[0.447s] Level 1:colcon.colcon_core.package_identification:_identify(.) by extensions ['cmake', 'python']
[0.447s] Level 1:colcon.colcon_core.package_identification:_identify(.) by extension 'cmake'
[0.447s] Level 1:colcon.colcon_core.package_identification:_identify(.) by extension 'python'
[0.447s] Level 1:colcon.colcon_core.package_identification:_identify(.) by extensions ['python_setup_py']
[0.447s] Level 1:colcon.colcon_core.package_identification:_identify(.) by extension 'python_setup_py'
[0.447s] Level 1:colcon.colcon_core.package_identification:_identify(build) by extensions ['ignore', 'ignore_ament_install']
[0.447s] Level 1:colcon.colcon_core.package_identification:_identify(build) by extension 'ignore'
[0.447s] Level 1:colcon.colcon_core.package_identification:_identify(build) ignored
[0.448s] Level 1:colcon.colcon_core.package_identification:_identify(install) by extensions ['ignore', 'ignore_ament_install']
[0.448s] Level 1:colcon.colcon_core.package_identification:_identify(install) by extension 'ignore'
[0.448s] Level 1:colcon.colcon_core.package_identification:_identify(install) ignored
[0.448s] Level 1:colcon.colcon_core.package_identification:_identify(log) by extensions ['ignore', 'ignore_ament_install']
[0.448s] Level 1:colcon.colcon_core.package_identification:_identify(log) by extension 'ignore'
[0.448s] Level 1:colcon.colcon_core.package_identification:_identify(log) ignored
[0.448s] Level 1:colcon.colcon_core.package_identification:_identify(src) by extensions ['ignore', 'ignore_ament_install']
[0.448s] Level 1:colcon.colcon_core.package_identification:_identify(src) by extension 'ignore'
[0.448s] Level 1:colcon.colcon_core.package_identification:_identify(src) by extension 'ignore_ament_install'
[0.448s] Level 1:colcon.colcon_core.package_identification:_identify(src) by extensions ['colcon_pkg']
[0.448s] Level 1:colcon.colcon_core.package_identification:_identify(src) by extension 'colcon_pkg'
[0.449s] Level 1:colcon.colcon_core.package_identification:_identify(src) by extensions ['colcon_meta']
[0.449s] Level 1:colcon.colcon_core.package_identification:_identify(src) by extension 'colcon_meta'
[0.449s] Level 1:colcon.colcon_core.package_identification:_identify(src) by extensions ['ros']
[0.449s] Level 1:colcon.colcon_core.package_identification:_identify(src) by extension 'ros'
[0.449s] Level 1:colcon.colcon_core.package_identification:_identify(src) by extensions ['cmake', 'python']
[0.449s] Level 1:colcon.colcon_core.package_identification:_identify(src) by extension 'cmake'
[0.449s] Level 1:colcon.colcon_core.package_identification:_identify(src) by extension 'python'
[0.449s] Level 1:colcon.colcon_core.package_identification:_identify(src) by extensions ['python_setup_py']
[0.449s] Level 1:colcon.colcon_core.package_identification:_identify(src) by extension 'python_setup_py'
[0.449s] Level 1:colcon.colcon_core.package_identification:_identify(src/bumperbot_cpp_examples) by extensions ['ignore', 'ignore_ament_install']
[0.449s] Level 1:colcon.colcon_core.package_identification:_identify(src/bumperbot_cpp_examples) by extension 'ignore'
[0.450s] Level 1:colcon.colcon_core.package_identification:_identify(src/bumperbot_cpp_examples) by extension 'ignore_ament_install'
[0.450s] Level 1:colcon.colcon_core.package_identification:_identify(src/bumperbot_cpp_examples) by extensions ['colcon_pkg']
[0.450s] Level 1:colcon.colcon_core.package_identification:_identify(src/bumperbot_cpp_examples) by extension 'colcon_pkg'
[0.450s] Level 1:colcon.colcon_core.package_identification:_identify(src/bumperbot_cpp_examples) by extensions ['colcon_meta']
[0.450s] Level 1:colcon.colcon_core.package_identification:_identify(src/bumperbot_cpp_examples) by extension 'colcon_meta'
[0.450s] Level 1:colcon.colcon_core.package_identification:_identify(src/bumperbot_cpp_examples) by extensions ['ros']
[0.450s] Level 1:colcon.colcon_core.package_identification:_identify(src/bumperbot_cpp_examples) by extension 'ros'
[0.454s] DEBUG:colcon.colcon_core.package_identification:Package 'src/bumperbot_cpp_examples' with type 'ros.ament_cmake' and name 'bumperbot_cpp_examples'
[0.454s] Level 1:colcon.colcon_core.package_identification:_identify(src/bumperbot_description) by extensions ['ignore', 'ignore_ament_install']
[0.455s] Level 1:colcon.colcon_core.package_identification:_identify(src/bumperbot_description) by extension 'ignore'
[0.455s] Level 1:colcon.colcon_core.package_identification:_identify(src/bumperbot_description) by extension 'ignore_ament_install'
[0.455s] Level 1:colcon.colcon_core.package_identification:_identify(src/bumperbot_description) by extensions ['colcon_pkg']
[0.455s] Level 1:colcon.colcon_core.package_identification:_identify(src/bumperbot_description) by extension 'colcon_pkg'
[0.455s] Level 1:colcon.colcon_core.package_identification:_identify(src/bumperbot_description) by extensions ['colcon_meta']
[0.455s] Level 1:colcon.colcon_core.package_identification:_identify(src/bumperbot_description) by extension 'colcon_meta'
[0.455s] Level 1:colcon.colcon_core.package_identification:_identify(src/bumperbot_description) by extensions ['ros']
[0.455s] Level 1:colcon.colcon_core.package_identification:_identify(src/bumperbot_description) by extension 'ros'
[0.456s] DEBUG:colcon.colcon_core.package_identification:Package 'src/bumperbot_description' with type 'ros.ament_cmake' and name 'bumperbot_description'
[0.456s] Level 1:colcon.colcon_core.package_identification:_identify(src/bumperbot_py_examples) by extensions ['ignore', 'ignore_ament_install']
[0.456s] Level 1:colcon.colcon_core.package_identification:_identify(src/bumperbot_py_examples) by extension 'ignore'
[0.456s] Level 1:colcon.colcon_core.package_identification:_identify(src/bumperbot_py_examples) by extension 'ignore_ament_install'
[0.456s] Level 1:colcon.colcon_core.package_identification:_identify(src/bumperbot_py_examples) by extensions ['colcon_pkg']
[0.456s] Level 1:colcon.colcon_core.package_identification:_identify(src/bumperbot_py_examples) by extension 'colcon_pkg'
[0.457s] Level 1:colcon.colcon_core.package_identification:_identify(src/bumperbot_py_examples) by extensions ['colcon_meta']
[0.457s] Level 1:colcon.colcon_core.package_identification:_identify(src/bumperbot_py_examples) by extension 'colcon_meta'
[0.457s] Level 1:colcon.colcon_core.package_identification:_identify(src/bumperbot_py_examples) by extensions ['ros']
[0.457s] Level 1:colcon.colcon_core.package_identification:_identify(src/bumperbot_py_examples) by extension 'ros'
[0.458s] DEBUG:colcon.colcon_core.package_identification:Package 'src/bumperbot_py_examples' with type 'ros.ament_python' and name 'bumperbot_py_examples'
[0.458s] Level 1:colcon.colcon_core.package_discovery:discover_packages(recursive) using defaults
[0.458s] Level 1:colcon.colcon_core.package_discovery:discover_packages(ignore) discover
[0.458s] Level 1:colcon.colcon_core.package_discovery:discover_packages(ignore) using defaults
[0.458s] Level 1:colcon.colcon_core.package_discovery:discover_packages(path) discover
[0.458s] Level 1:colcon.colcon_core.package_discovery:discover_packages(path) using defaults
[0.504s] Level 1:colcon.colcon_core.package_discovery:discover_packages(prefix_path) check parameters
[0.504s] Level 1:colcon.colcon_core.package_discovery:discover_packages(prefix_path) discover
[0.509s] DEBUG:colcon.colcon_installed_package_information.package_discovery:Found 3 installed packages in /home/jn403l/Documents/ros2-odometry-control/install
[0.511s] DEBUG:colcon.colcon_installed_package_information.package_discovery:Found 387 installed packages in /opt/ros/jazzy
[0.514s] Level 1:colcon.colcon_core.package_discovery:discover_packages(prefix_path) using defaults
[0.704s] Level 5:colcon.colcon_core.verb:set package 'bumperbot_cpp_examples' build argument 'cmake_args' from command line to 'None'
[0.704s] Level 5:colcon.colcon_core.verb:set package 'bumperbot_cpp_examples' build argument 'cmake_target' from command line to 'None'
[0.704s] Level 5:colcon.colcon_core.verb:set package 'bumperbot_cpp_examples' build argument 'cmake_target_skip_unavailable' from command line to 'False'
[0.704s] Level 5:colcon.colcon_core.verb:set package 'bumperbot_cpp_examples' build argument 'cmake_clean_cache' from command line to 'False'
[0.704s] Level 5:colcon.colcon_core.verb:set package 'bumperbot_cpp_examples' build argument 'cmake_clean_first' from command line to 'False'
[0.704s] Level 5:colcon.colcon_core.verb:set package 'bumperbot_cpp_examples' build argument 'cmake_force_configure' from command line to 'False'
[0.704s] Level 5:colcon.colcon_core.verb:set package 'bumperbot_cpp_examples' build argument 'ament_cmake_args' from command line to 'None'
[0.704s] Level 5:colcon.colcon_core.verb:set package 'bumperbot_cpp_examples' build argument 'catkin_cmake_args' from command line to 'None'
[0.704s] Level 5:colcon.colcon_core.verb:set package 'bumperbot_cpp_examples' build argument 'catkin_skip_building_tests' from command line to 'False'
[0.704s] DEBUG:colcon.colcon_core.verb:Building package 'bumperbot_cpp_examples' with the following arguments: {'ament_cmake_args': None, 'build_base': '/home/jn403l/Documents/ros2-odometry-control/build/bumperbot_cpp_examples', 'catkin_cmake_args': None, 'catkin_skip_building_tests': False, 'cmake_args': None, 'cmake_clean_cache': False, 'cmake_clean_first': False, 'cmake_force_configure': False, 'cmake_target': None, 'cmake_target_skip_unavailable': False, 'install_base': '/home/jn403l/Documents/ros2-odometry-control/install/bumperbot_cpp_examples', 'merge_install': False, 'path': '/home/jn403l/Documents/ros2-odometry-control/src/bumperbot_cpp_examples', 'symlink_install': False, 'test_result_base': None}
[0.705s] Level 5:colcon.colcon_core.verb:set package 'bumperbot_description' build argument 'cmake_args' from command line to 'None'
[0.705s] Level 5:colcon.colcon_core.verb:set package 'bumperbot_description' build argument 'cmake_target' from command line to 'None'
[0.705s] Level 5:colcon.colcon_core.verb:set package 'bumperbot_description' build argument 'cmake_target_skip_unavailable' from command line to 'False'
[0.705s] Level 5:colcon.colcon_core.verb:set package 'bumperbot_description' build argument 'cmake_clean_cache' from command line to 'False'
[0.705s] Level 5:colcon.colcon_core.verb:set package 'bumperbot_description' build argument 'cmake_clean_first' from command line to 'False'
[0.705s] Level 5:colcon.colcon_core.verb:set package 'bumperbot_description' build argument 'cmake_force_configure' from command line to 'False'
[0.705s] Level 5:colcon.colcon_core.verb:set package 'bumperbot_description' build argument 'ament_cmake_args' from command line to 'None'
[0.705s] Level 5:colcon.colcon_core.verb:set package 'bumperbot_description' build argument 'catkin_cmake_args' from command line to 'None'
[0.705s] Level 5:colcon.colcon_core.verb:set package 'bumperbot_description' build argument 'catkin_skip_building_tests' from command line to 'False'
[0.705s] DEBUG:colcon.colcon_core.verb:Building package 'bumperbot_description' with the following arguments: {'ament_cmake_args': None, 'build_base': '/home/jn403l/Documents/ros2-odometry-control/build/bumperbot_description', 'catkin_cmake_args': None, 'catkin_skip_building_tests': False, 'cmake_args': None, 'cmake_clean_cache': False, 'cmake_clean_first': False, 'cmake_force_configure': False, 'cmake_target': None, 'cmake_target_skip_unavailable': False, 'install_base': '/home/jn403l/Documents/ros2-odometry-control/install/bumperbot_description', 'merge_install': False, 'path': '/home/jn403l/Documents/ros2-odometry-control/src/bumperbot_description', 'symlink_install': False, 'test_result_base': None}
[0.705s] Level 5:colcon.colcon_core.verb:set package 'bumperbot_py_examples' build argument 'cmake_args' from command line to 'None'
[0.705s] Level 5:colcon.colcon_core.verb:set package 'bumperbot_py_examples' build argument 'cmake_target' from command line to 'None'
[0.705s] Level 5:colcon.colcon_core.verb:set package 'bumperbot_py_examples' build argument 'cmake_target_skip_unavailable' from command line to 'False'
[0.705s] Level 5:colcon.colcon_core.verb:set package 'bumperbot_py_examples' build argument 'cmake_clean_cache' from command line to 'False'
[0.705s] Level 5:colcon.colcon_core.verb:set package 'bumperbot_py_examples' build argument 'cmake_clean_first' from command line to 'False'
[0.706s] Level 5:colcon.colcon_core.verb:set package 'bumperbot_py_examples' build argument 'cmake_force_configure' from command line to 'False'
[0.706s] Level 5:colcon.colcon_core.verb:set package 'bumperbot_py_examples' build argument 'ament_cmake_args' from command line to 'None'
[0.706s] Level 5:colcon.colcon_core.verb:set package 'bumperbot_py_examples' build argument 'catkin_cmake_args' from command line to 'None'
[0.706s] Level 5:colcon.colcon_core.verb:set package 'bumperbot_py_examples' build argument 'catkin_skip_building_tests' from command line to 'False'
[0.706s] DEBUG:colcon.colcon_core.verb:Building package 'bumperbot_py_examples' with the following arguments: {'ament_cmake_args': None, 'build_base': '/home/jn403l/Documents/ros2-odometry-control/build/bumperbot_py_examples', 'catkin_cmake_args': None, 'catkin_skip_building_tests': False, 'cmake_args': None, 'cmake_clean_cache': False, 'cmake_clean_first': False, 'cmake_force_configure': False, 'cmake_target': None, 'cmake_target_skip_unavailable': False, 'install_base': '/home/jn403l/Documents/ros2-odometry-control/install/bumperbot_py_examples', 'merge_install': False, 'path': '/home/jn403l/Documents/ros2-odometry-control/src/bumperbot_py_examples', 'symlink_install': False, 'test_result_base': None}
[0.706s] INFO:colcon.colcon_core.executor:Executing jobs using 'parallel' executor
[0.707s] DEBUG:colcon.colcon_parallel_executor.executor.parallel:run_until_complete
[0.707s] INFO:colcon.colcon_ros.task.ament_cmake.build:Building ROS package in '/home/jn403l/Documents/ros2-odometry-control/src/bumperbot_cpp_examples' with build type 'ament_cmake'
[0.708s] INFO:colcon.colcon_cmake.task.cmake.build:Building CMake package in '/home/jn403l/Documents/ros2-odometry-control/src/bumperbot_cpp_examples'
[0.716s] INFO:colcon.colcon_core.plugin_system:Skipping extension 'colcon_core.shell.bat': Not used on non-Windows systems
[0.716s] INFO:colcon.colcon_core.shell:Skip shell extension 'powershell' for command environment: Not usable outside of PowerShell
[0.717s] DEBUG:colcon.colcon_core.shell:Skip shell extension 'dsv' for command environment
[0.729s] INFO:colcon.colcon_ros.task.ament_cmake.build:Building ROS package in '/home/jn403l/Documents/ros2-odometry-control/src/bumperbot_description' with build type 'ament_cmake'
[0.729s] INFO:colcon.colcon_cmake.task.cmake.build:Building CMake package in '/home/jn403l/Documents/ros2-odometry-control/src/bumperbot_description'
[0.730s] INFO:colcon.colcon_core.shell:Skip shell extension 'powershell' for command environment: Not usable outside of PowerShell
[0.731s] DEBUG:colcon.colcon_core.shell:Skip shell extension 'dsv' for command environment
[0.740s] INFO:colcon.colcon_ros.task.ament_python.build:Building ROS package in '/home/jn403l/Documents/ros2-odometry-control/src/bumperbot_py_examples' with build type 'ament_python'
[0.740s] Level 1:colcon.colcon_core.shell:create_environment_hook('bumperbot_py_examples', 'ament_prefix_path')
[0.741s] INFO:colcon.colcon_core.shell:Creating environment hook '/home/jn403l/Documents/ros2-odometry-control/install/bumperbot_py_examples/share/bumperbot_py_examples/hook/ament_prefix_path.ps1'
[0.743s] INFO:colcon.colcon_core.shell:Creating environment descriptor '/home/jn403l/Documents/ros2-odometry-control/install/bumperbot_py_examples/share/bumperbot_py_examples/hook/ament_prefix_path.dsv'
[0.744s] INFO:colcon.colcon_core.shell:Creating environment hook '/home/jn403l/Documents/ros2-odometry-control/install/bumperbot_py_examples/share/bumperbot_py_examples/hook/ament_prefix_path.sh'
[0.745s] INFO:colcon.colcon_core.shell:Skip shell extension 'powershell' for command environment: Not usable outside of PowerShell
[0.745s] DEBUG:colcon.colcon_core.shell:Skip shell extension 'dsv' for command environment
[0.764s] DEBUG:colcon.colcon_core.event_handler.log_command:Invoking command in '/home/jn403l/Documents/ros2-odometry-control/build/bumperbot_cpp_examples': CMAKE_PREFIX_PATH=${CMAKE_PREFIX_PATH}:/home/jn403l/Documents/ros2-odometry-control/install/bumperbot_py_examples:/opt/ros/jazzy DEBUGINFOD_URLS=https://debuginfod.ubuntu.com /usr/bin/cmake --build /home/jn403l/Documents/ros2-odometry-control/build/bumperbot_cpp_examples -- -j4 -l4
[0.772s] DEBUG:colcon.colcon_core.event_handler.log_command:Invoking command in '/home/jn403l/Documents/ros2-odometry-control/build/bumperbot_description': CMAKE_PREFIX_PATH=${CMAKE_PREFIX_PATH}:/home/jn403l/Documents/ros2-odometry-control/install/bumperbot_py_examples:/opt/ros/jazzy DEBUGINFOD_URLS=https://debuginfod.ubuntu.com /usr/bin/cmake --build /home/jn403l/Documents/ros2-odometry-control/build/bumperbot_description -- -j4 -l4
[1.310s] INFO:colcon.colcon_core.task.python.build:Building Python package in '/home/jn403l/Documents/ros2-odometry-control/src/bumperbot_py_examples'
[1.311s] INFO:colcon.colcon_core.shell:Skip shell extension 'powershell' for command environment: Not usable outside of PowerShell
[1.311s] DEBUG:colcon.colcon_core.shell:Skip shell extension 'dsv' for command environment
[1.323s] DEBUG:colcon.colcon_core.event_handler.log_command:Invoked command in '/home/jn403l/Documents/ros2-odometry-control/build/bumperbot_description' returned '0': CMAKE_PREFIX_PATH=${CMAKE_PREFIX_PATH}:/home/jn403l/Documents/ros2-odometry-control/install/bumperbot_py_examples:/opt/ros/jazzy DEBUGINFOD_URLS=https://debuginfod.ubuntu.com /usr/bin/cmake --build /home/jn403l/Documents/ros2-odometry-control/build/bumperbot_description -- -j4 -l4
[1.347s] DEBUG:colcon.colcon_core.event_handler.log_command:Invoking command in '/home/jn403l/Documents/ros2-odometry-control/build/bumperbot_description': CMAKE_PREFIX_PATH=${CMAKE_PREFIX_PATH}:/home/jn403l/Documents/ros2-odometry-control/install/bumperbot_py_examples:/opt/ros/jazzy DEBUGINFOD_URLS=https://debuginfod.ubuntu.com /usr/bin/cmake --install /home/jn403l/Documents/ros2-odometry-control/build/bumperbot_description
[1.349s] DEBUG:colcon.colcon_core.event_handler.log_command:Invoked command in '/home/jn403l/Documents/ros2-odometry-control/build/bumperbot_cpp_examples' returned '0': CMAKE_PREFIX_PATH=${CMAKE_PREFIX_PATH}:/home/jn403l/Documents/ros2-odometry-control/install/bumperbot_py_examples:/opt/ros/jazzy DEBUGINFOD_URLS=https://debuginfod.ubuntu.com /usr/bin/cmake --build /home/jn403l/Documents/ros2-odometry-control/build/bumperbot_cpp_examples -- -j4 -l4
[1.351s] DEBUG:colcon.colcon_core.event_handler.log_command:Invoking command in '/home/jn403l/Documents/ros2-odometry-control/build/bumperbot_cpp_examples': CMAKE_PREFIX_PATH=${CMAKE_PREFIX_PATH}:/home/jn403l/Documents/ros2-odometry-control/install/bumperbot_py_examples:/opt/ros/jazzy DEBUGINFOD_URLS=https://debuginfod.ubuntu.com /usr/bin/cmake --install /home/jn403l/Documents/ros2-odometry-control/build/bumperbot_cpp_examples
[1.372s] Level 1:colcon.colcon_core.environment:create_environment_scripts_only(bumperbot_description)
[1.377s] DEBUG:colcon.colcon_core.event_handler.log_command:Invoked command in '/home/jn403l/Documents/ros2-odometry-control/build/bumperbot_description' returned '0': CMAKE_PREFIX_PATH=${CMAKE_PREFIX_PATH}:/home/jn403l/Documents/ros2-odometry-control/install/bumperbot_py_examples:/opt/ros/jazzy DEBUGINFOD_URLS=https://debuginfod.ubuntu.com /usr/bin/cmake --install /home/jn403l/Documents/ros2-odometry-control/build/bumperbot_description
[1.385s] Level 1:colcon.colcon_core.environment:checking '/home/jn403l/Documents/ros2-odometry-control/install/bumperbot_description' for CMake module files
[1.386s] Level 1:colcon.colcon_core.environment:checking '/home/jn403l/Documents/ros2-odometry-control/install/bumperbot_description' for CMake config files
[1.386s] Level 1:colcon.colcon_core.shell:create_environment_hook('bumperbot_description', 'cmake_prefix_path')
[1.387s] INFO:colcon.colcon_core.shell:Creating environment hook '/home/jn403l/Documents/ros2-odometry-control/install/bumperbot_description/share/bumperbot_description/hook/cmake_prefix_path.ps1'
[1.387s] INFO:colcon.colcon_core.shell:Creating environment descriptor '/home/jn403l/Documents/ros2-odometry-control/install/bumperbot_description/share/bumperbot_description/hook/cmake_prefix_path.dsv'
[1.388s] INFO:colcon.colcon_core.shell:Creating environment hook '/home/jn403l/Documents/ros2-odometry-control/install/bumperbot_description/share/bumperbot_description/hook/cmake_prefix_path.sh'
[1.389s] Level 1:colcon.colcon_core.environment:checking '/home/jn403l/Documents/ros2-odometry-control/install/bumperbot_description/bin'
[1.389s] Level 1:colcon.colcon_core.environment:checking '/home/jn403l/Documents/ros2-odometry-control/install/bumperbot_description/lib/pkgconfig/bumperbot_description.pc'
[1.390s] Level 1:colcon.colcon_core.environment:checking '/home/jn403l/Documents/ros2-odometry-control/install/bumperbot_description/lib/python3.12/site-packages'
[1.390s] Level 1:colcon.colcon_core.environment:checking '/home/jn403l/Documents/ros2-odometry-control/install/bumperbot_description/bin'
[1.390s] INFO:colcon.colcon_core.shell:Creating package script '/home/jn403l/Documents/ros2-odometry-control/install/bumperbot_description/share/bumperbot_description/package.ps1'
[1.392s] INFO:colcon.colcon_core.shell:Creating package descriptor '/home/jn403l/Documents/ros2-odometry-control/install/bumperbot_description/share/bumperbot_description/package.dsv'
[1.393s] INFO:colcon.colcon_core.shell:Creating package script '/home/jn403l/Documents/ros2-odometry-control/install/bumperbot_description/share/bumperbot_description/package.sh'
[1.394s] INFO:colcon.colcon_core.shell:Creating package script '/home/jn403l/Documents/ros2-odometry-control/install/bumperbot_description/share/bumperbot_description/package.bash'
[1.396s] INFO:colcon.colcon_core.shell:Creating package script '/home/jn403l/Documents/ros2-odometry-control/install/bumperbot_description/share/bumperbot_description/package.zsh'
[1.397s] Level 1:colcon.colcon_core.environment:create_file_with_runtime_dependencies(/home/jn403l/Documents/ros2-odometry-control/install/bumperbot_description/share/colcon-core/packages/bumperbot_description)
[1.398s] Level 1:colcon.colcon_core.environment:create_environment_scripts_only(bumperbot_description)
[1.399s] Level 1:colcon.colcon_core.environment:checking '/home/jn403l/Documents/ros2-odometry-control/install/bumperbot_description' for CMake module files
[1.400s] Level 1:colcon.colcon_core.environment:checking '/home/jn403l/Documents/ros2-odometry-control/install/bumperbot_description' for CMake config files
[1.400s] Level 1:colcon.colcon_core.shell:create_environment_hook('bumperbot_description', 'cmake_prefix_path')
[1.401s] INFO:colcon.colcon_core.shell:Creating environment hook '/home/jn403l/Documents/ros2-odometry-control/install/bumperbot_description/share/bumperbot_description/hook/cmake_prefix_path.ps1'
[1.401s] INFO:colcon.colcon_core.shell:Creating environment descriptor '/home/jn403l/Documents/ros2-odometry-control/install/bumperbot_description/share/bumperbot_description/hook/cmake_prefix_path.dsv'
[1.402s] INFO:colcon.colcon_core.shell:Creating environment hook '/home/jn403l/Documents/ros2-odometry-control/install/bumperbot_description/share/bumperbot_description/hook/cmake_prefix_path.sh'
[1.403s] Level 1:colcon.colcon_core.environment:checking '/home/jn403l/Documents/ros2-odometry-control/install/bumperbot_description/bin'
[1.403s] Level 1:colcon.colcon_core.environment:checking '/home/jn403l/Documents/ros2-odometry-control/install/bumperbot_description/lib/pkgconfig/bumperbot_description.pc'
[1.403s] Level 1:colcon.colcon_core.environment:checking '/home/jn403l/Documents/ros2-odometry-control/install/bumperbot_description/lib/python3.12/site-packages'
[1.404s] Level 1:colcon.colcon_core.environment:checking '/home/jn403l/Documents/ros2-odometry-control/install/bumperbot_description/bin'
[1.404s] INFO:colcon.colcon_core.shell:Creating package script '/home/jn403l/Documents/ros2-odometry-control/install/bumperbot_description/share/bumperbot_description/package.ps1'
[1.405s] INFO:colcon.colcon_core.shell:Creating package descriptor '/home/jn403l/Documents/ros2-odometry-control/install/bumperbot_description/share/bumperbot_description/package.dsv'
[1.406s] INFO:colcon.colcon_core.shell:Creating package script '/home/jn403l/Documents/ros2-odometry-control/install/bumperbot_description/share/bumperbot_description/package.sh'
[1.407s] INFO:colcon.colcon_core.shell:Creating package script '/home/jn403l/Documents/ros2-odometry-control/install/bumperbot_description/share/bumperbot_description/package.bash'
[1.407s] INFO:colcon.colcon_core.shell:Creating package script '/home/jn403l/Documents/ros2-odometry-control/install/bumperbot_description/share/bumperbot_description/package.zsh'
[1.408s] Level 1:colcon.colcon_core.environment:create_file_with_runtime_dependencies(/home/jn403l/Documents/ros2-odometry-control/install/bumperbot_description/share/colcon-core/packages/bumperbot_description)
[1.410s] Level 1:colcon.colcon_core.environment:create_environment_scripts_only(bumperbot_cpp_examples)
[1.410s] Level 1:colcon.colcon_core.environment:checking '/home/jn403l/Documents/ros2-odometry-control/install/bumperbot_cpp_examples' for CMake module files
[1.412s] DEBUG:colcon.colcon_core.event_handler.log_command:Invoked command in '/home/jn403l/Documents/ros2-odometry-control/build/bumperbot_cpp_examples' returned '0': CMAKE_PREFIX_PATH=${CMAKE_PREFIX_PATH}:/home/jn403l/Documents/ros2-odometry-control/install/bumperbot_py_examples:/opt/ros/jazzy DEBUGINFOD_URLS=https://debuginfod.ubuntu.com /usr/bin/cmake --install /home/jn403l/Documents/ros2-odometry-control/build/bumperbot_cpp_examples
[1.413s] Level 1:colcon.colcon_core.environment:checking '/home/jn403l/Documents/ros2-odometry-control/install/bumperbot_cpp_examples' for CMake config files
[1.415s] Level 1:colcon.colcon_core.shell:create_environment_hook('bumperbot_cpp_examples', 'cmake_prefix_path')
[1.416s] INFO:colcon.colcon_core.shell:Creating environment hook '/home/jn403l/Documents/ros2-odometry-control/install/bumperbot_cpp_examples/share/bumperbot_cpp_examples/hook/cmake_prefix_path.ps1'
[1.418s] INFO:colcon.colcon_core.shell:Creating environment descriptor '/home/jn403l/Documents/ros2-odometry-control/install/bumperbot_cpp_examples/share/bumperbot_cpp_examples/hook/cmake_prefix_path.dsv'
[1.420s] INFO:colcon.colcon_core.shell:Creating environment hook '/home/jn403l/Documents/ros2-odometry-control/install/bumperbot_cpp_examples/share/bumperbot_cpp_examples/hook/cmake_prefix_path.sh'
[1.421s] Level 1:colcon.colcon_core.environment:checking '/home/jn403l/Documents/ros2-odometry-control/install/bumperbot_cpp_examples/lib'
[1.422s] Level 1:colcon.colcon_core.environment:checking '/home/jn403l/Documents/ros2-odometry-control/install/bumperbot_cpp_examples/bin'
[1.422s] Level 1:colcon.colcon_core.environment:checking '/home/jn403l/Documents/ros2-odometry-control/install/bumperbot_cpp_examples/lib/pkgconfig/bumperbot_cpp_examples.pc'
[1.422s] Level 1:colcon.colcon_core.environment:checking '/home/jn403l/Documents/ros2-odometry-control/install/bumperbot_cpp_examples/lib/python3.12/site-packages'
[1.423s] Level 1:colcon.colcon_core.environment:checking '/home/jn403l/Documents/ros2-odometry-control/install/bumperbot_cpp_examples/bin'
[1.423s] INFO:colcon.colcon_core.shell:Creating package script '/home/jn403l/Documents/ros2-odometry-control/install/bumperbot_cpp_examples/share/bumperbot_cpp_examples/package.ps1'
[1.424s] INFO:colcon.colcon_core.shell:Creating package descriptor '/home/jn403l/Documents/ros2-odometry-control/install/bumperbot_cpp_examples/share/bumperbot_cpp_examples/package.dsv'
[1.426s] INFO:colcon.colcon_core.shell:Creating package script '/home/jn403l/Documents/ros2-odometry-control/install/bumperbot_cpp_examples/share/bumperbot_cpp_examples/package.sh'
[1.427s] INFO:colcon.colcon_core.shell:Creating package script '/home/jn403l/Documents/ros2-odometry-control/install/bumperbot_cpp_examples/share/bumperbot_cpp_examples/package.bash'
[1.428s] INFO:colcon.colcon_core.shell:Creating package script '/home/jn403l/Documents/ros2-odometry-control/install/bumperbot_cpp_examples/share/bumperbot_cpp_examples/package.zsh'
[1.431s] Level 1:colcon.colcon_core.environment:create_file_with_runtime_dependencies(/home/jn403l/Documents/ros2-odometry-control/install/bumperbot_cpp_examples/share/colcon-core/packages/bumperbot_cpp_examples)
[1.435s] Level 1:colcon.colcon_core.environment:create_environment_scripts_only(bumperbot_cpp_examples)
[1.435s] Level 1:colcon.colcon_core.environment:checking '/home/jn403l/Documents/ros2-odometry-control/install/bumperbot_cpp_examples' for CMake module files
[1.437s] Level 1:colcon.colcon_core.environment:checking '/home/jn403l/Documents/ros2-odometry-control/install/bumperbot_cpp_examples' for CMake config files
[1.438s] Level 1:colcon.colcon_core.shell:create_environment_hook('bumperbot_cpp_examples', 'cmake_prefix_path')
[1.439s] INFO:colcon.colcon_core.shell:Creating environment hook '/home/jn403l/Documents/ros2-odometry-control/install/bumperbot_cpp_examples/share/bumperbot_cpp_examples/hook/cmake_prefix_path.ps1'
[1.440s] INFO:colcon.colcon_core.shell:Creating environment descriptor '/home/jn403l/Documents/ros2-odometry-control/install/bumperbot_cpp_examples/share/bumperbot_cpp_examples/hook/cmake_prefix_path.dsv'
[1.441s] INFO:colcon.colcon_core.shell:Creating environment hook '/home/jn403l/Documents/ros2-odometry-control/install/bumperbot_cpp_examples/share/bumperbot_cpp_examples/hook/cmake_prefix_path.sh'
[1.444s] Level 1:colcon.colcon_core.environment:checking '/home/jn403l/Documents/ros2-odometry-control/install/bumperbot_cpp_examples/lib'
[1.444s] Level 1:colcon.colcon_core.environment:checking '/home/jn403l/Documents/ros2-odometry-control/install/bumperbot_cpp_examples/bin'
[1.444s] Level 1:colcon.colcon_core.environment:checking '/home/jn403l/Documents/ros2-odometry-control/install/bumperbot_cpp_examples/lib/pkgconfig/bumperbot_cpp_examples.pc'
[1.445s] Level 1:colcon.colcon_core.environment:checking '/home/jn403l/Documents/ros2-odometry-control/install/bumperbot_cpp_examples/lib/python3.12/site-packages'
[1.446s] Level 1:colcon.colcon_core.environment:checking '/home/jn403l/Documents/ros2-odometry-control/install/bumperbot_cpp_examples/bin'
[1.447s] INFO:colcon.colcon_core.shell:Creating package script '/home/jn403l/Documents/ros2-odometry-control/install/bumperbot_cpp_examples/share/bumperbot_cpp_examples/package.ps1'
[1.449s] INFO:colcon.colcon_core.shell:Creating package descriptor '/home/jn403l/Documents/ros2-odometry-control/install/bumperbot_cpp_examples/share/bumperbot_cpp_examples/package.dsv'
[1.451s] INFO:colcon.colcon_core.shell:Creating package script '/home/jn403l/Documents/ros2-odometry-control/install/bumperbot_cpp_examples/share/bumperbot_cpp_examples/package.sh'
[1.452s] INFO:colcon.colcon_core.shell:Creating package script '/home/jn403l/Documents/ros2-odometry-control/install/bumperbot_cpp_examples/share/bumperbot_cpp_examples/package.bash'
[1.453s] INFO:colcon.colcon_core.shell:Creating package script '/home/jn403l/Documents/ros2-odometry-control/install/bumperbot_cpp_examples/share/bumperbot_cpp_examples/package.zsh'
[1.454s] Level 1:colcon.colcon_core.environment:create_file_with_runtime_dependencies(/home/jn403l/Documents/ros2-odometry-control/install/bumperbot_cpp_examples/share/colcon-core/packages/bumperbot_cpp_examples)
[3.071s] DEBUG:colcon.colcon_core.event_handler.log_command:Invoking command in '/home/jn403l/Documents/ros2-odometry-control/src/bumperbot_py_examples': DEBUGINFOD_URLS=https://debuginfod.ubuntu.com PYTHONPATH=/home/jn403l/Documents/ros2-odometry-control/build/bumperbot_py_examples/prefix_override:/usr/lib/python3/dist-packages/colcon_core/task/python/colcon_distutils_commands:/home/jn403l/Documents/ros2-odometry-control/install/bumperbot_py_examples/lib/python3.12/site-packages:${PYTHONPATH} /usr/bin/python3 -W ignore:setup.py install is deprecated -W ignore:easy_install command is deprecated setup.py egg_info --egg-base ../../build/bumperbot_py_examples build --build-base /home/jn403l/Documents/ros2-odometry-control/build/bumperbot_py_examples/build install --record /home/jn403l/Documents/ros2-odometry-control/build/bumperbot_py_examples/install.log --single-version-externally-managed install_data
[4.001s] Level 1:colcon.colcon_core.environment:checking '/home/jn403l/Documents/ros2-odometry-control/install/bumperbot_py_examples' for CMake module files
[4.002s] DEBUG:colcon.colcon_core.event_handler.log_command:Invoked command in '/home/jn403l/Documents/ros2-odometry-control/src/bumperbot_py_examples' returned '0': DEBUGINFOD_URLS=https://debuginfod.ubuntu.com PYTHONPATH=/home/jn403l/Documents/ros2-odometry-control/build/bumperbot_py_examples/prefix_override:/usr/lib/python3/dist-packages/colcon_core/task/python/colcon_distutils_commands:/home/jn403l/Documents/ros2-odometry-control/install/bumperbot_py_examples/lib/python3.12/site-packages:${PYTHONPATH} /usr/bin/python3 -W ignore:setup.py install is deprecated -W ignore:easy_install command is deprecated setup.py egg_info --egg-base ../../build/bumperbot_py_examples build --build-base /home/jn403l/Documents/ros2-odometry-control/build/bumperbot_py_examples/build install --record /home/jn403l/Documents/ros2-odometry-control/build/bumperbot_py_examples/install.log --single-version-externally-managed install_data
[4.003s] Level 1:colcon.colcon_core.environment:checking '/home/jn403l/Documents/ros2-odometry-control/install/bumperbot_py_examples' for CMake config files
[4.004s] Level 1:colcon.colcon_core.environment:checking '/home/jn403l/Documents/ros2-odometry-control/install/bumperbot_py_examples/lib'
[4.004s] Level 1:colcon.colcon_core.environment:checking '/home/jn403l/Documents/ros2-odometry-control/install/bumperbot_py_examples/bin'
[4.004s] Level 1:colcon.colcon_core.environment:checking '/home/jn403l/Documents/ros2-odometry-control/install/bumperbot_py_examples/lib/pkgconfig/bumperbot_py_examples.pc'
[4.004s] Level 1:colcon.colcon_core.environment:checking '/home/jn403l/Documents/ros2-odometry-control/install/bumperbot_py_examples/lib/python3.12/site-packages'
[4.005s] Level 1:colcon.colcon_core.shell:create_environment_hook('bumperbot_py_examples', 'pythonpath')
[4.005s] INFO:colcon.colcon_core.shell:Creating environment hook '/home/jn403l/Documents/ros2-odometry-control/install/bumperbot_py_examples/share/bumperbot_py_examples/hook/pythonpath.ps1'
[4.005s] INFO:colcon.colcon_core.shell:Creating environment descriptor '/home/jn403l/Documents/ros2-odometry-control/install/bumperbot_py_examples/share/bumperbot_py_examples/hook/pythonpath.dsv'
[4.006s] INFO:colcon.colcon_core.shell:Creating environment hook '/home/jn403l/Documents/ros2-odometry-control/install/bumperbot_py_examples/share/bumperbot_py_examples/hook/pythonpath.sh'
[4.007s] Level 1:colcon.colcon_core.environment:checking '/home/jn403l/Documents/ros2-odometry-control/install/bumperbot_py_examples/bin'
[4.007s] Level 1:colcon.colcon_core.environment:create_environment_scripts_only(bumperbot_py_examples)
[4.008s] INFO:colcon.colcon_core.shell:Creating package script '/home/jn403l/Documents/ros2-odometry-control/install/bumperbot_py_examples/share/bumperbot_py_examples/package.ps1'
[4.009s] INFO:colcon.colcon_core.shell:Creating package descriptor '/home/jn403l/Documents/ros2-odometry-control/install/bumperbot_py_examples/share/bumperbot_py_examples/package.dsv'
[4.009s] INFO:colcon.colcon_core.shell:Creating package script '/home/jn403l/Documents/ros2-odometry-control/install/bumperbot_py_examples/share/bumperbot_py_examples/package.sh'
[4.010s] INFO:colcon.colcon_core.shell:Creating package script '/home/jn403l/Documents/ros2-odometry-control/install/bumperbot_py_examples/share/bumperbot_py_examples/package.bash'
[4.010s] INFO:colcon.colcon_core.shell:Creating package script '/home/jn403l/Documents/ros2-odometry-control/install/bumperbot_py_examples/share/bumperbot_py_examples/package.zsh'
[4.011s] Level 1:colcon.colcon_core.environment:create_file_with_runtime_dependencies(/home/jn403l/Documents/ros2-odometry-control/install/bumperbot_py_examples/share/colcon-core/packages/bumperbot_py_examples)
[4.011s] DEBUG:colcon.colcon_parallel_executor.executor.parallel:closing loop
[4.012s] DEBUG:colcon.colcon_parallel_executor.executor.parallel:loop closed
[4.012s] DEBUG:colcon.colcon_parallel_executor.executor.parallel:run_until_complete finished with '0'
[4.012s] DEBUG:colcon.colcon_core.event_reactor:joining thread
[4.031s] INFO:colcon.colcon_core.plugin_system:Skipping extension 'colcon_notification.desktop_notification.terminal_notifier': Not used on non-Darwin systems
[4.031s] INFO:colcon.colcon_core.plugin_system:Skipping extension 'colcon_notification.desktop_notification.win32': Not used on non-Windows systems
[4.032s] INFO:colcon.colcon_notification.desktop_notification:Sending desktop notification using 'notify2'
[4.065s] DEBUG:colcon.colcon_core.event_reactor:joined thread
[4.066s] INFO:colcon.colcon_core.shell:Creating prefix script '/home/jn403l/Documents/ros2-odometry-control/install/local_setup.ps1'
[4.068s] INFO:colcon.colcon_core.shell:Creating prefix util module '/home/jn403l/Documents/ros2-odometry-control/install/_local_setup_util_ps1.py'
[4.071s] INFO:colcon.colcon_core.shell:Creating prefix chain script '/home/jn403l/Documents/ros2-odometry-control/install/setup.ps1'
[4.075s] INFO:colcon.colcon_core.shell:Creating prefix script '/home/jn403l/Documents/ros2-odometry-control/install/local_setup.sh'
[4.076s] INFO:colcon.colcon_core.shell:Creating prefix util module '/home/jn403l/Documents/ros2-odometry-control/install/_local_setup_util_sh.py'
[4.078s] INFO:colcon.colcon_core.shell:Creating prefix chain script '/home/jn403l/Documents/ros2-odometry-control/install/setup.sh'
[4.080s] INFO:colcon.colcon_core.shell:Creating prefix script '/home/jn403l/Documents/ros2-odometry-control/install/local_setup.bash'
[4.082s] INFO:colcon.colcon_core.shell:Creating prefix chain script '/home/jn403l/Documents/ros2-odometry-control/install/setup.bash'
[4.087s] INFO:colcon.colcon_core.shell:Creating prefix script '/home/jn403l/Documents/ros2-odometry-control/install/local_setup.zsh'
[4.093s] INFO:colcon.colcon_core.shell:Creating prefix chain script '/home/jn403l/Documents/ros2-odometry-control/install/setup.zsh'
