[0.048s] Invoking command in '/home/jn403l/Documents/ros2-odometry-control/build/bumperbot_cpp_examples': CMAKE_PREFIX_PATH=${CMAKE_PREFIX_PATH}:/opt/ros/jazzy DEBUGINFOD_URLS=https://debuginfod.ubuntu.com /usr/bin/cmake /home/jn403l/Documents/ros2-odometry-control/src/bumperbot_cpp_examples -DCMAKE_INSTALL_PREFIX=/home/jn403l/Documents/ros2-odometry-control/install/bumperbot_cpp_examples
[0.364s] -- The CXX compiler identification is GNU 13.3.0
[0.415s] -- Detecting CXX compiler ABI info
[0.704s] -- Detecting CXX compiler ABI info - done
[0.745s] -- Check for working CXX compiler: /usr/bin/c++ - skipped
[0.747s] -- Detecting CXX compile features
[0.748s] -- Detecting CXX compile features - done
[0.773s] -- Found ament_cmake: 2.5.4 (/opt/ros/jazzy/share/ament_cmake/cmake)
[1.234s] -- Found Python3: /usr/bin/python3 (found version "3.12.3") found components: Interpreter 
[1.613s] -- Found rclcpp: 28.1.12 (/opt/ros/jazzy/share/rclcpp/cmake)
[1.805s] -- Found rosidl_generator_c: 4.6.6 (/opt/ros/jazzy/share/rosidl_generator_c/cmake)
[1.867s] -- Found rosidl_generator_cpp: 4.6.6 (/opt/ros/jazzy/share/rosidl_generator_cpp/cmake)
[1.941s] -- Using all available rosidl_typesupport_c: rosidl_typesupport_fastrtps_c;rosidl_typesupport_introspection_c
[2.006s] -- Using all available rosidl_typesupport_cpp: rosidl_typesupport_fastrtps_cpp;rosidl_typesupport_introspection_cpp
[2.342s] -- Found rmw_implementation_cmake: 7.3.2 (/opt/ros/jazzy/share/rmw_implementation_cmake/cmake)
[2.358s] -- Found rmw_fastrtps_cpp: 8.4.3 (/opt/ros/jazzy/share/rmw_fastrtps_cpp/cmake)
[2.688s] -- Found OpenSSL: /usr/lib/x86_64-linux-gnu/libcrypto.so (found version "3.0.13")  
[2.754s] -- Found FastRTPS: /opt/ros/jazzy/include (Required is at least version "2.13") 
[2.803s] -- Using RMW implementation 'rmw_fastrtps_cpp' as default
[3.034s] -- Found std_msgs: 5.3.6 (/opt/ros/jazzy/share/std_msgs/cmake)
[3.080s] -- Found ament_lint_auto: 0.17.3 (/opt/ros/jazzy/share/ament_lint_auto/cmake)
[3.294s] -- Added test 'cppcheck' to perform static code analysis on C / C++ code
[3.295s] -- Configured cppcheck include dirs: 
[3.295s] -- Configured cppcheck exclude dirs and/or files: 
[3.297s] -- Added test 'lint_cmake' to check CMake code style
[3.300s] -- Added test 'uncrustify' to check C / C++ code style
[3.300s] -- Configured uncrustify additional arguments: 
[3.301s] -- Added test 'xmllint' to check XML markup files
[3.304s] -- Configuring done (3.2s)
[3.348s] -- Generating done (0.0s)
[3.359s] -- Build files have been written to: /home/jn403l/Documents/ros2-odometry-control/build/bumperbot_cpp_examples
[3.376s] Invoked command in '/home/jn403l/Documents/ros2-odometry-control/build/bumperbot_cpp_examples' returned '0': CMAKE_PREFIX_PATH=${CMAKE_PREFIX_PATH}:/opt/ros/jazzy DEBUGINFOD_URLS=https://debuginfod.ubuntu.com /usr/bin/cmake /home/jn403l/Documents/ros2-odometry-control/src/bumperbot_cpp_examples -DCMAKE_INSTALL_PREFIX=/home/jn403l/Documents/ros2-odometry-control/install/bumperbot_cpp_examples
[3.379s] Invoking command in '/home/jn403l/Documents/ros2-odometry-control/build/bumperbot_cpp_examples': CMAKE_PREFIX_PATH=${CMAKE_PREFIX_PATH}:/opt/ros/jazzy DEBUGINFOD_URLS=https://debuginfod.ubuntu.com /usr/bin/cmake --build /home/jn403l/Documents/ros2-odometry-control/build/bumperbot_cpp_examples -- -j4 -l4
[3.539s] [ 16%] [32mBuilding CXX object CMakeFiles/simple_publisher.dir/src/simple_publisher.cpp.o[0m
[3.540s] [ 33%] [32mBuilding CXX object CMakeFiles/simple_parameter.dir/src/simple_parameter.cpp.o[0m
[3.561s] [ 50%] [32mBuilding CXX object CMakeFiles/simple_subscriber.dir/src/simple_subscriber.cpp.o[0m
[16.764s] [ 66%] [32m[1mLinking CXX executable simple_parameter[0m
[17.216s] [ 66%] Built target simple_parameter
[19.917s] [ 83%] [32m[1mLinking CXX executable simple_publisher[0m
[20.381s] [ 83%] Built target simple_publisher
[24.830s] [100%] [32m[1mLinking CXX executable simple_subscriber[0m
[25.481s] [100%] Built target simple_subscriber
[25.499s] Invoked command in '/home/jn403l/Documents/ros2-odometry-control/build/bumperbot_cpp_examples' returned '0': CMAKE_PREFIX_PATH=${CMAKE_PREFIX_PATH}:/opt/ros/jazzy DEBUGINFOD_URLS=https://debuginfod.ubuntu.com /usr/bin/cmake --build /home/jn403l/Documents/ros2-odometry-control/build/bumperbot_cpp_examples -- -j4 -l4
[25.501s] Invoking command in '/home/jn403l/Documents/ros2-odometry-control/build/bumperbot_cpp_examples': CMAKE_PREFIX_PATH=${CMAKE_PREFIX_PATH}:/opt/ros/jazzy DEBUGINFOD_URLS=https://debuginfod.ubuntu.com /usr/bin/cmake --install /home/jn403l/Documents/ros2-odometry-control/build/bumperbot_cpp_examples
[25.514s] -- Install configuration: "Debug"
[25.514s] -- Installing: /home/jn403l/Documents/ros2-odometry-control/install/bumperbot_cpp_examples/lib/bumperbot_cpp_examples/simple_publisher
[25.521s] -- Set non-toolchain portion of runtime path of "/home/jn403l/Documents/ros2-odometry-control/install/bumperbot_cpp_examples/lib/bumperbot_cpp_examples/simple_publisher" to ""
[25.522s] -- Installing: /home/jn403l/Documents/ros2-odometry-control/install/bumperbot_cpp_examples/lib/bumperbot_cpp_examples/simple_subscriber
[25.543s] -- Set non-toolchain portion of runtime path of "/home/jn403l/Documents/ros2-odometry-control/install/bumperbot_cpp_examples/lib/bumperbot_cpp_examples/simple_subscriber" to ""
[25.544s] -- Installing: /home/jn403l/Documents/ros2-odometry-control/install/bumperbot_cpp_examples/lib/bumperbot_cpp_examples/simple_parameter
[25.546s] -- Set non-toolchain portion of runtime path of "/home/jn403l/Documents/ros2-odometry-control/install/bumperbot_cpp_examples/lib/bumperbot_cpp_examples/simple_parameter" to ""
[25.547s] -- Installing: /home/jn403l/Documents/ros2-odometry-control/install/bumperbot_cpp_examples/share/ament_index/resource_index/package_run_dependencies/bumperbot_cpp_examples
[25.547s] -- Installing: /home/jn403l/Documents/ros2-odometry-control/install/bumperbot_cpp_examples/share/ament_index/resource_index/parent_prefix_path/bumperbot_cpp_examples
[25.548s] -- Installing: /home/jn403l/Documents/ros2-odometry-control/install/bumperbot_cpp_examples/share/bumperbot_cpp_examples/environment/ament_prefix_path.sh
[25.548s] -- Installing: /home/jn403l/Documents/ros2-odometry-control/install/bumperbot_cpp_examples/share/bumperbot_cpp_examples/environment/ament_prefix_path.dsv
[25.549s] -- Installing: /home/jn403l/Documents/ros2-odometry-control/install/bumperbot_cpp_examples/share/bumperbot_cpp_examples/environment/path.sh
[25.549s] -- Installing: /home/jn403l/Documents/ros2-odometry-control/install/bumperbot_cpp_examples/share/bumperbot_cpp_examples/environment/path.dsv
[25.549s] -- Installing: /home/jn403l/Documents/ros2-odometry-control/install/bumperbot_cpp_examples/share/bumperbot_cpp_examples/local_setup.bash
[25.550s] -- Installing: /home/jn403l/Documents/ros2-odometry-control/install/bumperbot_cpp_examples/share/bumperbot_cpp_examples/local_setup.sh
[25.550s] -- Installing: /home/jn403l/Documents/ros2-odometry-control/install/bumperbot_cpp_examples/share/bumperbot_cpp_examples/local_setup.zsh
[25.551s] -- Installing: /home/jn403l/Documents/ros2-odometry-control/install/bumperbot_cpp_examples/share/bumperbot_cpp_examples/local_setup.dsv
[25.551s] -- Installing: /home/jn403l/Documents/ros2-odometry-control/install/bumperbot_cpp_examples/share/bumperbot_cpp_examples/package.dsv
[25.551s] -- Installing: /home/jn403l/Documents/ros2-odometry-control/install/bumperbot_cpp_examples/share/ament_index/resource_index/packages/bumperbot_cpp_examples
[25.552s] -- Installing: /home/jn403l/Documents/ros2-odometry-control/install/bumperbot_cpp_examples/share/bumperbot_cpp_examples/cmake/bumperbot_cpp_examplesConfig.cmake
[25.552s] -- Installing: /home/jn403l/Documents/ros2-odometry-control/install/bumperbot_cpp_examples/share/bumperbot_cpp_examples/cmake/bumperbot_cpp_examplesConfig-version.cmake
[25.552s] -- Installing: /home/jn403l/Documents/ros2-odometry-control/install/bumperbot_cpp_examples/share/bumperbot_cpp_examples/package.xml
[25.557s] Invoked command in '/home/jn403l/Documents/ros2-odometry-control/build/bumperbot_cpp_examples' returned '0': CMAKE_PREFIX_PATH=${CMAKE_PREFIX_PATH}:/opt/ros/jazzy DEBUGINFOD_URLS=https://debuginfod.ubuntu.com /usr/bin/cmake --install /home/jn403l/Documents/ros2-odometry-control/build/bumperbot_cpp_examples
